This file contains any messages produced by compilers while
running configure, to aid debugging if configure makes a mistake.

It was created by TeX Live configure 2010-07-20, which was
generated by GNU Autoconf 2.65.  Invocation command line was

  $ /home/dmonad/git/_test2/src/binary/pdftex-1.40.11/src/configure --enable-native-texlive-build --enable-cxx-runtime-hack --disable-shared --disable-largefile --without-x --disable-all-pkgs --disable-ptex --enable-pdftex --without-system-freetype --without-system-freetype2 --without-system-gd --without-system-graphite --without-system-icu --without-system-kpathsea --without-system-libpng --without-system-ptexenc --without-system-t1lib --without-system-teckit --without-system-xpdf --without-system-zlib -C --disable-all-pkgs --enable-pdftex --enable-static

## --------- ##
## Platform. ##
## --------- ##

hostname = Jahns-Ubuntu
uname -m = x86_64
uname -r = 4.4.0-57-generic
uname -s = Linux
uname -v = #78-Ubuntu SMP Fri Dec 9 23:50:32 UTC 2016

/usr/bin/uname -p = unknown
/bin/uname -X     = unknown

/bin/arch              = unknown
/usr/bin/arch -k       = unknown
/usr/convex/getsysinfo = unknown
/usr/bin/hostinfo      = unknown
/bin/machine           = unknown
/usr/bin/oslevel       = unknown
/bin/universe          = unknown

PATH: /home/dmonad/utils/emsdk_portable
PATH: /home/dmonad/utils/emsdk_portable/clang/fastcomp/build_master_64/bin
PATH: /home/dmonad/utils/emsdk_portable/node/4.1.1_64bit/bin
PATH: /home/dmonad/utils/emsdk_portable/emscripten/master
PATH: /usr/local/sbin
PATH: /usr/local/bin
PATH: /usr/sbin
PATH: /usr/bin
PATH: /sbin
PATH: /bin
PATH: /usr/games
PATH: /usr/local/games
PATH: /snap/bin


## ----------- ##
## Core tests. ##
## ----------- ##

configure:2823: creating cache config.cache
configure:2932: checking build system type
configure:2946: result: x86_64-unknown-linux-gnu
configure:2966: checking host system type
configure:2979: result: x86_64-unknown-linux-gnu
configure:3047: checking for gcc
configure:3063: found /usr/bin/gcc
configure:3074: result: gcc
configure:3303: checking for C compiler version
configure:3312: gcc --version >&5
gcc (Ubuntu 5.4.0-6ubuntu1~16.04.4) 5.4.0 20160609
Copyright (C) 2015 Free Software Foundation, Inc.
This is free software; see the source for copying conditions.  There is NO
warranty; not even for MERCHANTABILITY or FITNESS FOR A PARTICULAR PURPOSE.

configure:3323: $? = 0
configure:3312: gcc -v >&5
Using built-in specs.
COLLECT_GCC=gcc
COLLECT_LTO_WRAPPER=/usr/lib/gcc/x86_64-linux-gnu/5/lto-wrapper
Target: x86_64-linux-gnu
Configured with: ../src/configure -v --with-pkgversion='Ubuntu 5.4.0-6ubuntu1~16.04.4' --with-bugurl=file:///usr/share/doc/gcc-5/README.Bugs --enable-languages=c,ada,c++,java,go,d,fortran,objc,obj-c++ --prefix=/usr --program-suffix=-5 --enable-shared --enable-linker-build-id --libexecdir=/usr/lib --without-included-gettext --enable-threads=posix --libdir=/usr/lib --enable-nls --with-sysroot=/ --enable-clocale=gnu --enable-libstdcxx-debug --enable-libstdcxx-time=yes --with-default-libstdcxx-abi=new --enable-gnu-unique-object --disable-vtable-verify --enable-libmpx --enable-plugin --with-system-zlib --disable-browser-plugin --enable-java-awt=gtk --enable-gtk-cairo --with-java-home=/usr/lib/jvm/java-1.5.0-gcj-5-amd64/jre --enable-java-home --with-jvm-root-dir=/usr/lib/jvm/java-1.5.0-gcj-5-amd64 --with-jvm-jar-dir=/usr/lib/jvm-exports/java-1.5.0-gcj-5-amd64 --with-arch-directory=amd64 --with-ecj-jar=/usr/share/java/eclipse-ecj.jar --enable-objc-gc --enable-multiarch --disable-werror --with-arch-32=i686 --with-abi=m64 --with-multilib-list=m32,m64,mx32 --enable-multilib --with-tune=generic --enable-checking=release --build=x86_64-linux-gnu --host=x86_64-linux-gnu --target=x86_64-linux-gnu
Thread model: posix
gcc version 5.4.0 20160609 (Ubuntu 5.4.0-6ubuntu1~16.04.4) 
configure:3323: $? = 0
configure:3312: gcc -V >&5
gcc: error: unrecognized command line option '-V'
gcc: fatal error: no input files
compilation terminated.
configure:3323: $? = 1
configure:3312: gcc -qversion >&5
gcc: error: unrecognized command line option '-qversion'
gcc: fatal error: no input files
compilation terminated.
configure:3323: $? = 1
configure:3343: checking whether the C compiler works
configure:3365: gcc    conftest.c  >&5
configure:3369: $? = 0
configure:3418: result: yes
configure:3421: checking for C compiler default output file name
configure:3423: result: a.out
configure:3429: checking for suffix of executables
configure:3436: gcc -o conftest    conftest.c  >&5
configure:3440: $? = 0
configure:3462: result: 
configure:3484: checking whether we are cross compiling
configure:3492: gcc -o conftest    conftest.c  >&5
configure:3496: $? = 0
configure:3503: ./conftest
configure:3507: $? = 0
configure:3522: result: no
configure:3527: checking for suffix of object files
configure:3549: gcc -c   conftest.c >&5
configure:3553: $? = 0
configure:3574: result: o
configure:3578: checking whether we are using the GNU C compiler
configure:3597: gcc -c   conftest.c >&5
configure:3597: $? = 0
configure:3606: result: yes
configure:3615: checking whether gcc accepts -g
configure:3635: gcc -c -g  conftest.c >&5
configure:3635: $? = 0
configure:3676: result: yes
configure:3693: checking for gcc option to accept ISO C89
configure:3757: gcc  -c -g -O2  conftest.c >&5
configure:3757: $? = 0
configure:3770: result: none needed
configure:3883: checking for native WIN32 or MINGW32
configure:3901: gcc -c -g -O2  conftest.c >&5
conftest.c:10:3: error: unknown type name 'choke'
   choke me
   ^
conftest.c:12:1: error: expected '=', ',', ';', 'asm' or '__attribute__' before 'int'
 int
 ^
configure:3901: $? = 1
configure: failed program was:
| /* confdefs.h */
| #define PACKAGE_NAME "TeX Live"
| #define PACKAGE_TARNAME "tex-live"
| #define PACKAGE_VERSION "2010-07-20"
| #define PACKAGE_STRING "TeX Live 2010-07-20"
| #define PACKAGE_BUGREPORT "tex-k@tug.org"
| #define PACKAGE_URL ""
| /* end confdefs.h.  */
| #ifndef WIN32
|   choke me
| #endif
| int
| main ()
| {
| 
|   ;
|   return 0;
| }
configure:3926: result: no
configure:3957: Assuming `--enable-chktex=no'
configure:3976: Assuming `--enable-dialog=no'
configure:3995: Assuming `--enable-ps2eps=no'
configure:4014: Assuming `--enable-psutils=no'
configure:4033: Assuming `--enable-t1utils=no'
configure:4052: Assuming `--enable-tpic2pdftex=no'
configure:4071: Assuming `--enable-vlna=no'
configure:4099: Assuming `--enable-xindy=no'
configure:4141: Assuming `--with-clisp-runtime=default'
configure:4160: `--without-x' -> `--disable-xpdfopen'
configure:4196: Assuming `--enable-web2c=no'
configure:4402: Assuming `--enable-afm2pl=no'
configure:4425: Assuming `--enable-bibtex8=no'
configure:4448: Assuming `--enable-bibtexu=no'
configure:4472: Assuming `--enable-cjkutils=no'
configure:4495: Assuming `--enable-detex=no'
configure:4518: Assuming `--enable-devnag=no'
configure:4537: Assuming `--enable-dtl=no'
configure:4560: Assuming `--enable-dvi2tty=no'
configure:4583: Assuming `--enable-dvidvi=no'
configure:4606: Assuming `--enable-dviljk=no'
configure:4629: Assuming `--enable-dvipdfmx=no'
configure:4653: Assuming `--enable-dvipng=no'
configure:4698: Assuming `--enable-dvipos=no'
configure:4721: Assuming `--enable-dvipsk=no'
configure:4744: Assuming `--enable-dvisvgm=no'
configure:4796: Assuming `--enable-gsftopk=no'
configure:4819: Assuming `--enable-lacheck=no'
configure:4838: Assuming `--enable-lcdf-typetools=no'
configure:4926: Assuming `--enable-makeindexk=no'
configure:4949: Assuming `--enable-makejvf=no'
configure:4972: Assuming `--enable-mendexk=no'
configure:4995: Assuming `--enable-musixflx=no'
configure:5014: Assuming `--enable-ps2pkm=no'
configure:5037: Assuming `--enable-seetexk=no'
configure:5060: Assuming `--enable-tex4htk=no'
configure:5083: Assuming `--enable-ttf2pk=no'
configure:5107: Assuming `--enable-ttfdump=no'
configure:5126: Assuming `--enable-xdv2pdf=no'
configure:5146: `--without-x' -> `--disable-xdvik'
configure:5195: Assuming `--enable-xdvipdfmx=no'
configure:5220: Assuming `--enable-tetex=no'
configure:5239: Assuming `--enable-texlive=no'
configure:5269: Using `icu' headers and library from TL tree
configure:5310: Using `teckit' headers and library from TL tree
configure:5363: Using `graphite' headers and library from TL tree
configure:5381: Assuming `zziplib' headers and library from TL tree
configure:5439: Using `xpdf' headers and library from TL tree
configure:5480: Using `gd' headers and library from TL tree
configure:5534: Using `freetype2' headers and library from TL tree
configure:5589: Using `freetype' headers and library from TL tree
configure:5630: Using `t1lib' headers and library from TL tree
configure:5675: Using `libpng' headers and library from TL tree
configure:5730: Using `zlib' headers and library from TL tree
configure:5772: Using `ptexenc' headers and library from TL tree
configure:5827: Using `kpathsea' headers and library from TL tree
configure:5929: checking for a BSD-compatible install
configure:5997: result: /usr/bin/install -c
configure:6008: checking whether build environment is sane
configure:6058: result: yes
configure:6199: checking for a thread-safe mkdir -p
configure:6238: result: /bin/mkdir -p
configure:6251: checking for gawk
configure:6267: found /usr/bin/gawk
configure:6278: result: gawk
configure:6289: checking whether make sets $(MAKE)
configure:6311: result: yes
configure:6341: checking for style of include used by make
configure:6369: result: GNU
configure:6416: checking for a sed that does not truncate output
configure:6480: result: /bin/sed
configure:6498: checking for grep that handles long lines and -e
configure:6556: result: /bin/grep
configure:6561: checking for egrep
configure:6623: result: /bin/grep -E
configure:6628: checking for fgrep
configure:6690: result: /bin/grep -F
configure:6725: checking for ld used by gcc
configure:6792: result: /usr/bin/ld
configure:6799: checking if the linker (/usr/bin/ld) is GNU ld
configure:6814: result: yes
configure:6826: checking for BSD- or MS-compatible name lister (nm)
configure:6875: result: /usr/bin/nm -B
configure:6993: checking the name lister (/usr/bin/nm -B) interface
configure:7000: gcc -c -g -O2  conftest.c >&5
configure:7003: /usr/bin/nm -B "conftest.o"
configure:7006: output
0000000000000000 B some_variable
configure:7013: result: BSD nm
configure:7016: checking whether ln -s works
configure:7020: result: yes
configure:7028: checking the maximum length of command line arguments
configure:7148: result: 1572864
configure:7165: checking whether the shell understands some XSI constructs
configure:7175: result: yes
configure:7179: checking whether the shell understands "+="
configure:7185: result: yes
configure:7220: checking for /usr/bin/ld option to reload object files
configure:7227: result: -r
configure:7296: checking for objdump
configure:7312: found /usr/bin/objdump
configure:7323: result: objdump
configure:7352: checking how to recognize dependent libraries
configure:7548: result: pass_all
configure:7608: checking for ar
configure:7624: found /usr/bin/ar
configure:7635: result: ar
configure:7713: checking for strip
configure:7729: found /usr/bin/strip
configure:7740: result: strip
configure:7812: checking for ranlib
configure:7828: found /usr/bin/ranlib
configure:7839: result: ranlib
configure:7929: checking command to parse /usr/bin/nm -B output from gcc object
configure:8047: gcc -c -g -O2  conftest.c >&5
configure:8050: $? = 0
configure:8054: /usr/bin/nm -B conftest.o \| sed -n -e 's/^.*[	 ]\([ABCDGIRSTW][ABCDGIRSTW]*\)[	 ][	 ]*\([_A-Za-z][_A-Za-z0-9]*\)$/\1 \2 \2/p' \> conftest.nm
configure:8057: $? = 0
configure:8111: gcc -o conftest -g -O2   conftest.c conftstm.o >&5
configure:8114: $? = 0
configure:8152: result: ok
configure:8247: gcc -c -g -O2  conftest.c >&5
configure:8250: $? = 0
configure:8960: checking how to run the C preprocessor
configure:8991: gcc -E  conftest.c
configure:8991: $? = 0
configure:9005: gcc -E  conftest.c
conftest.c:9:28: fatal error: ac_nonexistent.h: No such file or directory
compilation terminated.
configure:9005: $? = 1
configure: failed program was:
| /* confdefs.h */
| #define PACKAGE_NAME "TeX Live"
| #define PACKAGE_TARNAME "tex-live"
| #define PACKAGE_VERSION "2010-07-20"
| #define PACKAGE_STRING "TeX Live 2010-07-20"
| #define PACKAGE_BUGREPORT "tex-k@tug.org"
| #define PACKAGE_URL ""
| /* end confdefs.h.  */
| #include <ac_nonexistent.h>
configure:9030: result: gcc -E
configure:9050: gcc -E  conftest.c
configure:9050: $? = 0
configure:9064: gcc -E  conftest.c
conftest.c:9:28: fatal error: ac_nonexistent.h: No such file or directory
compilation terminated.
configure:9064: $? = 1
configure: failed program was:
| /* confdefs.h */
| #define PACKAGE_NAME "TeX Live"
| #define PACKAGE_TARNAME "tex-live"
| #define PACKAGE_VERSION "2010-07-20"
| #define PACKAGE_STRING "TeX Live 2010-07-20"
| #define PACKAGE_BUGREPORT "tex-k@tug.org"
| #define PACKAGE_URL ""
| /* end confdefs.h.  */
| #include <ac_nonexistent.h>
configure:9093: checking for ANSI C header files
configure:9113: gcc -c -g -O2  conftest.c >&5
configure:9113: $? = 0
configure:9186: gcc -o conftest -g -O2   conftest.c  >&5
configure:9186: $? = 0
configure:9186: ./conftest
configure:9186: $? = 0
configure:9197: result: yes
configure:9210: checking for sys/types.h
configure:9210: gcc -c -g -O2  conftest.c >&5
configure:9210: $? = 0
configure:9210: result: yes
configure:9210: checking for sys/stat.h
configure:9210: gcc -c -g -O2  conftest.c >&5
configure:9210: $? = 0
configure:9210: result: yes
configure:9210: checking for stdlib.h
configure:9210: gcc -c -g -O2  conftest.c >&5
configure:9210: $? = 0
configure:9210: result: yes
configure:9210: checking for string.h
configure:9210: gcc -c -g -O2  conftest.c >&5
configure:9210: $? = 0
configure:9210: result: yes
configure:9210: checking for memory.h
configure:9210: gcc -c -g -O2  conftest.c >&5
configure:9210: $? = 0
configure:9210: result: yes
configure:9210: checking for strings.h
configure:9210: gcc -c -g -O2  conftest.c >&5
configure:9210: $? = 0
configure:9210: result: yes
configure:9210: checking for inttypes.h
configure:9210: gcc -c -g -O2  conftest.c >&5
configure:9210: $? = 0
configure:9210: result: yes
configure:9210: checking for stdint.h
configure:9210: gcc -c -g -O2  conftest.c >&5
configure:9210: $? = 0
configure:9210: result: yes
configure:9210: checking for unistd.h
configure:9210: gcc -c -g -O2  conftest.c >&5
configure:9210: $? = 0
configure:9210: result: yes
configure:9225: checking for dlfcn.h
configure:9225: gcc -c -g -O2  conftest.c >&5
configure:9225: $? = 0
configure:9225: result: yes
configure:9315: checking dependency style of gcc
configure:9425: result: gcc3
configure:9442: checking whether to enable maintainer-specific portions of Makefiles
configure:9451: result: no
configure:9936: checking for objdir
configure:9951: result: .libs
configure:10247: checking if gcc supports -fno-rtti -fno-exceptions
configure:10265: gcc -c -g -O2  -fno-rtti -fno-exceptions conftest.c >&5
cc1: warning: command line option '-fno-rtti' is valid for C++/ObjC++ but not for C
configure:10269: $? = 0
configure:10282: result: no
configure:10302: checking for gcc option to produce PIC
configure:10574: result: -fPIC -DPIC
configure:10586: checking if gcc PIC flag -fPIC -DPIC works
configure:10604: gcc -c -g -O2  -fPIC -DPIC -DPIC conftest.c >&5
configure:10608: $? = 0
configure:10621: result: yes
configure:10645: checking if gcc static flag -static works
configure:10673: result: yes
configure:10688: checking if gcc supports -c -o file.o
configure:10709: gcc -c -g -O2  -o out/conftest2.o conftest.c >&5
configure:10713: $? = 0
configure:10735: result: yes
configure:10743: checking if gcc supports -c -o file.o
configure:10790: result: yes
configure:10823: checking whether the gcc linker (/usr/bin/ld -m elf_x86_64) supports shared libraries
configure:11809: result: yes
configure:12048: checking dynamic linker characteristics
configure:12481: gcc -o conftest -g -O2   -Wl,-rpath -Wl,/foo conftest.c  >&5
configure:12481: $? = 0
configure:12699: result: GNU/Linux ld.so
configure:12801: checking how to hardcode library paths into programs
configure:12826: result: immediate
configure:13346: checking whether stripping libraries is possible
configure:13351: result: yes
configure:13386: checking if libtool supports shared libraries
configure:13388: result: yes
configure:13391: checking whether to build shared libraries
configure:13412: result: no
configure:13415: checking whether to build static libraries
configure:13419: result: yes
configure:13652: checking for _LARGEFILE_SOURCE value needed for large files
configure:13671: gcc -o conftest -g -O2   conftest.c  >&5
configure:13671: $? = 0
configure:13699: result: no
configure:13723: checking for dirent.h that defines DIR
configure:13742: gcc -c -g -O2  conftest.c >&5
configure:13742: $? = 0
configure:13750: result: yes
configure:13764: checking for library containing opendir
configure:13795: gcc -o conftest -g -O2   conftest.c  >&5
configure:13795: $? = 0
configure:13812: result: none required
configure:13879: checking for ANSI C header files
configure:13983: result: yes
configure:13991: checking whether closedir returns void
configure:14015: gcc -o conftest -g -O2   conftest.c  >&5
configure:14015: $? = 0
configure:14015: ./conftest
configure:14015: $? = 0
configure:14025: result: no
configure:14037: checking assert.h usability
configure:14037: gcc -c -g -O2  conftest.c >&5
configure:14037: $? = 0
configure:14037: result: yes
configure:14037: checking assert.h presence
configure:14037: gcc -E  conftest.c
configure:14037: $? = 0
configure:14037: result: yes
configure:14037: checking for assert.h
configure:14037: result: yes
configure:14037: checking float.h usability
configure:14037: gcc -c -g -O2  conftest.c >&5
configure:14037: $? = 0
configure:14037: result: yes
configure:14037: checking float.h presence
configure:14037: gcc -E  conftest.c
configure:14037: $? = 0
configure:14037: result: yes
configure:14037: checking for float.h
configure:14037: result: yes
configure:14037: checking limits.h usability
configure:14037: gcc -c -g -O2  conftest.c >&5
configure:14037: $? = 0
configure:14037: result: yes
configure:14037: checking limits.h presence
configure:14037: gcc -E  conftest.c
configure:14037: $? = 0
configure:14037: result: yes
configure:14037: checking for limits.h
configure:14037: result: yes
configure:14037: checking for memory.h
configure:14037: result: yes
configure:14037: checking pwd.h usability
configure:14037: gcc -c -g -O2  conftest.c >&5
configure:14037: $? = 0
configure:14037: result: yes
configure:14037: checking pwd.h presence
configure:14037: gcc -E  conftest.c
configure:14037: $? = 0
configure:14037: result: yes
configure:14037: checking for pwd.h
configure:14037: result: yes
configure:14037: checking for stdlib.h
configure:14037: result: yes
configure:14037: checking for string.h
configure:14037: result: yes
configure:14037: checking for strings.h
configure:14037: result: yes
configure:14037: checking sys/param.h usability
configure:14037: gcc -c -g -O2  conftest.c >&5
configure:14037: $? = 0
configure:14037: result: yes
configure:14037: checking sys/param.h presence
configure:14037: gcc -E  conftest.c
configure:14037: $? = 0
configure:14037: result: yes
configure:14037: checking for sys/param.h
configure:14037: result: yes
configure:14037: checking for unistd.h
configure:14037: result: yes
configure:14051: checking for putenv
configure:14051: gcc -o conftest -g -O2   conftest.c  >&5
configure:14051: $? = 0
configure:14051: result: yes
configure:14051: checking for strcasecmp
configure:14051: gcc -o conftest -g -O2   conftest.c  >&5
conftest.c:60:6: warning: conflicting types for built-in function 'strcasecmp'
 char strcasecmp ();
      ^
configure:14051: $? = 0
configure:14051: result: yes
configure:14051: checking for strtol
configure:14051: gcc -o conftest -g -O2   conftest.c  >&5
configure:14051: $? = 0
configure:14051: result: yes
configure:14051: checking for strstr
configure:14051: gcc -o conftest -g -O2   conftest.c  >&5
conftest.c:62:6: warning: conflicting types for built-in function 'strstr'
 char strstr ();
      ^
configure:14051: $? = 0
configure:14051: result: yes
configure:14064: checking for bcmp
configure:14064: gcc -o conftest -g -O2   conftest.c  >&5
conftest.c:63:6: warning: conflicting types for built-in function 'bcmp'
 char bcmp ();
      ^
configure:14064: $? = 0
configure:14064: result: yes
configure:14064: checking for bcopy
configure:14064: gcc -o conftest -g -O2   conftest.c  >&5
conftest.c:64:6: warning: conflicting types for built-in function 'bcopy'
 char bcopy ();
      ^
configure:14064: $? = 0
configure:14064: result: yes
configure:14064: checking for bzero
configure:14064: gcc -o conftest -g -O2   conftest.c  >&5
conftest.c:65:6: warning: conflicting types for built-in function 'bzero'
 char bzero ();
      ^
configure:14064: $? = 0
configure:14064: result: yes
configure:14064: checking for getcwd
configure:14064: gcc -o conftest -g -O2   conftest.c  >&5
configure:14064: $? = 0
configure:14064: result: yes
configure:14064: checking for getwd
configure:14064: gcc -o conftest -g -O2   conftest.c  >&5
/tmp/ccM4cn4p.o: In function `main':
/home/dmonad/git/_test2/src/binary/pdftex-1.40.11/build-pdftex/conftest.c:78: warning: the `getwd' function is dangerous and should not be used.
configure:14064: $? = 0
configure:14064: result: yes
configure:14064: checking for index
configure:14064: gcc -o conftest -g -O2   conftest.c  >&5
conftest.c:68:6: warning: conflicting types for built-in function 'index'
 char index ();
      ^
configure:14064: $? = 0
configure:14064: result: yes
configure:14064: checking for memcmp
configure:14064: gcc -o conftest -g -O2   conftest.c  >&5
conftest.c:69:6: warning: conflicting types for built-in function 'memcmp'
 char memcmp ();
      ^
configure:14064: $? = 0
configure:14064: result: yes
configure:14064: checking for memcpy
configure:14064: gcc -o conftest -g -O2   conftest.c  >&5
conftest.c:70:6: warning: conflicting types for built-in function 'memcpy'
 char memcpy ();
      ^
configure:14064: $? = 0
configure:14064: result: yes
configure:14064: checking for mkstemp
configure:14064: gcc -o conftest -g -O2   conftest.c  >&5
configure:14064: $? = 0
configure:14064: result: yes
configure:14064: checking for mktemp
configure:14064: gcc -o conftest -g -O2   conftest.c  >&5
/tmp/ccNkJJME.o: In function `main':
/home/dmonad/git/_test2/src/binary/pdftex-1.40.11/build-pdftex/conftest.c:83: warning: the use of `mktemp' is dangerous, better use `mkstemp' or `mkdtemp'
configure:14064: $? = 0
configure:14064: result: yes
configure:14064: checking for rindex
configure:14064: gcc -o conftest -g -O2   conftest.c  >&5
conftest.c:73:6: warning: conflicting types for built-in function 'rindex'
 char rindex ();
      ^
configure:14064: $? = 0
configure:14064: result: yes
configure:14064: checking for strchr
configure:14064: gcc -o conftest -g -O2   conftest.c  >&5
conftest.c:74:6: warning: conflicting types for built-in function 'strchr'
 char strchr ();
      ^
configure:14064: $? = 0
configure:14064: result: yes
configure:14064: checking for strrchr
configure:14064: gcc -o conftest -g -O2   conftest.c  >&5
conftest.c:75:6: warning: conflicting types for built-in function 'strrchr'
 char strrchr ();
      ^
configure:14064: $? = 0
configure:14064: result: yes
configure:14074: checking for an ANSI C-conforming const
configure:14139: gcc -c -g -O2  conftest.c >&5
configure:14139: $? = 0
configure:14146: result: yes
configure:14154: checking for inline
configure:14170: gcc -c -g -O2  conftest.c >&5
configure:14170: $? = 0
configure:14178: result: inline
configure:14196: checking for size_t
configure:14196: gcc -c -g -O2  conftest.c >&5
configure:14196: $? = 0
configure:14196: gcc -c -g -O2  conftest.c >&5
conftest.c: In function 'main':
conftest.c:89:21: error: expected expression before ')' token
 if (sizeof ((size_t)))
                     ^
configure:14196: $? = 1
configure: failed program was:
| /* confdefs.h */
| #define PACKAGE_NAME "TeX Live"
| #define PACKAGE_TARNAME "tex-live"
| #define PACKAGE_VERSION "2010-07-20"
| #define PACKAGE_STRING "TeX Live 2010-07-20"
| #define PACKAGE_BUGREPORT "tex-k@tug.org"
| #define PACKAGE_URL ""
| #define STDC_HEADERS 1
| #define HAVE_SYS_TYPES_H 1
| #define HAVE_SYS_STAT_H 1
| #define HAVE_STDLIB_H 1
| #define HAVE_STRING_H 1
| #define HAVE_MEMORY_H 1
| #define HAVE_STRINGS_H 1
| #define HAVE_INTTYPES_H 1
| #define HAVE_STDINT_H 1
| #define HAVE_UNISTD_H 1
| #define HAVE_DLFCN_H 1
| #define PACKAGE "tex-live"
| #define VERSION "2010-07-20"
| #define LT_OBJDIR ".libs/"
| #define HAVE_FSEEKO 1
| #define HAVE_DIRENT_H 1
| #define STDC_HEADERS 1
| #define HAVE_ASSERT_H 1
| #define HAVE_FLOAT_H 1
| #define HAVE_LIMITS_H 1
| #define HAVE_MEMORY_H 1
| #define HAVE_PWD_H 1
| #define HAVE_STDLIB_H 1
| #define HAVE_STRING_H 1
| #define HAVE_STRINGS_H 1
| #define HAVE_SYS_PARAM_H 1
| #define HAVE_UNISTD_H 1
| #define HAVE_PUTENV 1
| #define HAVE_STRCASECMP 1
| #define HAVE_STRTOL 1
| #define HAVE_STRSTR 1
| #define HAVE_BCMP 1
| #define HAVE_BCOPY 1
| #define HAVE_BZERO 1
| #define HAVE_GETCWD 1
| #define HAVE_GETWD 1
| #define HAVE_INDEX 1
| #define HAVE_MEMCMP 1
| #define HAVE_MEMCPY 1
| #define HAVE_MKSTEMP 1
| #define HAVE_MKTEMP 1
| #define HAVE_RINDEX 1
| #define HAVE_STRCHR 1
| #define HAVE_STRRCHR 1
| /* end confdefs.h.  */
| #include <stdio.h>
| #ifdef HAVE_SYS_TYPES_H
| # include <sys/types.h>
| #endif
| #ifdef HAVE_SYS_STAT_H
| # include <sys/stat.h>
| #endif
| #ifdef STDC_HEADERS
| # include <stdlib.h>
| # include <stddef.h>
| #else
| # ifdef HAVE_STDLIB_H
| #  include <stdlib.h>
| # endif
| #endif
| #ifdef HAVE_STRING_H
| # if !defined STDC_HEADERS && defined HAVE_MEMORY_H
| #  include <memory.h>
| # endif
| # include <string.h>
| #endif
| #ifdef HAVE_STRINGS_H
| # include <strings.h>
| #endif
| #ifdef HAVE_INTTYPES_H
| # include <inttypes.h>
| #endif
| #ifdef HAVE_STDINT_H
| # include <stdint.h>
| #endif
| #ifdef HAVE_UNISTD_H
| # include <unistd.h>
| #endif
| int
| main ()
| {
| if (sizeof ((size_t)))
| 	    return 0;
|   ;
|   return 0;
| }
configure:14196: result: yes
configure:14207: checking for struct stat.st_mtim
configure:14207: gcc -c -g -O2  conftest.c >&5
conftest.c: In function 'main':
conftest.c:90:5: error: used struct type value where scalar is required
 if (ac_aggr.st_mtim)
     ^
configure:14207: $? = 1
configure: failed program was:
| /* confdefs.h */
| #define PACKAGE_NAME "TeX Live"
| #define PACKAGE_TARNAME "tex-live"
| #define PACKAGE_VERSION "2010-07-20"
| #define PACKAGE_STRING "TeX Live 2010-07-20"
| #define PACKAGE_BUGREPORT "tex-k@tug.org"
| #define PACKAGE_URL ""
| #define STDC_HEADERS 1
| #define HAVE_SYS_TYPES_H 1
| #define HAVE_SYS_STAT_H 1
| #define HAVE_STDLIB_H 1
| #define HAVE_STRING_H 1
| #define HAVE_MEMORY_H 1
| #define HAVE_STRINGS_H 1
| #define HAVE_INTTYPES_H 1
| #define HAVE_STDINT_H 1
| #define HAVE_UNISTD_H 1
| #define HAVE_DLFCN_H 1
| #define PACKAGE "tex-live"
| #define VERSION "2010-07-20"
| #define LT_OBJDIR ".libs/"
| #define HAVE_FSEEKO 1
| #define HAVE_DIRENT_H 1
| #define STDC_HEADERS 1
| #define HAVE_ASSERT_H 1
| #define HAVE_FLOAT_H 1
| #define HAVE_LIMITS_H 1
| #define HAVE_MEMORY_H 1
| #define HAVE_PWD_H 1
| #define HAVE_STDLIB_H 1
| #define HAVE_STRING_H 1
| #define HAVE_STRINGS_H 1
| #define HAVE_SYS_PARAM_H 1
| #define HAVE_UNISTD_H 1
| #define HAVE_PUTENV 1
| #define HAVE_STRCASECMP 1
| #define HAVE_STRTOL 1
| #define HAVE_STRSTR 1
| #define HAVE_BCMP 1
| #define HAVE_BCOPY 1
| #define HAVE_BZERO 1
| #define HAVE_GETCWD 1
| #define HAVE_GETWD 1
| #define HAVE_INDEX 1
| #define HAVE_MEMCMP 1
| #define HAVE_MEMCPY 1
| #define HAVE_MKSTEMP 1
| #define HAVE_MKTEMP 1
| #define HAVE_RINDEX 1
| #define HAVE_STRCHR 1
| #define HAVE_STRRCHR 1
| /* end confdefs.h.  */
| #include <stdio.h>
| #ifdef HAVE_SYS_TYPES_H
| # include <sys/types.h>
| #endif
| #ifdef HAVE_SYS_STAT_H
| # include <sys/stat.h>
| #endif
| #ifdef STDC_HEADERS
| # include <stdlib.h>
| # include <stddef.h>
| #else
| # ifdef HAVE_STDLIB_H
| #  include <stdlib.h>
| # endif
| #endif
| #ifdef HAVE_STRING_H
| # if !defined STDC_HEADERS && defined HAVE_MEMORY_H
| #  include <memory.h>
| # endif
| # include <string.h>
| #endif
| #ifdef HAVE_STRINGS_H
| # include <strings.h>
| #endif
| #ifdef HAVE_INTTYPES_H
| # include <inttypes.h>
| #endif
| #ifdef HAVE_STDINT_H
| # include <stdint.h>
| #endif
| #ifdef HAVE_UNISTD_H
| # include <unistd.h>
| #endif
| int
| main ()
| {
| static struct stat ac_aggr;
| if (ac_aggr.st_mtim)
| return 0;
|   ;
|   return 0;
| }
configure:14207: gcc -c -g -O2  conftest.c >&5
configure:14207: $? = 0
configure:14207: result: yes
configure:14217: checking whether the compiler accepts prototypes
configure:14233: gcc -o conftest -g -O2   conftest.c  >&5
configure:14233: $? = 0
configure:14241: result: yes
configure:14246: checking whether program_invocation_name is predefined
configure:14263: gcc -o conftest -g -O2   conftest.c  >&5
configure:14263: $? = 0
configure:14271: result: yes
configure:14278: checking what warning flags to pass to the C compiler
configure:14320: result: -Wimplicit -Wreturn-type
configure:14338: checking for X
configure:14516: result: disabled
configure:15080: checking for g++
configure:15096: found /usr/bin/g++
configure:15107: result: g++
configure:15134: checking for C++ compiler version
configure:15143: g++ --version >&5
g++ (Ubuntu 5.4.0-6ubuntu1~16.04.4) 5.4.0 20160609
Copyright (C) 2015 Free Software Foundation, Inc.
This is free software; see the source for copying conditions.  There is NO
warranty; not even for MERCHANTABILITY or FITNESS FOR A PARTICULAR PURPOSE.

configure:15154: $? = 0
configure:15143: g++ -v >&5
Using built-in specs.
COLLECT_GCC=g++
COLLECT_LTO_WRAPPER=/usr/lib/gcc/x86_64-linux-gnu/5/lto-wrapper
Target: x86_64-linux-gnu
Configured with: ../src/configure -v --with-pkgversion='Ubuntu 5.4.0-6ubuntu1~16.04.4' --with-bugurl=file:///usr/share/doc/gcc-5/README.Bugs --enable-languages=c,ada,c++,java,go,d,fortran,objc,obj-c++ --prefix=/usr --program-suffix=-5 --enable-shared --enable-linker-build-id --libexecdir=/usr/lib --without-included-gettext --enable-threads=posix --libdir=/usr/lib --enable-nls --with-sysroot=/ --enable-clocale=gnu --enable-libstdcxx-debug --enable-libstdcxx-time=yes --with-default-libstdcxx-abi=new --enable-gnu-unique-object --disable-vtable-verify --enable-libmpx --enable-plugin --with-system-zlib --disable-browser-plugin --enable-java-awt=gtk --enable-gtk-cairo --with-java-home=/usr/lib/jvm/java-1.5.0-gcj-5-amd64/jre --enable-java-home --with-jvm-root-dir=/usr/lib/jvm/java-1.5.0-gcj-5-amd64 --with-jvm-jar-dir=/usr/lib/jvm-exports/java-1.5.0-gcj-5-amd64 --with-arch-directory=amd64 --with-ecj-jar=/usr/share/java/eclipse-ecj.jar --enable-objc-gc --enable-multiarch --disable-werror --with-arch-32=i686 --with-abi=m64 --with-multilib-list=m32,m64,mx32 --enable-multilib --with-tune=generic --enable-checking=release --build=x86_64-linux-gnu --host=x86_64-linux-gnu --target=x86_64-linux-gnu
Thread model: posix
gcc version 5.4.0 20160609 (Ubuntu 5.4.0-6ubuntu1~16.04.4) 
configure:15154: $? = 0
configure:15143: g++ -V >&5
g++: error: unrecognized command line option '-V'
g++: fatal error: no input files
compilation terminated.
configure:15154: $? = 1
configure:15143: g++ -qversion >&5
g++: error: unrecognized command line option '-qversion'
g++: fatal error: no input files
compilation terminated.
configure:15154: $? = 1
configure:15158: checking whether we are using the GNU C++ compiler
configure:15177: g++ -c   conftest.cpp >&5
configure:15177: $? = 0
configure:15186: result: yes
configure:15195: checking whether g++ accepts -g
configure:15215: g++ -c -g  conftest.cpp >&5
configure:15215: $? = 0
configure:15256: result: yes
configure:15281: checking dependency style of g++
configure:15391: result: gcc3
configure:15519: checking for C++ compiler version
configure:15528: g++ --version >&5
g++ (Ubuntu 5.4.0-6ubuntu1~16.04.4) 5.4.0 20160609
Copyright (C) 2015 Free Software Foundation, Inc.
This is free software; see the source for copying conditions.  There is NO
warranty; not even for MERCHANTABILITY or FITNESS FOR A PARTICULAR PURPOSE.

configure:15539: $? = 0
configure:15528: g++ -v >&5
Using built-in specs.
COLLECT_GCC=g++
COLLECT_LTO_WRAPPER=/usr/lib/gcc/x86_64-linux-gnu/5/lto-wrapper
Target: x86_64-linux-gnu
Configured with: ../src/configure -v --with-pkgversion='Ubuntu 5.4.0-6ubuntu1~16.04.4' --with-bugurl=file:///usr/share/doc/gcc-5/README.Bugs --enable-languages=c,ada,c++,java,go,d,fortran,objc,obj-c++ --prefix=/usr --program-suffix=-5 --enable-shared --enable-linker-build-id --libexecdir=/usr/lib --without-included-gettext --enable-threads=posix --libdir=/usr/lib --enable-nls --with-sysroot=/ --enable-clocale=gnu --enable-libstdcxx-debug --enable-libstdcxx-time=yes --with-default-libstdcxx-abi=new --enable-gnu-unique-object --disable-vtable-verify --enable-libmpx --enable-plugin --with-system-zlib --disable-browser-plugin --enable-java-awt=gtk --enable-gtk-cairo --with-java-home=/usr/lib/jvm/java-1.5.0-gcj-5-amd64/jre --enable-java-home --with-jvm-root-dir=/usr/lib/jvm/java-1.5.0-gcj-5-amd64 --with-jvm-jar-dir=/usr/lib/jvm-exports/java-1.5.0-gcj-5-amd64 --with-arch-directory=amd64 --with-ecj-jar=/usr/share/java/eclipse-ecj.jar --enable-objc-gc --enable-multiarch --disable-werror --with-arch-32=i686 --with-abi=m64 --with-multilib-list=m32,m64,mx32 --enable-multilib --with-tune=generic --enable-checking=release --build=x86_64-linux-gnu --host=x86_64-linux-gnu --target=x86_64-linux-gnu
Thread model: posix
gcc version 5.4.0 20160609 (Ubuntu 5.4.0-6ubuntu1~16.04.4) 
configure:15539: $? = 0
configure:15528: g++ -V >&5
g++: error: unrecognized command line option '-V'
g++: fatal error: no input files
compilation terminated.
configure:15539: $? = 1
configure:15528: g++ -qversion >&5
g++: error: unrecognized command line option '-qversion'
g++: fatal error: no input files
compilation terminated.
configure:15539: $? = 1
configure:15543: checking whether we are using the GNU C++ compiler
configure:15571: result: yes
configure:15580: checking whether g++ accepts -g
configure:15641: result: yes
configure:15666: checking dependency style of g++
configure:15776: result: gcc3
configure:15790: checking what warning flags to pass to the C++ compiler
configure:15819: result: -Wimplicit -Wreturn-type
configure:15832: checking how to run the C++ preprocessor
configure:15859: g++ -E  conftest.cpp
configure:15859: $? = 0
configure:15873: g++ -E  conftest.cpp
conftest.cpp:56:28: fatal error: ac_nonexistent.h: No such file or directory
compilation terminated.
configure:15873: $? = 1
configure: failed program was:
| /* confdefs.h */
| #define PACKAGE_NAME "TeX Live"
| #define PACKAGE_TARNAME "tex-live"
| #define PACKAGE_VERSION "2010-07-20"
| #define PACKAGE_STRING "TeX Live 2010-07-20"
| #define PACKAGE_BUGREPORT "tex-k@tug.org"
| #define PACKAGE_URL ""
| #define STDC_HEADERS 1
| #define HAVE_SYS_TYPES_H 1
| #define HAVE_SYS_STAT_H 1
| #define HAVE_STDLIB_H 1
| #define HAVE_STRING_H 1
| #define HAVE_MEMORY_H 1
| #define HAVE_STRINGS_H 1
| #define HAVE_INTTYPES_H 1
| #define HAVE_STDINT_H 1
| #define HAVE_UNISTD_H 1
| #define HAVE_DLFCN_H 1
| #define PACKAGE "tex-live"
| #define VERSION "2010-07-20"
| #define LT_OBJDIR ".libs/"
| #define HAVE_FSEEKO 1
| #define HAVE_DIRENT_H 1
| #define STDC_HEADERS 1
| #define HAVE_ASSERT_H 1
| #define HAVE_FLOAT_H 1
| #define HAVE_LIMITS_H 1
| #define HAVE_MEMORY_H 1
| #define HAVE_PWD_H 1
| #define HAVE_STDLIB_H 1
| #define HAVE_STRING_H 1
| #define HAVE_STRINGS_H 1
| #define HAVE_SYS_PARAM_H 1
| #define HAVE_UNISTD_H 1
| #define HAVE_PUTENV 1
| #define HAVE_STRCASECMP 1
| #define HAVE_STRTOL 1
| #define HAVE_STRSTR 1
| #define HAVE_BCMP 1
| #define HAVE_BCOPY 1
| #define HAVE_BZERO 1
| #define HAVE_GETCWD 1
| #define HAVE_GETWD 1
| #define HAVE_INDEX 1
| #define HAVE_MEMCMP 1
| #define HAVE_MEMCPY 1
| #define HAVE_MKSTEMP 1
| #define HAVE_MKTEMP 1
| #define HAVE_RINDEX 1
| #define HAVE_STRCHR 1
| #define HAVE_STRRCHR 1
| #define HAVE_STRUCT_STAT_ST_MTIM 1
| #define HAVE_PROGRAM_INVOCATION_NAME 1
| #define X_DISPLAY_MISSING 1
| /* end confdefs.h.  */
| #include <ac_nonexistent.h>
configure:15898: result: g++ -E
configure:15918: g++ -E  conftest.cpp
configure:15918: $? = 0
configure:15932: g++ -E  conftest.cpp
conftest.cpp:56:28: fatal error: ac_nonexistent.h: No such file or directory
compilation terminated.
configure:15932: $? = 1
configure: failed program was:
| /* confdefs.h */
| #define PACKAGE_NAME "TeX Live"
| #define PACKAGE_TARNAME "tex-live"
| #define PACKAGE_VERSION "2010-07-20"
| #define PACKAGE_STRING "TeX Live 2010-07-20"
| #define PACKAGE_BUGREPORT "tex-k@tug.org"
| #define PACKAGE_URL ""
| #define STDC_HEADERS 1
| #define HAVE_SYS_TYPES_H 1
| #define HAVE_SYS_STAT_H 1
| #define HAVE_STDLIB_H 1
| #define HAVE_STRING_H 1
| #define HAVE_MEMORY_H 1
| #define HAVE_STRINGS_H 1
| #define HAVE_INTTYPES_H 1
| #define HAVE_STDINT_H 1
| #define HAVE_UNISTD_H 1
| #define HAVE_DLFCN_H 1
| #define PACKAGE "tex-live"
| #define VERSION "2010-07-20"
| #define LT_OBJDIR ".libs/"
| #define HAVE_FSEEKO 1
| #define HAVE_DIRENT_H 1
| #define STDC_HEADERS 1
| #define HAVE_ASSERT_H 1
| #define HAVE_FLOAT_H 1
| #define HAVE_LIMITS_H 1
| #define HAVE_MEMORY_H 1
| #define HAVE_PWD_H 1
| #define HAVE_STDLIB_H 1
| #define HAVE_STRING_H 1
| #define HAVE_STRINGS_H 1
| #define HAVE_SYS_PARAM_H 1
| #define HAVE_UNISTD_H 1
| #define HAVE_PUTENV 1
| #define HAVE_STRCASECMP 1
| #define HAVE_STRTOL 1
| #define HAVE_STRSTR 1
| #define HAVE_BCMP 1
| #define HAVE_BCOPY 1
| #define HAVE_BZERO 1
| #define HAVE_GETCWD 1
| #define HAVE_GETWD 1
| #define HAVE_INDEX 1
| #define HAVE_MEMCMP 1
| #define HAVE_MEMCPY 1
| #define HAVE_MKSTEMP 1
| #define HAVE_MKTEMP 1
| #define HAVE_RINDEX 1
| #define HAVE_STRCHR 1
| #define HAVE_STRRCHR 1
| #define HAVE_STRUCT_STAT_ST_MTIM 1
| #define HAVE_PROGRAM_INVOCATION_NAME 1
| #define X_DISPLAY_MISSING 1
| /* end confdefs.h.  */
| #include <ac_nonexistent.h>
configure:16100: checking for ld used by g++
configure:16167: result: /usr/bin/ld -m elf_x86_64
configure:16174: checking if the linker (/usr/bin/ld -m elf_x86_64) is GNU ld
configure:16189: result: yes
configure:16244: checking whether the g++ linker (/usr/bin/ld -m elf_x86_64) supports shared libraries
configure:17157: result: yes
configure:17185: g++ -c -g -O2  conftest.cpp >&5
configure:17188: $? = 0
configure:17370: checking for g++ option to produce PIC
configure:17687: result: -fPIC -DPIC
configure:17696: checking if g++ PIC flag -fPIC -DPIC works
configure:17714: g++ -c -g -O2  -fPIC -DPIC -DPIC conftest.cpp >&5
configure:17718: $? = 0
configure:17731: result: yes
configure:17752: checking if g++ static flag -static works
configure:17780: result: yes
configure:17792: checking if g++ supports -c -o file.o
configure:17813: g++ -c -g -O2  -o out/conftest2.o conftest.cpp >&5
configure:17817: $? = 0
configure:17839: result: yes
configure:17844: checking if g++ supports -c -o file.o
configure:17891: result: yes
configure:17921: checking whether the g++ linker (/usr/bin/ld -m elf_x86_64) supports shared libraries
configure:17947: result: yes
configure:18084: checking dynamic linker characteristics
configure:18465: g++ -o conftest -g -O2   -Wl,-rpath -Wl,/foo conftest.cpp  >&5
configure:18465: $? = 0
configure:18683: result: GNU/Linux ld.so
configure:18734: checking how to hardcode library paths into programs
configure:18759: result: immediate
configure:18799: checking whether ln -s works
configure:18803: result: yes
configure:18851: checking for TeX specific libraries to build
configure:18886: result: 
configure:18985: checking for freetype-config
configure:19015: result: no
configure:19092: checking for pkg-config
configure:19108: found /usr/bin/pkg-config
configure:19119: result: pkg-config
configure:19214: checking for icu-config
configure:19244: result: no
configure:19807: updating cache config.cache
configure:19912: creating ./config.status

## ---------------------- ##
## Running config.status. ##
## ---------------------- ##

This file was extended by TeX Live config.status 2010-07-20, which was
generated by GNU Autoconf 2.65.  Invocation command line was

  CONFIG_FILES    = 
  CONFIG_HEADERS  = 
  CONFIG_LINKS    = 
  CONFIG_COMMANDS = 
  $ ./config.status 

on Jahns-Ubuntu

config.status:1074: creating Makefile
config.status:1230: executing depfiles commands
config.status:1230: executing libtool commands
configure:22275: === configuring in auxdir/auxsub (/home/dmonad/git/_test2/src/binary/pdftex-1.40.11/build-pdftex/auxdir/auxsub)
configure:22338: running /bin/bash /home/dmonad/git/_test2/src/binary/pdftex-1.40.11/src/auxdir/auxsub/configure --disable-option-checking '--prefix=/usr/local'  '--enable-native-texlive-build' '--enable-cxx-runtime-hack' '--disable-shared' '--disable-largefile' '--without-x' '--disable-ptex' '--without-system-freetype' '--without-system-freetype2' '--without-system-gd' '--without-system-graphite' '--without-system-icu' '--without-system-kpathsea' '--without-system-libpng' '--without-system-ptexenc' '--without-system-t1lib' '--without-system-teckit' '--without-system-xpdf' '--without-system-zlib' '--disable-all-pkgs' '--enable-pdftex' '--enable-static' '--enable-multiplatform=yes' '--enable-libtool-hack=yes' '--enable-texlive-build' '--bindir=${exec_prefix}/bin/x86_64-unknown-linux-gnu' '--libdir=${exec_prefix}/lib/x86_64-unknown-linux-gnu' '--enable-chktex=no' '--enable-dialog=no' '--enable-ps2eps=no' '--enable-psutils=no' '--enable-t1utils=no' '--enable-tpic2pdftex=no' '--enable-vlna=no' '--enable-xindy=no' '--with-clisp-runtime=default' '--disable-xpdfopen' '--enable-web2c=no' '--enable-afm2pl=no' '--enable-bibtex8=no' '--enable-bibtexu=no' '--enable-cjkutils=no' '--enable-detex=no' '--enable-devnag=no' '--enable-dtl=no' '--enable-dvi2tty=no' '--enable-dvidvi=no' '--enable-dviljk=no' '--enable-dvipdfmx=no' '--enable-dvipng=no' '--enable-dvipos=no' '--enable-dvipsk=no' '--enable-dvisvgm=no' '--enable-gsftopk=no' '--enable-lacheck=no' '--enable-lcdf-typetools=no' '--enable-makeindexk=no' '--enable-makejvf=no' '--enable-mendexk=no' '--enable-musixflx=no' '--enable-ps2pkm=no' '--enable-seetexk=no' '--enable-tex4htk=no' '--enable-ttf2pk=no' '--enable-ttfdump=no' '--enable-xdv2pdf=no' '--disable-xdvik' '--enable-xdvipdfmx=no' '--enable-tetex=no' '--enable-texlive=no' '--with-system-zziplib=no' '--mandir=${prefix}/texmf/doc/man' '--infodir=${prefix}/texmf/doc/info' --cache-file=../../config.cache --srcdir=/home/dmonad/git/_test2/src/binary/pdftex-1.40.11/src/auxdir/auxsub
configure:22275: === configuring in libs (/home/dmonad/git/_test2/src/binary/pdftex-1.40.11/build-pdftex/libs)
configure:22338: running /bin/bash /home/dmonad/git/_test2/src/binary/pdftex-1.40.11/src/libs/configure --disable-option-checking '--prefix=/usr/local'  '--enable-native-texlive-build' '--enable-cxx-runtime-hack' '--disable-shared' '--disable-largefile' '--without-x' '--disable-ptex' '--without-system-freetype' '--without-system-freetype2' '--without-system-gd' '--without-system-graphite' '--without-system-icu' '--without-system-kpathsea' '--without-system-libpng' '--without-system-ptexenc' '--without-system-t1lib' '--without-system-teckit' '--without-system-xpdf' '--without-system-zlib' '--disable-all-pkgs' '--enable-pdftex' '--enable-static' '--enable-multiplatform=yes' '--enable-libtool-hack=yes' '--enable-texlive-build' '--bindir=${exec_prefix}/bin/x86_64-unknown-linux-gnu' '--libdir=${exec_prefix}/lib/x86_64-unknown-linux-gnu' '--enable-chktex=no' '--enable-dialog=no' '--enable-ps2eps=no' '--enable-psutils=no' '--enable-t1utils=no' '--enable-tpic2pdftex=no' '--enable-vlna=no' '--enable-xindy=no' '--with-clisp-runtime=default' '--disable-xpdfopen' '--enable-web2c=no' '--enable-afm2pl=no' '--enable-bibtex8=no' '--enable-bibtexu=no' '--enable-cjkutils=no' '--enable-detex=no' '--enable-devnag=no' '--enable-dtl=no' '--enable-dvi2tty=no' '--enable-dvidvi=no' '--enable-dviljk=no' '--enable-dvipdfmx=no' '--enable-dvipng=no' '--enable-dvipos=no' '--enable-dvipsk=no' '--enable-dvisvgm=no' '--enable-gsftopk=no' '--enable-lacheck=no' '--enable-lcdf-typetools=no' '--enable-makeindexk=no' '--enable-makejvf=no' '--enable-mendexk=no' '--enable-musixflx=no' '--enable-ps2pkm=no' '--enable-seetexk=no' '--enable-tex4htk=no' '--enable-ttf2pk=no' '--enable-ttfdump=no' '--enable-xdv2pdf=no' '--disable-xdvik' '--enable-xdvipdfmx=no' '--enable-tetex=no' '--enable-texlive=no' '--with-system-zziplib=no' '--mandir=${prefix}/texmf/doc/man' '--infodir=${prefix}/texmf/doc/info' --cache-file=../config.cache --srcdir=/home/dmonad/git/_test2/src/binary/pdftex-1.40.11/src/libs
configure:22275: === configuring in utils (/home/dmonad/git/_test2/src/binary/pdftex-1.40.11/build-pdftex/utils)
configure:22338: running /bin/bash /home/dmonad/git/_test2/src/binary/pdftex-1.40.11/src/utils/configure --disable-option-checking '--prefix=/usr/local'  '--enable-native-texlive-build' '--enable-cxx-runtime-hack' '--disable-shared' '--disable-largefile' '--without-x' '--disable-ptex' '--without-system-freetype' '--without-system-freetype2' '--without-system-gd' '--without-system-graphite' '--without-system-icu' '--without-system-kpathsea' '--without-system-libpng' '--without-system-ptexenc' '--without-system-t1lib' '--without-system-teckit' '--without-system-xpdf' '--without-system-zlib' '--disable-all-pkgs' '--enable-pdftex' '--enable-static' '--enable-multiplatform=yes' '--enable-libtool-hack=yes' '--enable-texlive-build' '--bindir=${exec_prefix}/bin/x86_64-unknown-linux-gnu' '--libdir=${exec_prefix}/lib/x86_64-unknown-linux-gnu' '--enable-chktex=no' '--enable-dialog=no' '--enable-ps2eps=no' '--enable-psutils=no' '--enable-t1utils=no' '--enable-tpic2pdftex=no' '--enable-vlna=no' '--enable-xindy=no' '--with-clisp-runtime=default' '--disable-xpdfopen' '--enable-web2c=no' '--enable-afm2pl=no' '--enable-bibtex8=no' '--enable-bibtexu=no' '--enable-cjkutils=no' '--enable-detex=no' '--enable-devnag=no' '--enable-dtl=no' '--enable-dvi2tty=no' '--enable-dvidvi=no' '--enable-dviljk=no' '--enable-dvipdfmx=no' '--enable-dvipng=no' '--enable-dvipos=no' '--enable-dvipsk=no' '--enable-dvisvgm=no' '--enable-gsftopk=no' '--enable-lacheck=no' '--enable-lcdf-typetools=no' '--enable-makeindexk=no' '--enable-makejvf=no' '--enable-mendexk=no' '--enable-musixflx=no' '--enable-ps2pkm=no' '--enable-seetexk=no' '--enable-tex4htk=no' '--enable-ttf2pk=no' '--enable-ttfdump=no' '--enable-xdv2pdf=no' '--disable-xdvik' '--enable-xdvipdfmx=no' '--enable-tetex=no' '--enable-texlive=no' '--with-system-zziplib=no' '--mandir=${prefix}/texmf/doc/man' '--infodir=${prefix}/texmf/doc/info' --cache-file=../config.cache --srcdir=/home/dmonad/git/_test2/src/binary/pdftex-1.40.11/src/utils
configure:22275: === configuring in texk (/home/dmonad/git/_test2/src/binary/pdftex-1.40.11/build-pdftex/texk)
configure:22338: running /bin/bash /home/dmonad/git/_test2/src/binary/pdftex-1.40.11/src/texk/configure --disable-option-checking '--prefix=/usr/local'  '--enable-native-texlive-build' '--enable-cxx-runtime-hack' '--disable-shared' '--disable-largefile' '--without-x' '--disable-ptex' '--without-system-freetype' '--without-system-freetype2' '--without-system-gd' '--without-system-graphite' '--without-system-icu' '--without-system-kpathsea' '--without-system-libpng' '--without-system-ptexenc' '--without-system-t1lib' '--without-system-teckit' '--without-system-xpdf' '--without-system-zlib' '--disable-all-pkgs' '--enable-pdftex' '--enable-static' '--enable-multiplatform=yes' '--enable-libtool-hack=yes' '--enable-texlive-build' '--bindir=${exec_prefix}/bin/x86_64-unknown-linux-gnu' '--libdir=${exec_prefix}/lib/x86_64-unknown-linux-gnu' '--enable-chktex=no' '--enable-dialog=no' '--enable-ps2eps=no' '--enable-psutils=no' '--enable-t1utils=no' '--enable-tpic2pdftex=no' '--enable-vlna=no' '--enable-xindy=no' '--with-clisp-runtime=default' '--disable-xpdfopen' '--enable-web2c=no' '--enable-afm2pl=no' '--enable-bibtex8=no' '--enable-bibtexu=no' '--enable-cjkutils=no' '--enable-detex=no' '--enable-devnag=no' '--enable-dtl=no' '--enable-dvi2tty=no' '--enable-dvidvi=no' '--enable-dviljk=no' '--enable-dvipdfmx=no' '--enable-dvipng=no' '--enable-dvipos=no' '--enable-dvipsk=no' '--enable-dvisvgm=no' '--enable-gsftopk=no' '--enable-lacheck=no' '--enable-lcdf-typetools=no' '--enable-makeindexk=no' '--enable-makejvf=no' '--enable-mendexk=no' '--enable-musixflx=no' '--enable-ps2pkm=no' '--enable-seetexk=no' '--enable-tex4htk=no' '--enable-ttf2pk=no' '--enable-ttfdump=no' '--enable-xdv2pdf=no' '--disable-xdvik' '--enable-xdvipdfmx=no' '--enable-tetex=no' '--enable-texlive=no' '--with-system-zziplib=no' '--mandir=${prefix}/texmf/doc/man' '--infodir=${prefix}/texmf/doc/info' --cache-file=../config.cache --srcdir=/home/dmonad/git/_test2/src/binary/pdftex-1.40.11/src/texk
configure:22378: result:
** Configuration summary for TeX Live 2010-07-20:

   compiling for x86_64-unknown-linux-gnu
      in /home/dmonad/git/_test2/src/binary/pdftex-1.40.11/build-pdftex
      from sources in /home/dmonad/git/_test2/src/binary/pdftex-1.40.11/src
configure:22396: result:
   prefix:                       /usr/local
   enable_native_texlive_build:  yes
   enable_shared:                no
   enable_multiplatform:         yes
   enable_cxx_runtime_hack:      yes
   enable_libtool_hack:          yes
   enable_compiler_warnings:     min

** Next run `make' to configure and build each library and program.


## ---------------- ##
## Cache variables. ##
## ---------------- ##

ac_cv_build=x86_64-unknown-linux-gnu
ac_cv_c_compiler_gnu=yes
ac_cv_c_const=yes
ac_cv_c_inline=inline
ac_cv_cxx_compiler_gnu=yes
ac_cv_env_CCC_set=
ac_cv_env_CCC_value=
ac_cv_env_CC_set=
ac_cv_env_CC_value=
ac_cv_env_CFLAGS_set=
ac_cv_env_CFLAGS_value=
ac_cv_env_CPPFLAGS_set=
ac_cv_env_CPPFLAGS_value=
ac_cv_env_CPP_set=
ac_cv_env_CPP_value=
ac_cv_env_CXXCPP_set=
ac_cv_env_CXXCPP_value=
ac_cv_env_CXXFLAGS_set=
ac_cv_env_CXXFLAGS_value=
ac_cv_env_CXX_set=
ac_cv_env_CXX_value=
ac_cv_env_LDFLAGS_set=
ac_cv_env_LDFLAGS_value=
ac_cv_env_LIBS_set=
ac_cv_env_LIBS_value=
ac_cv_env_XMKMF_set=
ac_cv_env_XMKMF_value=
ac_cv_env_build_alias_set=
ac_cv_env_build_alias_value=
ac_cv_env_host_alias_set=
ac_cv_env_host_alias_value=
ac_cv_env_target_alias_set=
ac_cv_env_target_alias_value=
ac_cv_func_bcmp=yes
ac_cv_func_bcopy=yes
ac_cv_func_bzero=yes
ac_cv_func_closedir_void=no
ac_cv_func_getcwd=yes
ac_cv_func_getwd=yes
ac_cv_func_index=yes
ac_cv_func_memcmp=yes
ac_cv_func_memcpy=yes
ac_cv_func_mkstemp=yes
ac_cv_func_mktemp=yes
ac_cv_func_putenv=yes
ac_cv_func_rindex=yes
ac_cv_func_strcasecmp=yes
ac_cv_func_strchr=yes
ac_cv_func_strrchr=yes
ac_cv_func_strstr=yes
ac_cv_func_strtol=yes
ac_cv_header_assert_h=yes
ac_cv_header_dirent_dirent_h=yes
ac_cv_header_dlfcn_h=yes
ac_cv_header_float_h=yes
ac_cv_header_inttypes_h=yes
ac_cv_header_limits_h=yes
ac_cv_header_memory_h=yes
ac_cv_header_pwd_h=yes
ac_cv_header_stdc=yes
ac_cv_header_stdint_h=yes
ac_cv_header_stdlib_h=yes
ac_cv_header_string_h=yes
ac_cv_header_strings_h=yes
ac_cv_header_sys_param_h=yes
ac_cv_header_sys_stat_h=yes
ac_cv_header_sys_types_h=yes
ac_cv_header_unistd_h=yes
ac_cv_host=x86_64-unknown-linux-gnu
ac_cv_member_struct_stat_st_mtim=yes
ac_cv_objext=o
ac_cv_path_EGREP='/bin/grep -E'
ac_cv_path_FGREP='/bin/grep -F'
ac_cv_path_GREP=/bin/grep
ac_cv_path_SED=/bin/sed
ac_cv_path_install='/usr/bin/install -c'
ac_cv_path_mkdir=/bin/mkdir
ac_cv_prog_AWK=gawk
ac_cv_prog_CPP='gcc -E'
ac_cv_prog_CXXCPP='g++ -E'
ac_cv_prog_ac_ct_AR=ar
ac_cv_prog_ac_ct_CC=gcc
ac_cv_prog_ac_ct_CXX=g++
ac_cv_prog_ac_ct_OBJDUMP=objdump
ac_cv_prog_ac_ct_PKG_CONFIG=pkg-config
ac_cv_prog_ac_ct_RANLIB=ranlib
ac_cv_prog_ac_ct_STRIP=strip
ac_cv_prog_cc_c89=
ac_cv_prog_cc_g=yes
ac_cv_prog_cxx_g=yes
ac_cv_prog_make_make_set=yes
ac_cv_search_opendir='none required'
ac_cv_sys_largefile_source=no
ac_cv_type_size_t=yes
am_cv_CC_dependencies_compiler_type=gcc3
am_cv_CXX_dependencies_compiler_type=gcc3
kb_cv_c_prototypes=yes
kb_cv_var_program_inv_name=yes
kpse_cv_have_win32=no
kpse_cv_warning_cflags='-Wimplicit -Wreturn-type'
kpse_cv_warning_cxxflags='-Wimplicit -Wreturn-type'
lt_cv_deplibs_check_method=pass_all
lt_cv_file_magic_cmd='$MAGIC_CMD'
lt_cv_file_magic_test_file=
lt_cv_ld_reload_flag=-r
lt_cv_nm_interface='BSD nm'
lt_cv_objdir=.libs
lt_cv_path_LD=/usr/bin/ld
lt_cv_path_LDCXX='/usr/bin/ld -m elf_x86_64'
lt_cv_path_NM='/usr/bin/nm -B'
lt_cv_prog_compiler_c_o=yes
lt_cv_prog_compiler_c_o_CXX=yes
lt_cv_prog_compiler_pic_works=yes
lt_cv_prog_compiler_pic_works_CXX=yes
lt_cv_prog_compiler_rtti_exceptions=no
lt_cv_prog_compiler_static_works=yes
lt_cv_prog_compiler_static_works_CXX=yes
lt_cv_prog_gnu_ld=yes
lt_cv_prog_gnu_ldcxx=yes
lt_cv_sys_global_symbol_pipe='sed -n -e '\''s/^.*[	 ]\([ABCDGIRSTW][ABCDGIRSTW]*\)[	 ][	 ]*\([_A-Za-z][_A-Za-z0-9]*\)$/\1 \2 \2/p'\'''
lt_cv_sys_global_symbol_to_c_name_address='sed -n -e '\''s/^: \([^ ]*\) $/  {\"\1\", (void *) 0},/p'\'' -e '\''s/^[ABCDGIRSTW]* \([^ ]*\) \([^ ]*\)$/  {"\2", (void *) \&\2},/p'\'''
lt_cv_sys_global_symbol_to_c_name_address_lib_prefix='sed -n -e '\''s/^: \([^ ]*\) $/  {\"\1\", (void *) 0},/p'\'' -e '\''s/^[ABCDGIRSTW]* \([^ ]*\) \(lib[^ ]*\)$/  {"\2", (void *) \&\2},/p'\'' -e '\''s/^[ABCDGIRSTW]* \([^ ]*\) \([^ ]*\)$/  {"lib\2", (void *) \&\2},/p'\'''
lt_cv_sys_global_symbol_to_cdecl='sed -n -e '\''s/^T .* \(.*\)$/extern int \1();/p'\'' -e '\''s/^[ABCDGIRSTW]* .* \(.*\)$/extern char \1;/p'\'''
lt_cv_sys_max_cmd_len=1572864

## ----------------- ##
## Output variables. ##
## ----------------- ##

ACLOCAL='${SHELL} /home/dmonad/git/_test2/src/binary/pdftex-1.40.11/src/build-aux/missing --run aclocal-1.11'
AMDEPBACKSLASH='\'
AMDEP_FALSE='#'
AMDEP_TRUE=''
AMTAR='${SHELL} /home/dmonad/git/_test2/src/binary/pdftex-1.40.11/src/build-aux/missing --run tar'
AR='ar'
AS='as'
AUTOCONF='${SHELL} /home/dmonad/git/_test2/src/binary/pdftex-1.40.11/src/build-aux/missing --run autoconf'
AUTOHEADER='${SHELL} /home/dmonad/git/_test2/src/binary/pdftex-1.40.11/src/build-aux/missing --run autoheader'
AUTOMAKE='${SHELL} /home/dmonad/git/_test2/src/binary/pdftex-1.40.11/src/build-aux/missing --run automake-1.11'
AWK='gawk'
CC='gcc'
CCDEPMODE='depmode=gcc3'
CFLAGS='-g -O2'
CPP='gcc -E'
CPPFLAGS=''
CXX='g++'
CXXCPP='g++ -E'
CXXDEPMODE='depmode=gcc3'
CXXFLAGS='-g -O2'
CYGPATH_W='echo'
DEFS='-DPACKAGE_NAME=\"TeX\ Live\" -DPACKAGE_TARNAME=\"tex-live\" -DPACKAGE_VERSION=\"2010-07-20\" -DPACKAGE_STRING=\"TeX\ Live\ 2010-07-20\" -DPACKAGE_BUGREPORT=\"tex-k@tug.org\" -DPACKAGE_URL=\"\" -DSTDC_HEADERS=1 -DHAVE_SYS_TYPES_H=1 -DHAVE_SYS_STAT_H=1 -DHAVE_STDLIB_H=1 -DHAVE_STRING_H=1 -DHAVE_MEMORY_H=1 -DHAVE_STRINGS_H=1 -DHAVE_INTTYPES_H=1 -DHAVE_STDINT_H=1 -DHAVE_UNISTD_H=1 -DHAVE_DLFCN_H=1 -DPACKAGE=\"tex-live\" -DVERSION=\"2010-07-20\" -DLT_OBJDIR=\".libs/\" -DHAVE_FSEEKO=1 -DHAVE_DIRENT_H=1 -DSTDC_HEADERS=1 -DHAVE_ASSERT_H=1 -DHAVE_FLOAT_H=1 -DHAVE_LIMITS_H=1 -DHAVE_MEMORY_H=1 -DHAVE_PWD_H=1 -DHAVE_STDLIB_H=1 -DHAVE_STRING_H=1 -DHAVE_STRINGS_H=1 -DHAVE_SYS_PARAM_H=1 -DHAVE_UNISTD_H=1 -DHAVE_PUTENV=1 -DHAVE_STRCASECMP=1 -DHAVE_STRTOL=1 -DHAVE_STRSTR=1 -DHAVE_BCMP=1 -DHAVE_BCOPY=1 -DHAVE_BZERO=1 -DHAVE_GETCWD=1 -DHAVE_GETWD=1 -DHAVE_INDEX=1 -DHAVE_MEMCMP=1 -DHAVE_MEMCPY=1 -DHAVE_MKSTEMP=1 -DHAVE_MKTEMP=1 -DHAVE_RINDEX=1 -DHAVE_STRCHR=1 -DHAVE_STRRCHR=1 -DHAVE_STRUCT_STAT_ST_MTIM=1 -DHAVE_PROGRAM_INVOCATION_NAME=1 -DX_DISPLAY_MISSING=1'
DEPDIR='.deps'
DIST_TEXLIBS='texk/kpathsea '
DLLTOOL='dlltool'
DSYMUTIL=''
DUMPBIN=''
ECHO_C=''
ECHO_N='-n'
ECHO_T=''
EGREP='/bin/grep -E'
EXEEXT=''
FGREP='/bin/grep -F'
FT2_CONFIG='false'
GREP='/bin/grep'
ICU_CONFIG='false'
INSTALL_DATA='${INSTALL} -m 644'
INSTALL_PROGRAM='${INSTALL}'
INSTALL_SCRIPT='${INSTALL}'
INSTALL_STRIP_PROGRAM='$(install_sh) -c -s'
LD='/usr/bin/ld -m elf_x86_64'
LDFLAGS=''
LIBOBJS=''
LIBS=''
LIBTOOL='$(SHELL) $(top_builddir)/libtool'
LIPO=''
LN_S='ln -s'
LTLIBOBJS=''
MAINT='#'
MAINTAINER_MODE_FALSE=''
MAINTAINER_MODE_TRUE='#'
MAKEINFO='${SHELL} /home/dmonad/git/_test2/src/binary/pdftex-1.40.11/src/build-aux/missing --run makeinfo'
MKDIR_P='/bin/mkdir -p'
NM='/usr/bin/nm -B'
NMEDIT=''
OBJDUMP='objdump'
OBJEXT='o'
OTOOL64=''
OTOOL=''
PACKAGE='tex-live'
PACKAGE_BUGREPORT='tex-k@tug.org'
PACKAGE_NAME='TeX Live'
PACKAGE_STRING='TeX Live 2010-07-20'
PACKAGE_TARNAME='tex-live'
PACKAGE_URL=''
PACKAGE_VERSION='2010-07-20'
PATH_SEPARATOR=':'
PKG_CONFIG='pkg-config'
RANLIB='ranlib'
SED='/bin/sed'
SET_MAKE=''
SHELL='/bin/bash'
STRIP='strip'
TEXLIBS=''
VERSION='2010-07-20'
WARNING_CFLAGS='-Wimplicit -Wreturn-type'
WARNING_CXXFLAGS='-Wimplicit -Wreturn-type'
XMKMF=''
X_CFLAGS=''
X_EXTRA_LIBS=''
X_LIBS=''
X_PRE_LIBS=''
ac_ct_CC='gcc'
ac_ct_CXX='g++'
ac_ct_DUMPBIN=''
am__EXEEXT_FALSE=''
am__EXEEXT_TRUE='#'
am__fastdepCC_FALSE='#'
am__fastdepCC_TRUE=''
am__fastdepCXX_FALSE='#'
am__fastdepCXX_TRUE=''
am__include='include'
am__isrc=' -I$(srcdir)'
am__leading_dot='.'
am__quote=''
am__tar='${AMTAR} chof - "$$tardir"'
am__untar='${AMTAR} xf -'
bindir='${exec_prefix}/bin/x86_64-unknown-linux-gnu'
build='x86_64-unknown-linux-gnu'
build_alias=''
build_cpu='x86_64'
build_os='linux-gnu'
build_vendor='unknown'
cross_compiling_FALSE=''
cross_compiling_TRUE='#'
datadir='${datarootdir}'
datarootdir='${prefix}/share'
docdir='${datarootdir}/doc/${PACKAGE_TARNAME}'
dvidir='${docdir}'
exec_prefix='${prefix}'
host='x86_64-unknown-linux-gnu'
host_alias=''
host_cpu='x86_64'
host_os='linux-gnu'
host_vendor='unknown'
htmldir='${docdir}'
includedir='${prefix}/include'
infodir='${prefix}/texmf/doc/info'
install_sh='${SHELL} /home/dmonad/git/_test2/src/binary/pdftex-1.40.11/src/build-aux/install-sh'
libdir='${exec_prefix}/lib/x86_64-unknown-linux-gnu'
libexecdir='${exec_prefix}/libexec'
localedir='${datarootdir}/locale'
localstatedir='${prefix}/var'
lt_ECHO='echo'
mandir='${prefix}/texmf/doc/man'
mkdir_p='/bin/mkdir -p'
oldincludedir='/usr/include'
pdfdir='${docdir}'
prefix='/usr/local'
program_transform_name='s,x,x,'
psdir='${docdir}'
sbindir='${exec_prefix}/sbin'
sharedstatedir='${prefix}/com'
subdirs=' auxdir/auxsub libs utils texk'
sysconfdir='${prefix}/etc'
target_alias=''

## ----------- ##
## confdefs.h. ##
## ----------- ##

/* confdefs.h */
#define PACKAGE_NAME "TeX Live"
#define PACKAGE_TARNAME "tex-live"
#define PACKAGE_VERSION "2010-07-20"
#define PACKAGE_STRING "TeX Live 2010-07-20"
#define PACKAGE_BUGREPORT "tex-k@tug.org"
#define PACKAGE_URL ""
#define STDC_HEADERS 1
#define HAVE_SYS_TYPES_H 1
#define HAVE_SYS_STAT_H 1
#define HAVE_STDLIB_H 1
#define HAVE_STRING_H 1
#define HAVE_MEMORY_H 1
#define HAVE_STRINGS_H 1
#define HAVE_INTTYPES_H 1
#define HAVE_STDINT_H 1
#define HAVE_UNISTD_H 1
#define HAVE_DLFCN_H 1
#define PACKAGE "tex-live"
#define VERSION "2010-07-20"
#define LT_OBJDIR ".libs/"
#define HAVE_FSEEKO 1
#define HAVE_DIRENT_H 1
#define STDC_HEADERS 1
#define HAVE_ASSERT_H 1
#define HAVE_FLOAT_H 1
#define HAVE_LIMITS_H 1
#define HAVE_MEMORY_H 1
#define HAVE_PWD_H 1
#define HAVE_STDLIB_H 1
#define HAVE_STRING_H 1
#define HAVE_STRINGS_H 1
#define HAVE_SYS_PARAM_H 1
#define HAVE_UNISTD_H 1
#define HAVE_PUTENV 1
#define HAVE_STRCASECMP 1
#define HAVE_STRTOL 1
#define HAVE_STRSTR 1
#define HAVE_BCMP 1
#define HAVE_BCOPY 1
#define HAVE_BZERO 1
#define HAVE_GETCWD 1
#define HAVE_GETWD 1
#define HAVE_INDEX 1
#define HAVE_MEMCMP 1
#define HAVE_MEMCPY 1
#define HAVE_MKSTEMP 1
#define HAVE_MKTEMP 1
#define HAVE_RINDEX 1
#define HAVE_STRCHR 1
#define HAVE_STRRCHR 1
#define HAVE_STRUCT_STAT_ST_MTIM 1
#define HAVE_PROGRAM_INVOCATION_NAME 1
#define X_DISPLAY_MISSING 1

configure: exit 0
