This file contains any messages produced by compilers while
running configure, to aid debugging if configure makes a mistake.

It was created by libpng for TeX Live configure 1.2.40, which was
generated by GNU Autoconf 2.65.  Invocation command line was

  $ /home/dmonad/git/_test2/src/pdftex-1.40.11/src/libs/libpng/configure --disable-option-checking --prefix=/usr/local --enable-native-texlive-build --enable-cxx-runtime-hack --disable-shared --disable-largefile --without-x --disable-ptex --without-system-freetype --without-system-freetype2 --without-system-gd --without-system-graphite --without-system-icu --without-system-kpathsea --without-system-libpng --without-system-ptexenc --without-system-t1lib --without-system-teckit --without-system-xpdf --without-system-zlib --disable-all-pkgs --enable-pdftex --enable-static CC=emcc CFLAGS=-DELIDE_CODE CXX=/home/dmonad/utils/emsdk_portable/emscripten/master/em++ --enable-multiplatform=yes --enable-libtool-hack=yes --enable-texlive-build --bindir=${exec_prefix}/bin/x86_64-unknown-linux-gnu --libdir=${exec_prefix}/lib/x86_64-unknown-linux-gnu --enable-chktex=no --enable-dialog=no --enable-ps2eps=no --enable-psutils=no --enable-t1utils=no --enable-tpic2pdftex=no --enable-vlna=no --enable-xindy=no --with-clisp-runtime=default --disable-xpdfopen --enable-web2c=no --enable-afm2pl=no --enable-bibtex8=no --enable-bibtexu=no --enable-cjkutils=no --enable-detex=no --enable-devnag=no --enable-dtl=no --enable-dvi2tty=no --enable-dvidvi=no --enable-dviljk=no --enable-dvipdfmx=no --enable-dvipng=no --enable-dvipos=no --enable-dvipsk=no --enable-dvisvgm=no --enable-gsftopk=no --enable-lacheck=no --enable-lcdf-typetools=no --enable-makeindexk=no --enable-makejvf=no --enable-mendexk=no --enable-musixflx=no --enable-ps2pkm=no --enable-seetexk=no --enable-tex4htk=no --enable-ttf2pk=no --enable-ttfdump=no --enable-xdv2pdf=no --disable-xdvik --enable-xdvipdfmx=no --enable-tetex=no --enable-texlive=no --with-system-zziplib=no --mandir=${prefix}/texmf/doc/man --infodir=${prefix}/texmf/doc/info --cache-file=../../config.cache --srcdir=/home/dmonad/git/_test2/src/pdftex-1.40.11/src/libs/libpng --disable-build --no-create --no-recursion

## --------- ##
## Platform. ##
## --------- ##

hostname = Jahns-Ubuntu
uname -m = x86_64
uname -r = 4.4.0-59-generic
uname -s = Linux
uname -v = #80-Ubuntu SMP Fri Jan 6 17:47:47 UTC 2017

/usr/bin/uname -p = unknown
/bin/uname -X     = unknown

/bin/arch              = unknown
/usr/bin/arch -k       = unknown
/usr/convex/getsysinfo = unknown
/usr/bin/hostinfo      = unknown
/bin/machine           = unknown
/usr/bin/oslevel       = unknown
/bin/universe          = unknown

PATH: /home/dmonad/utils/emsdk_portable/emscripten/master/system/bin
PATH: /home/dmonad/utils/emsdk_portable/node/4.1.1_64bit/lib/node_modules/npm/bin/node-gyp-bin
PATH: /home/dmonad/git/_test2/node_modules/.bin
PATH: /home/dmonad/utils/emsdk_portable/node/4.1.1_64bit/lib/node_modules/npm/bin/node-gyp-bin
PATH: /home/dmonad/git/_test2/node_modules/.bin
PATH: /home/dmonad/utils/emsdk_portable/node/4.1.1_64bit/lib/node_modules/npm/bin/node-gyp-bin
PATH: /home/dmonad/git/_test2/node_modules/.bin
PATH: /home/dmonad/utils/emsdk_portable
PATH: /home/dmonad/utils/emsdk_portable/clang/fastcomp/build_master_64/bin
PATH: /home/dmonad/utils/emsdk_portable/node/4.1.1_64bit/bin
PATH: /home/dmonad/utils/emsdk_portable/emscripten/master
PATH: /usr/local/sbin
PATH: /usr/local/bin
PATH: /usr/sbin
PATH: /usr/bin
PATH: /sbin
PATH: /bin
PATH: /usr/games
PATH: /usr/local/games
PATH: /snap/bin


## ----------- ##
## Core tests. ##
## ----------- ##

configure:2114: loading cache ../../config.cache
configure:2238: checking for a BSD-compatible install
configure:2306: result: /usr/bin/install -c
configure:2317: checking whether build environment is sane
configure:2367: result: yes
configure:2508: checking for a thread-safe mkdir -p
configure:2547: result: /bin/mkdir -p
configure:2560: checking for gawk
configure:2587: result: gawk
configure:2598: checking whether make sets $(MAKE)
configure:2620: result: yes
configure:2701: checking whether to enable maintainer-specific portions of Makefiles
configure:2710: result: no
configure:2772: checking for gcc
configure:2799: result: emcc
configure:3028: checking for C compiler version
configure:3037: emcc --version >&5
emcc (Emscripten gcc/clang-like replacement) 1.37.0 (commit 6dc4ac5f9e4d8484e273e4dcc554f809738cedd6)
Copyright (C) 2014 the Emscripten authors (see AUTHORS.txt)
This is free and open source software under the MIT license.
There is NO warranty; not even for MERCHANTABILITY or FITNESS FOR A PARTICULAR PURPOSE.
  
configure:3048: $? = 0
configure:3037: emcc -v >&5
emcc (Emscripten gcc/clang-like replacement + linker emulating GNU ld) 1.37.0
clang version 3.9.0 (https://github.com/kripken/emscripten-fastcomp-clang/ 60a7e9a9c22b67309e5b1258d38fadfa481a25d3) (https://github.com/kripken/emscripten-fastcomp/ 881bd352731d21c7117ad7e2ece347aacae83965) (emscripten 1.37.0 : 1.37.0)
Target: x86_64-unknown-linux-gnu
Thread model: posix
InstalledDir: /home/dmonad/utils/emsdk_portable/clang/fastcomp/build_master_64/bin
Found candidate GCC installation: /usr/lib/gcc/i686-linux-gnu/5
Found candidate GCC installation: /usr/lib/gcc/i686-linux-gnu/5.4.0
Found candidate GCC installation: /usr/lib/gcc/i686-linux-gnu/6
Found candidate GCC installation: /usr/lib/gcc/i686-linux-gnu/6.0.0
Found candidate GCC installation: /usr/lib/gcc/x86_64-linux-gnu/5
Found candidate GCC installation: /usr/lib/gcc/x86_64-linux-gnu/5.4.0
... rest of stderr output deleted ...
configure:3048: $? = 0
configure:3037: emcc -V >&5
ERROR:root:no input files
note that input files without a known suffix are ignored, make sure your input files end with one of: ('.c', '.C', '.i', '.cpp', '.cxx', '.cc', '.c++', '.CPP', '.CXX', '.CC', '.C++', '.ii', '.m', '.mi', '.mm', '.mii', '/dev/null', '.bc', '.o', '.obj', '.lo', '.dylib', '.so', '.a', '.ll', '.h', '.hxx', '.hpp', '.hh', '.H', '.HXX', '.HPP', '.HH')
configure:3048: $? = 1
configure:3037: emcc -qversion >&5
ERROR:root:no input files
note that input files without a known suffix are ignored, make sure your input files end with one of: ('.c', '.C', '.i', '.cpp', '.cxx', '.cc', '.c++', '.CPP', '.CXX', '.CC', '.C++', '.ii', '.m', '.mi', '.mm', '.mii', '/dev/null', '.bc', '.o', '.obj', '.lo', '.dylib', '.so', '.a', '.ll', '.h', '.hxx', '.hpp', '.hh', '.H', '.HXX', '.HPP', '.HH')
configure:3048: $? = 1
configure:3068: checking whether the C compiler works
configure:3090: emcc -DELIDE_CODE   conftest.c  >&5
configure:3094: $? = 0
configure:3143: result: yes
configure:3146: checking for C compiler default output file name
configure:3148: result: a.out
configure:3154: checking for suffix of executables
configure:3161: emcc -o conftest -DELIDE_CODE   conftest.c  >&5
configure:3165: $? = 0
configure:3187: result: 
configure:3209: checking whether we are cross compiling
configure:3217: emcc -o conftest -DELIDE_CODE   conftest.c  >&5
configure:3221: $? = 0
configure:3228: ./conftest
configure:3232: $? = 0
configure:3247: result: no
configure:3252: checking for suffix of object files
configure:3299: result: o
configure:3303: checking whether we are using the GNU C compiler
configure:3331: result: yes
configure:3340: checking whether emcc accepts -g
configure:3401: result: yes
configure:3418: checking for emcc option to accept ISO C89
configure:3495: result: none needed
configure:3526: checking for style of include used by make
configure:3554: result: GNU
configure:3579: checking dependency style of emcc
configure:3689: result: gcc3
configure:3747: checking for ranlib
configure:3774: result: /home/dmonad/utils/emsdk_portable/emscripten/master/emranlib
configure:3796: checking whether ln -s works
configure:3800: result: yes
configure:3823: checking what warning flags to pass to the C compiler
configure:3865: result: -Wimplicit -Wreturn-type -Wdeclaration-after-statement -Wno-unknown-pragmas
configure:3885: checking how to run the C preprocessor
configure:3955: result: emcc -E
configure:3975: emcc -E  conftest.c
configure:3975: $? = 0
configure:3989: emcc -E  conftest.c
conftest.c:11:10: fatal error: 'ac_nonexistent.h' file not found
#include <ac_nonexistent.h>
         ^
1 error generated.
configure:3989: $? = 1
configure: failed program was:
| /* confdefs.h */
| #define PACKAGE_NAME "libpng for TeX Live"
| #define PACKAGE_TARNAME "libpng-for-tex-live"
| #define PACKAGE_VERSION "1.2.40"
| #define PACKAGE_STRING "libpng for TeX Live 1.2.40"
| #define PACKAGE_BUGREPORT "tex-k@tug.org"
| #define PACKAGE_URL ""
| #define PACKAGE "libpng-for-tex-live"
| #define VERSION "1.2.40"
| /* end confdefs.h.  */
| #include <ac_nonexistent.h>
configure:4018: checking for grep that handles long lines and -e
configure:4076: result: /bin/grep
configure:4081: checking for egrep
configure:4143: result: /bin/grep -E
configure:4148: checking for ANSI C header files
configure:4252: result: yes
configure:4265: checking for sys/types.h
configure:4265: result: yes
configure:4265: checking for sys/stat.h
configure:4265: result: yes
configure:4265: checking for stdlib.h
configure:4265: result: yes
configure:4265: checking for string.h
configure:4265: result: yes
configure:4265: checking for memory.h
configure:4265: result: yes
configure:4265: checking for strings.h
configure:4265: result: yes
configure:4265: checking for inttypes.h
configure:4265: result: yes
configure:4265: checking for stdint.h
configure:4265: result: yes
configure:4265: checking for unistd.h
configure:4265: result: yes
configure:4281: checking for malloc.h
configure:4281: result: yes
configure:4281: checking for stdlib.h
configure:4281: result: yes
configure:4281: checking for string.h
configure:4281: result: yes
configure:4281: checking for strings.h
configure:4281: result: yes
configure:4294: checking for an ANSI C-conforming const
configure:4366: result: yes
configure:4374: checking for size_t
configure:4374: result: yes
configure:4385: checking whether struct tm is in sys/time.h or time.h
configure:4412: result: time.h
configure:4422: checking for working strtod
configure:4473: result: yes
configure:4537: checking for memset
configure:4537: result: yes
configure:4548: checking for library containing pow
configure:4596: result: -lm
configure:4669: checking for zlibVersion
configure:4669: emcc -o conftest -DELIDE_CODE -I/home/dmonad/git/_test2/src/pdftex-1.40.11/build-pdftex/libs/zlib/include   conftest.c /home/dmonad/git/_test2/src/pdftex-1.40.11/build-pdftex/libs/zlib/libz.a -lm  >&5
configure:4669: $? = 0
configure:4669: result: yes
configure:4757: updating cache ../../config.cache
configure:4818: creating ./config.status

## ---------------- ##
## Cache variables. ##
## ---------------- ##

ac_cv_build=x86_64-unknown-linux-gnu
ac_cv_c_bigendian=no
ac_cv_c_compiler_gnu=yes
ac_cv_c_const=yes
ac_cv_c_inline=inline
ac_cv_cc_implements___FUNCTION__=yes
ac_cv_cc_implements___func__=yes
ac_cv_cxx_compiler_gnu=yes
ac_cv_env_CCC_set=
ac_cv_env_CCC_value=
ac_cv_env_CC_set=set
ac_cv_env_CC_value=emcc
ac_cv_env_CFLAGS_set=set
ac_cv_env_CFLAGS_value=-DELIDE_CODE
ac_cv_env_CPPFLAGS_set=
ac_cv_env_CPPFLAGS_value=
ac_cv_env_CPP_set=
ac_cv_env_CPP_value=
ac_cv_env_CXXCPP_set=
ac_cv_env_CXXCPP_value=
ac_cv_env_CXXFLAGS_set=
ac_cv_env_CXXFLAGS_value=
ac_cv_env_CXX_set=set
ac_cv_env_CXX_value=/home/dmonad/utils/emsdk_portable/emscripten/master/em++
ac_cv_env_LDFLAGS_set=
ac_cv_env_LDFLAGS_value=
ac_cv_env_LIBS_set=
ac_cv_env_LIBS_value=
ac_cv_env_OBJCXXFLAGS_set=
ac_cv_env_OBJCXXFLAGS_value=
ac_cv_env_OBJCXX_set=
ac_cv_env_OBJCXX_value=
ac_cv_env_XMKMF_set=
ac_cv_env_XMKMF_value=
ac_cv_env_YACC_set=
ac_cv_env_YACC_value=
ac_cv_env_YFLAGS_set=
ac_cv_env_YFLAGS_value=
ac_cv_env_build_alias_set=
ac_cv_env_build_alias_value=
ac_cv_env_host_alias_set=
ac_cv_env_host_alias_value=
ac_cv_env_target_alias_set=
ac_cv_env_target_alias_value=
ac_cv_func_access=yes
ac_cv_func_asprintf=yes
ac_cv_func_atoi=yes
ac_cv_func_bcmp=yes
ac_cv_func_bcopy=yes
ac_cv_func_bzero=yes
ac_cv_func_closedir_void=no
ac_cv_func_fmax=yes
ac_cv_func_ftime=yes
ac_cv_func_getcwd=yes
ac_cv_func_gettimeofday=yes
ac_cv_func_getwd=yes
ac_cv_func_index=yes
ac_cv_func_memcmp=yes
ac_cv_func_memcpy=yes
ac_cv_func_memset=yes
ac_cv_func_mkdtemp=yes
ac_cv_func_mkstemp=yes
ac_cv_func_mkstemps=yes
ac_cv_func_mktemp=yes
ac_cv_func_popen=yes
ac_cv_func_putenv=yes
ac_cv_func_rindex=yes
ac_cv_func_setlocale=yes
ac_cv_func_snprintf=yes
ac_cv_func_strcasecmp=yes
ac_cv_func_strchr=yes
ac_cv_func_strdup=yes
ac_cv_func_strerror=yes
ac_cv_func_strftime=yes
ac_cv_func_strlcat=no
ac_cv_func_strlcpy=no
ac_cv_func_strrchr=yes
ac_cv_func_strsep=yes
ac_cv_func_strstr=yes
ac_cv_func_strtod=yes
ac_cv_func_strtol=yes
ac_cv_func_strtoll=yes
ac_cv_func_strtonum=no
ac_cv_func_strtoul=yes
ac_cv_func_sysconf=yes
ac_cv_func_vasprintf=yes
ac_cv_func_vsnprintf=yes
ac_cv_func_zlibVersion=yes
ac_cv_have___va_copy=yes
ac_cv_have_decl_LLONG_MAX=yes
ac_cv_have_decl_getrusage=no
ac_cv_have_decl_putenv=yes
ac_cv_have_decl_strsep=yes
ac_cv_have_decl_strstr=yes
ac_cv_have_getopt_optreset=no
ac_cv_have_int64_t=yes
ac_cv_have_intxx_t=yes
ac_cv_have_size_t=yes
ac_cv_have_ssize_t=yes
ac_cv_have_u_char=yes
ac_cv_have_u_int64_t=yes
ac_cv_have_u_int=yes
ac_cv_have_u_intxx_t=yes
ac_cv_have_va_copy=yes
ac_cv_header_assert_h=yes
ac_cv_header_dirent_dirent_h=yes
ac_cv_header_dlfcn_h=yes
ac_cv_header_endian_h=yes
ac_cv_header_errno_h=yes
ac_cv_header_features_h=yes
ac_cv_header_float_h=yes
ac_cv_header_floatingpoint_h=no
ac_cv_header_inttypes_h=yes
ac_cv_header_iostream=no
ac_cv_header_langinfo_h=yes
ac_cv_header_limits_h=yes
ac_cv_header_locale_h=yes
ac_cv_header_malloc_h=yes
ac_cv_header_memory_h=yes
ac_cv_header_pwd_h=yes
ac_cv_header_stdc=yes
ac_cv_header_stddef_h=yes
ac_cv_header_stdint_h=yes
ac_cv_header_stdlib_h=yes
ac_cv_header_string_h=yes
ac_cv_header_strings_h=yes
ac_cv_header_sys_param_h=yes
ac_cv_header_sys_select_h=yes
ac_cv_header_sys_stat_h=yes
ac_cv_header_sys_stropts_h=yes
ac_cv_header_sys_strtio_h=no
ac_cv_header_sys_sysmacros_h=yes
ac_cv_header_sys_time_h=yes
ac_cv_header_sys_timeb_h=yes
ac_cv_header_sys_types_h=yes
ac_cv_header_sys_wait_h=yes
ac_cv_header_time_h=yes
ac_cv_header_unistd_h=yes
ac_cv_header_util_h=no
ac_cv_host=x86_64-unknown-linux-gnu
ac_cv_libc_defines___progname=yes
ac_cv_member_struct_stat_st_mtim=yes
ac_cv_objcxx_compiler_gnu=no
ac_cv_objext=o
ac_cv_path_AR=/home/dmonad/utils/emsdk_portable/emscripten/master/emar
ac_cv_path_CAT=/bin/cat
ac_cv_path_EGREP='/bin/grep -E'
ac_cv_path_FGREP='/bin/grep -F'
ac_cv_path_GREP=/bin/grep
ac_cv_path_SED=/bin/sed
ac_cv_path_SH=/bin/sh
ac_cv_path_TEST_MINUS_S_SH=/bin/bash
ac_cv_path_install='/usr/bin/install -c'
ac_cv_path_mkdir=/bin/mkdir
ac_cv_prog_AWK=gawk
ac_cv_prog_CPP='emcc -E'
ac_cv_prog_CXXCPP='/home/dmonad/utils/emsdk_portable/emscripten/master/em++ -E'
ac_cv_prog_KPSEWHICH=kpsewhich
ac_cv_prog_ac_ct_AR=/home/dmonad/utils/emsdk_portable/emscripten/master/emar
ac_cv_prog_ac_ct_CC=emcc
ac_cv_prog_ac_ct_OBJCXX=g++
ac_cv_prog_ac_ct_OBJDUMP=objdump
ac_cv_prog_ac_ct_PKG_CONFIG=pkg-config
ac_cv_prog_ac_ct_RANLIB=/home/dmonad/utils/emsdk_portable/emscripten/master/emranlib
ac_cv_prog_ac_ct_STRIP=strip
ac_cv_prog_cc_c89=
ac_cv_prog_cc_g=yes
ac_cv_prog_cxx_g=yes
ac_cv_prog_make_make_set=yes
ac_cv_prog_objcxx_g=no
ac_cv_search_connect='none required'
ac_cv_search_dlopen=-ldl
ac_cv_search_gethostbyname='none required'
ac_cv_search_inet_aton='none required'
ac_cv_search_nanosleep='none required'
ac_cv_search_opendir='none required'
ac_cv_search_pow=-lm
ac_cv_sizeof_char=1
ac_cv_sizeof_int=4
ac_cv_sizeof_long=8
ac_cv_sizeof_long_int=8
ac_cv_sizeof_long_long_int=8
ac_cv_sizeof_short_int=2
ac_cv_struct_tm=time.h
ac_cv_sys_largefile_source=no
ac_cv_type_long_double=yes
ac_cv_type_long_long=yes
ac_cv_type_long_long_int=yes
ac_cv_type_signal=void
ac_cv_type_size_t=yes
ac_cv_type_unsigned_long_long=yes
am_cv_CC_dependencies_compiler_type=gcc3
am_cv_CXX_dependencies_compiler_type=gcc3
kb_cv_c_prototypes=yes
kb_cv_func_getcwd_forks=no
kb_cv_var_program_inv_name=yes
kpse_cv_cxx_hack='not supported'
kpse_cv_fontconfig_includes=
kpse_cv_fontconfig_libs=-lfontconfig
kpse_cv_have_Carbon=no
kpse_cv_have_fontconfig=no
kpse_cv_have_getPDFMajorVersion=no
kpse_cv_have_win32=no
kpse_cv_kpse_debug=no
kpse_cv_warning_cflags='-Wimplicit -Wreturn-type -Wdeclaration-after-statement -Wno-unknown-pragmas'
kpse_cv_warning_cxxflags='-Wimplicit -Wreturn-type -Wno-unknown-pragmas'
kpse_cv_warning_objcxxflags=
lt_cv_deplibs_check_method=pass_all
lt_cv_file_magic_cmd='$MAGIC_CMD'
lt_cv_file_magic_test_file=
lt_cv_ld_reload_flag=-r
lt_cv_nm_interface='BSD nm'
lt_cv_objdir=.libs
lt_cv_path_LD=/home/dmonad/utils/emsdk_portable/emscripten/master/emcc
lt_cv_path_LDCXX='/home/dmonad/utils/emsdk_portable/emscripten/master/emcc -m elf_x86_64'
lt_cv_path_NM=/home/dmonad/utils/emsdk_portable/clang/fastcomp/build_master_64/bin/llvm-nm
lt_cv_prog_compiler_c_o=yes
lt_cv_prog_compiler_c_o_CXX=yes
lt_cv_prog_compiler_pic_works=yes
lt_cv_prog_compiler_pic_works_CXX=yes
lt_cv_prog_compiler_rtti_exceptions=yes
lt_cv_prog_compiler_static_works=yes
lt_cv_prog_compiler_static_works_CXX=yes
lt_cv_prog_gnu_ld=yes
lt_cv_prog_gnu_ldcxx=no
lt_cv_sys_global_symbol_pipe='sed -n -e '\''s/^.*[	 ]\([BCDEGRST][BCDEGRST]*\)[	 ][	 ]*\([_A-Za-z][_A-Za-z0-9]*\)$/\1 \2 \2/p'\'''
lt_cv_sys_global_symbol_to_c_name_address='sed -n -e '\''s/^: \([^ ]*\) $/  {\"\1\", (void *) 0},/p'\'' -e '\''s/^[BCDEGRST]* \([^ ]*\) \([^ ]*\)$/  {"\2", (void *) \&\2},/p'\'''
lt_cv_sys_global_symbol_to_c_name_address_lib_prefix='sed -n -e '\''s/^: \([^ ]*\) $/  {\"\1\", (void *) 0},/p'\'' -e '\''s/^[BCDEGRST]* \([^ ]*\) \(lib[^ ]*\)$/  {"\2", (void *) \&\2},/p'\'' -e '\''s/^[BCDEGRST]* \([^ ]*\) \([^ ]*\)$/  {"lib\2", (void *) \&\2},/p'\'''
lt_cv_sys_global_symbol_to_cdecl='sed -n -e '\''s/^T .* \(.*\)$/extern int \1();/p'\'' -e '\''s/^[BCDEGRST]* .* \(.*\)$/extern char \1;/p'\'''
lt_cv_sys_max_cmd_len=1572864
pb_cv_asm_underscore=no

## ----------------- ##
## Output variables. ##
## ----------------- ##

	cd ${top_builddir}/../../libs/zlib && $(MAKE) $(AM_MAKEFLAGS) rebuild
	cd ${top_builddir}/../../libs/zlib && $(MAKE) $(AM_MAKEFLAGS) rebuild'
$(ZLIB_DEPEND): ${top_builddir}/../../libs/zlib/include/zconf.h
${top_builddir}/../../libs/zlib/include/zconf.h:
ACLOCAL='${SHELL} /home/dmonad/git/_test2/src/pdftex-1.40.11/src/build-aux/missing --run aclocal-1.11'
AMDEPBACKSLASH='\'
AMDEP_FALSE='#'
AMDEP_TRUE=''
AMTAR='${SHELL} /home/dmonad/git/_test2/src/pdftex-1.40.11/src/build-aux/missing --run tar'
AUTOCONF='${SHELL} /home/dmonad/git/_test2/src/pdftex-1.40.11/src/build-aux/missing --run autoconf'
AUTOHEADER='${SHELL} /home/dmonad/git/_test2/src/pdftex-1.40.11/src/build-aux/missing --run autoheader'
AUTOMAKE='${SHELL} /home/dmonad/git/_test2/src/pdftex-1.40.11/src/build-aux/missing --run automake-1.11'
AWK='gawk'
CC='emcc'
CCDEPMODE='depmode=gcc3'
CFLAGS='-DELIDE_CODE'
CPP='emcc -E'
CPPFLAGS=''
CYGPATH_W='echo'
DEFS='-DHAVE_CONFIG_H'
DEPDIR='.deps'
ECHO_C=''
ECHO_N='-n'
ECHO_T=''
EGREP='/bin/grep -E'
EXEEXT=''
GREP='/bin/grep'
INSTALL_DATA='${INSTALL} -m 644'
INSTALL_PROGRAM='${INSTALL}'
INSTALL_SCRIPT='${INSTALL}'
INSTALL_STRIP_PROGRAM='$(install_sh) -c -s'
LDFLAGS=''
LIBOBJS=''
LIBPNG_DEFINES='-DPNG_CONFIGURE_LIBPNG -DPNG_NO_MMX_CODE'
LIBPNG_TREE='libpng-1.2.40'
LIBS='-lm '
LN_S='ln -s'
LTLIBOBJS=''
MAINT='#'
MAINTAINER_MODE_FALSE=''
MAINTAINER_MODE_TRUE='#'
MAKEINFO='${SHELL} /home/dmonad/git/_test2/src/pdftex-1.40.11/src/build-aux/missing --run makeinfo'
MKDIR_P='/bin/mkdir -p'
OBJEXT='o'
PACKAGE='libpng-for-tex-live'
PACKAGE_BUGREPORT='tex-k@tug.org'
PACKAGE_NAME='libpng for TeX Live'
PACKAGE_STRING='libpng for TeX Live 1.2.40'
PACKAGE_TARNAME='libpng-for-tex-live'
PACKAGE_URL=''
PACKAGE_VERSION='1.2.40'
PATH_SEPARATOR=':'
POW_LIB=''
RANLIB='/home/dmonad/utils/emsdk_portable/emscripten/master/emranlib'
SET_MAKE=''
SHELL='/bin/bash'
STRIP=''
VERSION='1.2.40'
WARNING_CFLAGS='-Wimplicit -Wreturn-type -Wdeclaration-after-statement -Wno-unknown-pragmas'
ZLIB_DEPEND='${top_builddir}/../../libs/zlib/libz.a'
ZLIB_INCLUDES='-I/home/dmonad/git/_test2/src/pdftex-1.40.11/build-pdftex/libs/zlib/include'
ZLIB_LIBS='/home/dmonad/git/_test2/src/pdftex-1.40.11/build-pdftex/libs/zlib/libz.a'
ZLIB_RULE='# Rebuild libz
ac_ct_CC='emcc'
am__EXEEXT_FALSE=''
am__EXEEXT_TRUE='#'
am__fastdepCC_FALSE='#'
am__fastdepCC_TRUE=''
am__include='include'
am__isrc=' -I$(srcdir)'
am__leading_dot='.'
am__quote=''
am__tar='${AMTAR} chof - "$$tardir"'
am__untar='${AMTAR} xf -'
bindir='${exec_prefix}/bin/x86_64-unknown-linux-gnu'
build_FALSE=''
build_TRUE='#'
build_alias=''
datadir='${datarootdir}'
datarootdir='${prefix}/share'
docdir='${datarootdir}/doc/${PACKAGE_TARNAME}'
dvidir='${docdir}'
exec_prefix='${prefix}'
host_alias=''
htmldir='${docdir}'
includedir='${prefix}/include'
infodir='${prefix}/texmf/doc/info'
install_sh='${SHELL} /home/dmonad/git/_test2/src/pdftex-1.40.11/src/build-aux/install-sh'
libdir='${exec_prefix}/lib/x86_64-unknown-linux-gnu'
libexecdir='${exec_prefix}/libexec'
localedir='${datarootdir}/locale'
localstatedir='${prefix}/var'
mandir='${prefix}/texmf/doc/man'
mkdir_p='/bin/mkdir -p'
oldincludedir='/usr/include'
pdfdir='${docdir}'
prefix='/usr/local'
program_transform_name='s,x,x,'
psdir='${docdir}'
sbindir='${exec_prefix}/sbin'
sharedstatedir='${prefix}/com'
sysconfdir='${prefix}/etc'
target_alias=''

## ----------- ##
## confdefs.h. ##
## ----------- ##

/* confdefs.h */
#define PACKAGE_NAME "libpng for TeX Live"
#define PACKAGE_TARNAME "libpng-for-tex-live"
#define PACKAGE_VERSION "1.2.40"
#define PACKAGE_STRING "libpng for TeX Live 1.2.40"
#define PACKAGE_BUGREPORT "tex-k@tug.org"
#define PACKAGE_URL ""
#define PACKAGE "libpng-for-tex-live"
#define VERSION "1.2.40"
#define STDC_HEADERS 1
#define HAVE_SYS_TYPES_H 1
#define HAVE_SYS_STAT_H 1
#define HAVE_STDLIB_H 1
#define HAVE_STRING_H 1
#define HAVE_MEMORY_H 1
#define HAVE_STRINGS_H 1
#define HAVE_INTTYPES_H 1
#define HAVE_STDINT_H 1
#define HAVE_UNISTD_H 1
#define HAVE_MALLOC_H 1
#define HAVE_STDLIB_H 1
#define HAVE_STRING_H 1
#define HAVE_STRINGS_H 1
#define HAVE_MEMSET 1

configure: exit 0

## ---------------------- ##
## Running config.status. ##
## ---------------------- ##

This file was extended by libpng for TeX Live config.status 1.2.40, which was
generated by GNU Autoconf 2.65.  Invocation command line was

  CONFIG_FILES    = 
  CONFIG_HEADERS  = 
  CONFIG_LINKS    = 
  CONFIG_COMMANDS = 
  $ ./config.status 

on Jahns-Ubuntu

config.status:875: creating Makefile
config.status:875: creating include/Makefile
config.status:875: creating config.h
config.status:1040: config.h is unchanged
config.status:1088: executing depfiles commands
