This file contains any messages produced by compilers while
running configure, to aid debugging if configure makes a mistake.

It was created by zlib for TeX Live configure 1.2.3, which was
generated by GNU Autoconf 2.65.  Invocation command line was

  $ /home/dmonad/git/_test2/src/pdftex-1.40.11/src/libs/zlib/configure --disable-option-checking --prefix=/usr/local --enable-native-texlive-build --enable-cxx-runtime-hack --disable-shared --disable-largefile --without-x --disable-ptex --without-system-freetype --without-system-freetype2 --without-system-gd --without-system-graphite --without-system-icu --without-system-kpathsea --without-system-libpng --without-system-ptexenc --without-system-t1lib --without-system-teckit --without-system-xpdf --without-system-zlib --disable-all-pkgs --enable-pdftex --enable-static CC=emcc CFLAGS=-DELIDE_CODE CXX=/home/dmonad/utils/emsdk_portable/emscripten/master/em++ --enable-multiplatform=yes --enable-libtool-hack=yes --enable-texlive-build --bindir=${exec_prefix}/bin/x86_64-unknown-linux-gnu --libdir=${exec_prefix}/lib/x86_64-unknown-linux-gnu --enable-chktex=no --enable-dialog=no --enable-ps2eps=no --enable-psutils=no --enable-t1utils=no --enable-tpic2pdftex=no --enable-vlna=no --enable-xindy=no --with-clisp-runtime=default --disable-xpdfopen --enable-web2c=no --enable-afm2pl=no --enable-bibtex8=no --enable-bibtexu=no --enable-cjkutils=no --enable-detex=no --enable-devnag=no --enable-dtl=no --enable-dvi2tty=no --enable-dvidvi=no --enable-dviljk=no --enable-dvipdfmx=no --enable-dvipng=no --enable-dvipos=no --enable-dvipsk=no --enable-dvisvgm=no --enable-gsftopk=no --enable-lacheck=no --enable-lcdf-typetools=no --enable-makeindexk=no --enable-makejvf=no --enable-mendexk=no --enable-musixflx=no --enable-ps2pkm=no --enable-seetexk=no --enable-tex4htk=no --enable-ttf2pk=no --enable-ttfdump=no --enable-xdv2pdf=no --disable-xdvik --enable-xdvipdfmx=no --enable-tetex=no --enable-texlive=no --with-system-zziplib=no --mandir=${prefix}/texmf/doc/man --infodir=${prefix}/texmf/doc/info --cache-file=../../config.cache --srcdir=/home/dmonad/git/_test2/src/pdftex-1.40.11/src/libs/zlib --disable-build

## --------- ##
## Platform. ##
## --------- ##

hostname = Jahns-Ubuntu
uname -m = x86_64
uname -r = 4.4.0-59-generic
uname -s = Linux
uname -v = #80-Ubuntu SMP Fri Jan 6 17:47:47 UTC 2017

/usr/bin/uname -p = unknown
/bin/uname -X     = unknown

/bin/arch              = unknown
/usr/bin/arch -k       = unknown
/usr/convex/getsysinfo = unknown
/usr/bin/hostinfo      = unknown
/bin/machine           = unknown
/usr/bin/oslevel       = unknown
/bin/universe          = unknown

PATH: /home/dmonad/utils/emsdk_portable/emscripten/master/system/bin
PATH: /home/dmonad/utils/emsdk_portable/node/4.1.1_64bit/lib/node_modules/npm/bin/node-gyp-bin
PATH: /home/dmonad/git/_test2/node_modules/.bin
PATH: /home/dmonad/utils/emsdk_portable/node/4.1.1_64bit/lib/node_modules/npm/bin/node-gyp-bin
PATH: /home/dmonad/git/_test2/node_modules/.bin
PATH: /home/dmonad/utils/emsdk_portable/node/4.1.1_64bit/lib/node_modules/npm/bin/node-gyp-bin
PATH: /home/dmonad/git/_test2/node_modules/.bin
PATH: /home/dmonad/utils/emsdk_portable
PATH: /home/dmonad/utils/emsdk_portable/clang/fastcomp/build_master_64/bin
PATH: /home/dmonad/utils/emsdk_portable/node/4.1.1_64bit/bin
PATH: /home/dmonad/utils/emsdk_portable/emscripten/master
PATH: /usr/local/sbin
PATH: /usr/local/bin
PATH: /usr/sbin
PATH: /usr/bin
PATH: /sbin
PATH: /bin
PATH: /usr/games
PATH: /usr/local/games
PATH: /snap/bin


## ----------- ##
## Core tests. ##
## ----------- ##

configure:1929: loading cache ../../config.cache
configure:2053: checking for a BSD-compatible install
configure:2121: result: /usr/bin/install -c
configure:2132: checking whether build environment is sane
configure:2182: result: yes
configure:2323: checking for a thread-safe mkdir -p
configure:2362: result: /bin/mkdir -p
configure:2375: checking for gawk
configure:2402: result: gawk
configure:2413: checking whether make sets $(MAKE)
configure:2435: result: yes
configure:2516: checking whether to enable maintainer-specific portions of Makefiles
configure:2525: result: no
configure:2587: checking for gcc
configure:2614: result: emcc
configure:2843: checking for C compiler version
configure:2852: emcc --version >&5
emcc (Emscripten gcc/clang-like replacement) 1.37.0 (commit 6dc4ac5f9e4d8484e273e4dcc554f809738cedd6)
Copyright (C) 2014 the Emscripten authors (see AUTHORS.txt)
This is free and open source software under the MIT license.
There is NO warranty; not even for MERCHANTABILITY or FITNESS FOR A PARTICULAR PURPOSE.
  
configure:2863: $? = 0
configure:2852: emcc -v >&5
emcc (Emscripten gcc/clang-like replacement + linker emulating GNU ld) 1.37.0
clang version 3.9.0 (https://github.com/kripken/emscripten-fastcomp-clang/ 60a7e9a9c22b67309e5b1258d38fadfa481a25d3) (https://github.com/kripken/emscripten-fastcomp/ 881bd352731d21c7117ad7e2ece347aacae83965) (emscripten 1.37.0 : 1.37.0)
Target: x86_64-unknown-linux-gnu
Thread model: posix
InstalledDir: /home/dmonad/utils/emsdk_portable/clang/fastcomp/build_master_64/bin
Found candidate GCC installation: /usr/lib/gcc/i686-linux-gnu/5
Found candidate GCC installation: /usr/lib/gcc/i686-linux-gnu/5.4.0
Found candidate GCC installation: /usr/lib/gcc/i686-linux-gnu/6
Found candidate GCC installation: /usr/lib/gcc/i686-linux-gnu/6.0.0
Found candidate GCC installation: /usr/lib/gcc/x86_64-linux-gnu/5
Found candidate GCC installation: /usr/lib/gcc/x86_64-linux-gnu/5.4.0
... rest of stderr output deleted ...
configure:2863: $? = 0
configure:2852: emcc -V >&5
clang-3.9: error: unsupported option '-V -nostdinc'
clang-3.9: error: no input files
configure:2863: $? = 1
configure:2852: emcc -qversion >&5
clang-3.9: error: unknown argument: '-qversion'
clang-3.9: error: no input files
configure:2863: $? = 1
configure:2883: checking whether the C compiler works
configure:2905: emcc -DELIDE_CODE   conftest.c  >&5
configure:2909: $? = 0
configure:2958: result: yes
configure:2961: checking for C compiler default output file name
configure:2963: result: a.out
configure:2969: checking for suffix of executables
configure:2976: emcc -o conftest -DELIDE_CODE   conftest.c  >&5
configure:2980: $? = 0
configure:3002: result: 
configure:3024: checking whether we are cross compiling
configure:3032: emcc -o conftest -DELIDE_CODE   conftest.c  >&5
configure:3036: $? = 0
configure:3043: ./conftest
configure:3047: $? = 0
configure:3062: result: no
configure:3067: checking for suffix of object files
configure:3114: result: o
configure:3118: checking whether we are using the GNU C compiler
configure:3146: result: yes
configure:3155: checking whether emcc accepts -g
configure:3216: result: yes
configure:3233: checking for emcc option to accept ISO C89
configure:3310: result: none needed
configure:3341: checking for style of include used by make
configure:3369: result: GNU
configure:3394: checking dependency style of emcc
configure:3504: result: gcc3
configure:3562: checking for ranlib
configure:3589: result: /home/dmonad/utils/emsdk_portable/emscripten/master/emranlib
configure:3611: checking whether ln -s works
configure:3615: result: yes
configure:3644: checking how to run the C preprocessor
configure:3714: result: emcc -E
configure:3734: emcc -E  conftest.c
configure:3734: $? = 0
configure:3748: emcc -E  conftest.c
conftest.c:11:10: fatal error: 'ac_nonexistent.h' file not found
#include <ac_nonexistent.h>
         ^
1 error generated.
configure:3748: $? = 1
configure: failed program was:
| /* confdefs.h */
| #define PACKAGE_NAME "zlib for TeX Live"
| #define PACKAGE_TARNAME "zlib-for-tex-live"
| #define PACKAGE_VERSION "1.2.3"
| #define PACKAGE_STRING "zlib for TeX Live 1.2.3"
| #define PACKAGE_BUGREPORT "tex-k@tug.org"
| #define PACKAGE_URL ""
| #define PACKAGE "zlib-for-tex-live"
| #define VERSION "1.2.3"
| /* end confdefs.h.  */
| #include <ac_nonexistent.h>
configure:3777: checking for grep that handles long lines and -e
configure:3835: result: /bin/grep
configure:3840: checking for egrep
configure:3902: result: /bin/grep -E
configure:3907: checking for ANSI C header files
configure:4011: result: yes
configure:4028: checking for sys/types.h
configure:4028: result: yes
configure:4028: checking for sys/stat.h
configure:4028: result: yes
configure:4028: checking for stdlib.h
configure:4028: result: yes
configure:4028: checking for string.h
configure:4028: result: yes
configure:4028: checking for memory.h
configure:4028: result: yes
configure:4028: checking for strings.h
configure:4028: result: yes
configure:4028: checking for inttypes.h
configure:4028: result: yes
configure:4028: checking for stdint.h
configure:4028: result: yes
configure:4028: checking for unistd.h
configure:4028: result: yes
configure:4043: checking for unistd.h
configure:4043: result: yes
configure:4073: checking errno.h usability
configure:4073: emcc -c -DELIDE_CODE  conftest.c >&5
configure:4073: $? = 0
configure:4073: result: yes
configure:4073: checking errno.h presence
configure:4073: emcc -E  conftest.c
configure:4073: $? = 0
configure:4073: result: yes
configure:4073: checking for errno.h
configure:4073: result: yes
configure:4082: checking for mmap support
configure:4100: emcc -c -DELIDE_CODE  conftest.c >&5
configure:4100: $? = 0
configure:4101: result: yes
configure:4186: updating cache ../../config.cache
configure:4251: creating ./config.status

## ---------------------- ##
## Running config.status. ##
## ---------------------- ##

This file was extended by zlib for TeX Live config.status 1.2.3, which was
generated by GNU Autoconf 2.65.  Invocation command line was

  CONFIG_FILES    = 
  CONFIG_HEADERS  = 
  CONFIG_LINKS    = 
  CONFIG_COMMANDS = 
  $ ./config.status 

on Jahns-Ubuntu

config.status:866: creating Makefile
config.status:866: creating include/Makefile
config.status:866: creating config.h
config.status:1079: executing depfiles commands
config.status:1079: executing zconf.h commands

## ---------------- ##
## Cache variables. ##
## ---------------- ##

ac_cv_build=x86_64-unknown-linux-gnu
ac_cv_c_compiler_gnu=yes
ac_cv_c_const=yes
ac_cv_c_inline=inline
ac_cv_cxx_compiler_gnu=yes
ac_cv_env_CCC_set=
ac_cv_env_CCC_value=
ac_cv_env_CC_set=set
ac_cv_env_CC_value=emcc
ac_cv_env_CFLAGS_set=set
ac_cv_env_CFLAGS_value=-DELIDE_CODE
ac_cv_env_CPPFLAGS_set=
ac_cv_env_CPPFLAGS_value=
ac_cv_env_CPP_set=
ac_cv_env_CPP_value=
ac_cv_env_CXXCPP_set=
ac_cv_env_CXXCPP_value=
ac_cv_env_CXXFLAGS_set=
ac_cv_env_CXXFLAGS_value=
ac_cv_env_CXX_set=set
ac_cv_env_CXX_value=/home/dmonad/utils/emsdk_portable/emscripten/master/em++
ac_cv_env_LDFLAGS_set=
ac_cv_env_LDFLAGS_value=
ac_cv_env_LIBS_set=
ac_cv_env_LIBS_value=
ac_cv_env_XMKMF_set=
ac_cv_env_XMKMF_value=
ac_cv_env_build_alias_set=
ac_cv_env_build_alias_value=
ac_cv_env_host_alias_set=
ac_cv_env_host_alias_value=
ac_cv_env_target_alias_set=
ac_cv_env_target_alias_value=
ac_cv_func_bcmp=yes
ac_cv_func_bcopy=yes
ac_cv_func_bzero=yes
ac_cv_func_closedir_void=no
ac_cv_func_getcwd=yes
ac_cv_func_getwd=yes
ac_cv_func_index=yes
ac_cv_func_memcmp=yes
ac_cv_func_memcpy=yes
ac_cv_func_mkstemp=yes
ac_cv_func_mktemp=yes
ac_cv_func_putenv=yes
ac_cv_func_rindex=yes
ac_cv_func_strcasecmp=yes
ac_cv_func_strchr=yes
ac_cv_func_strrchr=yes
ac_cv_func_strstr=yes
ac_cv_func_strtol=yes
ac_cv_have_decl_putenv=yes
ac_cv_have_decl_strstr=yes
ac_cv_header_assert_h=yes
ac_cv_header_dirent_dirent_h=yes
ac_cv_header_dlfcn_h=yes
ac_cv_header_errno_h=yes
ac_cv_header_float_h=yes
ac_cv_header_inttypes_h=yes
ac_cv_header_limits_h=yes
ac_cv_header_memory_h=yes
ac_cv_header_pwd_h=yes
ac_cv_header_stdc=yes
ac_cv_header_stdint_h=yes
ac_cv_header_stdlib_h=yes
ac_cv_header_string_h=yes
ac_cv_header_strings_h=yes
ac_cv_header_sys_param_h=yes
ac_cv_header_sys_stat_h=yes
ac_cv_header_sys_types_h=yes
ac_cv_header_unistd_h=yes
ac_cv_host=x86_64-unknown-linux-gnu
ac_cv_member_struct_stat_st_mtim=yes
ac_cv_objext=o
ac_cv_path_EGREP='/bin/grep -E'
ac_cv_path_FGREP='/bin/grep -F'
ac_cv_path_GREP=/bin/grep
ac_cv_path_SED=/bin/sed
ac_cv_path_install='/usr/bin/install -c'
ac_cv_path_mkdir=/bin/mkdir
ac_cv_prog_AWK=gawk
ac_cv_prog_CPP='emcc -E'
ac_cv_prog_CXXCPP='/home/dmonad/utils/emsdk_portable/emscripten/master/em++ -E'
ac_cv_prog_ac_ct_AR=/home/dmonad/utils/emsdk_portable/emscripten/master/emar
ac_cv_prog_ac_ct_CC=emcc
ac_cv_prog_ac_ct_OBJDUMP=objdump
ac_cv_prog_ac_ct_PKG_CONFIG=pkg-config
ac_cv_prog_ac_ct_RANLIB=/home/dmonad/utils/emsdk_portable/emscripten/master/emranlib
ac_cv_prog_ac_ct_STRIP=strip
ac_cv_prog_cc_c89=
ac_cv_prog_cc_g=yes
ac_cv_prog_cxx_g=yes
ac_cv_prog_make_make_set=yes
ac_cv_search_opendir='none required'
ac_cv_sys_largefile_source=no
ac_cv_type_size_t=yes
am_cv_CC_dependencies_compiler_type=gcc3
am_cv_CXX_dependencies_compiler_type=gcc3
kb_cv_c_prototypes=yes
kb_cv_func_getcwd_forks=no
kb_cv_var_program_inv_name=yes
kpse_cv_have_win32=no
kpse_cv_warning_cflags='-Wimplicit -Wreturn-type -Wdeclaration-after-statement -Wno-unknown-pragmas'
kpse_cv_warning_cxxflags='-Wimplicit -Wreturn-type -Wno-unknown-pragmas'
lt_cv_deplibs_check_method=pass_all
lt_cv_file_magic_cmd='$MAGIC_CMD'
lt_cv_file_magic_test_file=
lt_cv_ld_reload_flag=-r
lt_cv_nm_interface='BSD nm'
lt_cv_objdir=.libs
lt_cv_path_LD=/home/dmonad/utils/emsdk_portable/emscripten/master/emcc
lt_cv_path_LDCXX='/home/dmonad/utils/emsdk_portable/emscripten/master/emcc -m elf_x86_64'
lt_cv_path_NM=/home/dmonad/utils/emsdk_portable/clang/fastcomp/build_master_64/bin/llvm-nm
lt_cv_prog_compiler_c_o=yes
lt_cv_prog_compiler_c_o_CXX=yes
lt_cv_prog_compiler_pic_works=yes
lt_cv_prog_compiler_pic_works_CXX=yes
lt_cv_prog_compiler_rtti_exceptions=yes
lt_cv_prog_compiler_static_works=yes
lt_cv_prog_compiler_static_works_CXX=yes
lt_cv_prog_gnu_ld=yes
lt_cv_prog_gnu_ldcxx=no
lt_cv_sys_global_symbol_pipe='sed -n -e '\''s/^.*[	 ]\([BCDEGRST][BCDEGRST]*\)[	 ][	 ]*\([_A-Za-z][_A-Za-z0-9]*\)$/\1 \2 \2/p'\'''
lt_cv_sys_global_symbol_to_c_name_address='sed -n -e '\''s/^: \([^ ]*\) $/  {\"\1\", (void *) 0},/p'\'' -e '\''s/^[BCDEGRST]* \([^ ]*\) \([^ ]*\)$/  {"\2", (void *) \&\2},/p'\'''
lt_cv_sys_global_symbol_to_c_name_address_lib_prefix='sed -n -e '\''s/^: \([^ ]*\) $/  {\"\1\", (void *) 0},/p'\'' -e '\''s/^[BCDEGRST]* \([^ ]*\) \(lib[^ ]*\)$/  {"\2", (void *) \&\2},/p'\'' -e '\''s/^[BCDEGRST]* \([^ ]*\) \([^ ]*\)$/  {"lib\2", (void *) \&\2},/p'\'''
lt_cv_sys_global_symbol_to_cdecl='sed -n -e '\''s/^T .* \(.*\)$/extern int \1();/p'\'' -e '\''s/^[BCDEGRST]* .* \(.*\)$/extern char \1;/p'\'''
lt_cv_sys_max_cmd_len=1572864

## ----------------- ##
## Output variables. ##
## ----------------- ##

ACLOCAL='${SHELL} /home/dmonad/git/_test2/src/pdftex-1.40.11/src/build-aux/missing --run aclocal-1.11'
AMDEPBACKSLASH='\'
AMDEP_FALSE='#'
AMDEP_TRUE=''
AMTAR='${SHELL} /home/dmonad/git/_test2/src/pdftex-1.40.11/src/build-aux/missing --run tar'
AUTOCONF='${SHELL} /home/dmonad/git/_test2/src/pdftex-1.40.11/src/build-aux/missing --run autoconf'
AUTOHEADER='${SHELL} /home/dmonad/git/_test2/src/pdftex-1.40.11/src/build-aux/missing --run autoheader'
AUTOMAKE='${SHELL} /home/dmonad/git/_test2/src/pdftex-1.40.11/src/build-aux/missing --run automake-1.11'
AWK='gawk'
CC='emcc'
CCDEPMODE='depmode=gcc3'
CFLAGS='-DELIDE_CODE'
CPP='emcc -E'
CPPFLAGS=''
CYGPATH_W='echo'
DEFS='-DHAVE_CONFIG_H'
DEPDIR='.deps'
ECHO_C=''
ECHO_N='-n'
ECHO_T=''
EGREP='/bin/grep -E'
EXEEXT=''
GREP='/bin/grep'
INSTALL_DATA='${INSTALL} -m 644'
INSTALL_PROGRAM='${INSTALL}'
INSTALL_SCRIPT='${INSTALL}'
INSTALL_STRIP_PROGRAM='$(install_sh) -c -s'
LDFLAGS=''
LIBOBJS=''
LIBS=''
LN_S='ln -s'
LTLIBOBJS=''
MAINT='#'
MAINTAINER_MODE_FALSE=''
MAINTAINER_MODE_TRUE='#'
MAKEINFO='${SHELL} /home/dmonad/git/_test2/src/pdftex-1.40.11/src/build-aux/missing --run makeinfo'
MKDIR_P='/bin/mkdir -p'
OBJEXT='o'
OTHER_TREE='zlib-1.2.4'
PACKAGE='zlib-for-tex-live'
PACKAGE_BUGREPORT='tex-k@tug.org'
PACKAGE_NAME='zlib for TeX Live'
PACKAGE_STRING='zlib for TeX Live 1.2.3'
PACKAGE_TARNAME='zlib-for-tex-live'
PACKAGE_URL=''
PACKAGE_VERSION='1.2.3'
PATH_SEPARATOR=':'
RANLIB='/home/dmonad/utils/emsdk_portable/emscripten/master/emranlib'
SET_MAKE=''
SHELL='/bin/bash'
STRIP=''
VERSION='1.2.3'
ZLIB123_FALSE='#'
ZLIB123_TRUE=''
ZLIB_DEFINES=' -DUSE_MMAP'
ZLIB_TREE='zlib-1.2.3'
ac_ct_CC='emcc'
am__EXEEXT_FALSE=''
am__EXEEXT_TRUE='#'
am__fastdepCC_FALSE='#'
am__fastdepCC_TRUE=''
am__include='include'
am__isrc=' -I$(srcdir)'
am__leading_dot='.'
am__quote=''
am__tar='${AMTAR} chof - "$$tardir"'
am__untar='${AMTAR} xf -'
bindir='${exec_prefix}/bin/x86_64-unknown-linux-gnu'
build_FALSE=''
build_TRUE='#'
build_alias=''
datadir='${datarootdir}'
datarootdir='${prefix}/share'
docdir='${datarootdir}/doc/${PACKAGE_TARNAME}'
dvidir='${docdir}'
exec_prefix='${prefix}'
host_alias=''
htmldir='${docdir}'
includedir='${prefix}/include'
infodir='${prefix}/texmf/doc/info'
install_sh='${SHELL} /home/dmonad/git/_test2/src/pdftex-1.40.11/src/build-aux/install-sh'
libdir='${exec_prefix}/lib/x86_64-unknown-linux-gnu'
libexecdir='${exec_prefix}/libexec'
localedir='${datarootdir}/locale'
localstatedir='${prefix}/var'
mandir='${prefix}/texmf/doc/man'
mkdir_p='/bin/mkdir -p'
oldincludedir='/usr/include'
pdfdir='${docdir}'
prefix='/usr/local'
program_transform_name='s,x,x,'
psdir='${docdir}'
sbindir='${exec_prefix}/sbin'
sharedstatedir='${prefix}/com'
sysconfdir='${prefix}/etc'
target_alias=''

## ----------- ##
## confdefs.h. ##
## ----------- ##

/* confdefs.h */
#define PACKAGE_NAME "zlib for TeX Live"
#define PACKAGE_TARNAME "zlib-for-tex-live"
#define PACKAGE_VERSION "1.2.3"
#define PACKAGE_STRING "zlib for TeX Live 1.2.3"
#define PACKAGE_BUGREPORT "tex-k@tug.org"
#define PACKAGE_URL ""
#define PACKAGE "zlib-for-tex-live"
#define VERSION "1.2.3"
#define STDC_HEADERS 1
#define HAVE_SYS_TYPES_H 1
#define HAVE_SYS_STAT_H 1
#define HAVE_STDLIB_H 1
#define HAVE_STRING_H 1
#define HAVE_MEMORY_H 1
#define HAVE_STRINGS_H 1
#define HAVE_INTTYPES_H 1
#define HAVE_STDINT_H 1
#define HAVE_UNISTD_H 1
#define HAVE_UNISTD_H 1

configure: exit 0
