This file contains any messages produced by compilers while
running configure, to aid debugging if configure makes a mistake.

It was created by Web2C configure 2010, which was
generated by GNU Autoconf 2.65.  Invocation command line was

  $ /home/dmonad/git/_test2/src/pdftex-1.40.11/src/texk/web2c/configure --disable-option-checking --prefix=/usr/local --enable-native-texlive-build --enable-cxx-runtime-hack --disable-shared --disable-largefile --without-x --disable-ptex --without-system-freetype --without-system-freetype2 --without-system-gd --without-system-graphite --without-system-icu --without-system-kpathsea --without-system-libpng --without-system-ptexenc --without-system-t1lib --without-system-teckit --without-system-xpdf --without-system-zlib --disable-all-pkgs --enable-pdftex --enable-static CC=emcc CFLAGS=-DELIDE_CODE CXX=/home/dmonad/utils/emsdk_portable/emscripten/master/em++ --enable-multiplatform=yes --enable-libtool-hack=yes --enable-texlive-build --bindir=${exec_prefix}/bin/x86_64-unknown-linux-gnu --libdir=${exec_prefix}/lib/x86_64-unknown-linux-gnu --enable-chktex=no --enable-dialog=no --enable-ps2eps=no --enable-psutils=no --enable-t1utils=no --enable-tpic2pdftex=no --enable-vlna=no --enable-xindy=no --with-clisp-runtime=default --disable-xpdfopen --enable-web2c=no --enable-afm2pl=no --enable-bibtex8=no --enable-bibtexu=no --enable-cjkutils=no --enable-detex=no --enable-devnag=no --enable-dtl=no --enable-dvi2tty=no --enable-dvidvi=no --enable-dviljk=no --enable-dvipdfmx=no --enable-dvipng=no --enable-dvipos=no --enable-dvipsk=no --enable-dvisvgm=no --enable-gsftopk=no --enable-lacheck=no --enable-lcdf-typetools=no --enable-makeindexk=no --enable-makejvf=no --enable-mendexk=no --enable-musixflx=no --enable-ps2pkm=no --enable-seetexk=no --enable-tex4htk=no --enable-ttf2pk=no --enable-ttfdump=no --enable-xdv2pdf=no --disable-xdvik --enable-xdvipdfmx=no --enable-tetex=no --enable-texlive=no --with-system-zziplib=no --mandir=${prefix}/texmf/doc/man --infodir=${prefix}/texmf/doc/info --cache-file=../../config.cache --srcdir=/home/dmonad/git/_test2/src/pdftex-1.40.11/src/texk/web2c --disable-build

## --------- ##
## Platform. ##
## --------- ##

hostname = Jahns-Ubuntu
uname -m = x86_64
uname -r = 4.4.0-59-generic
uname -s = Linux
uname -v = #80-Ubuntu SMP Fri Jan 6 17:47:47 UTC 2017

/usr/bin/uname -p = unknown
/bin/uname -X     = unknown

/bin/arch              = unknown
/usr/bin/arch -k       = unknown
/usr/convex/getsysinfo = unknown
/usr/bin/hostinfo      = unknown
/bin/machine           = unknown
/usr/bin/oslevel       = unknown
/bin/universe          = unknown

PATH: /home/dmonad/utils/emsdk_portable/emscripten/master/system/bin
PATH: /home/dmonad/utils/emsdk_portable/node/4.1.1_64bit/lib/node_modules/npm/bin/node-gyp-bin
PATH: /home/dmonad/git/_test2/node_modules/.bin
PATH: /home/dmonad/utils/emsdk_portable/node/4.1.1_64bit/lib/node_modules/npm/bin/node-gyp-bin
PATH: /home/dmonad/git/_test2/node_modules/.bin
PATH: /home/dmonad/utils/emsdk_portable/node/4.1.1_64bit/lib/node_modules/npm/bin/node-gyp-bin
PATH: /home/dmonad/git/_test2/node_modules/.bin
PATH: /home/dmonad/utils/emsdk_portable
PATH: /home/dmonad/utils/emsdk_portable/clang/fastcomp/build_master_64/bin
PATH: /home/dmonad/utils/emsdk_portable/node/4.1.1_64bit/bin
PATH: /home/dmonad/utils/emsdk_portable/emscripten/master
PATH: /usr/local/sbin
PATH: /usr/local/bin
PATH: /usr/sbin
PATH: /usr/bin
PATH: /sbin
PATH: /bin
PATH: /usr/games
PATH: /usr/local/games
PATH: /snap/bin


## ----------- ##
## Core tests. ##
## ----------- ##

configure:3059: loading cache ../../config.cache
configure:3186: checking for a BSD-compatible install
configure:3254: result: /usr/bin/install -c
configure:3265: checking whether build environment is sane
configure:3315: result: yes
configure:3456: checking for a thread-safe mkdir -p
configure:3495: result: /bin/mkdir -p
configure:3508: checking for gawk
configure:3535: result: gawk
configure:3546: checking whether make sets $(MAKE)
configure:3568: result: yes
configure:3615: checking build system type
configure:3629: result: x86_64-unknown-linux-gnu
configure:3649: checking host system type
configure:3662: result: x86_64-unknown-linux-gnu
configure:3694: checking for style of include used by make
configure:3722: result: GNU
configure:3792: checking for gcc
configure:3819: result: emcc
configure:4048: checking for C compiler version
configure:4057: emcc --version >&5
emcc (Emscripten gcc/clang-like replacement) 1.37.0 (commit 6dc4ac5f9e4d8484e273e4dcc554f809738cedd6)
Copyright (C) 2014 the Emscripten authors (see AUTHORS.txt)
This is free and open source software under the MIT license.
There is NO warranty; not even for MERCHANTABILITY or FITNESS FOR A PARTICULAR PURPOSE.
  
configure:4068: $? = 0
configure:4057: emcc -v >&5
emcc (Emscripten gcc/clang-like replacement + linker emulating GNU ld) 1.37.0
clang version 3.9.0 (https://github.com/kripken/emscripten-fastcomp-clang/ 60a7e9a9c22b67309e5b1258d38fadfa481a25d3) (https://github.com/kripken/emscripten-fastcomp/ 881bd352731d21c7117ad7e2ece347aacae83965) (emscripten 1.37.0 : 1.37.0)
Target: x86_64-unknown-linux-gnu
Thread model: posix
InstalledDir: /home/dmonad/utils/emsdk_portable/clang/fastcomp/build_master_64/bin
Found candidate GCC installation: /usr/lib/gcc/i686-linux-gnu/5
Found candidate GCC installation: /usr/lib/gcc/i686-linux-gnu/5.4.0
Found candidate GCC installation: /usr/lib/gcc/i686-linux-gnu/6
Found candidate GCC installation: /usr/lib/gcc/i686-linux-gnu/6.0.0
Found candidate GCC installation: /usr/lib/gcc/x86_64-linux-gnu/5
Found candidate GCC installation: /usr/lib/gcc/x86_64-linux-gnu/5.4.0
... rest of stderr output deleted ...
configure:4068: $? = 0
configure:4057: emcc -V >&5
clang-3.9: error: unsupported option '-V -nostdinc'
clang-3.9: error: no input files
configure:4068: $? = 1
configure:4057: emcc -qversion >&5
clang-3.9: error: unknown argument: '-qversion'
clang-3.9: error: no input files
configure:4068: $? = 1
configure:4088: checking whether the C compiler works
configure:4110: emcc -DELIDE_CODE   conftest.c  >&5
configure:4114: $? = 0
configure:4163: result: yes
configure:4166: checking for C compiler default output file name
configure:4168: result: a.out
configure:4174: checking for suffix of executables
configure:4181: emcc -o conftest -DELIDE_CODE   conftest.c  >&5
configure:4185: $? = 0
configure:4207: result: 
configure:4229: checking whether we are cross compiling
configure:4237: emcc -o conftest -DELIDE_CODE   conftest.c  >&5
configure:4241: $? = 0
configure:4248: ./conftest
configure:4252: $? = 0
configure:4267: result: no
configure:4272: checking for suffix of object files
configure:4319: result: o
configure:4323: checking whether we are using the GNU C compiler
configure:4351: result: yes
configure:4360: checking whether emcc accepts -g
configure:4421: result: yes
configure:4438: checking for emcc option to accept ISO C89
configure:4515: result: none needed
configure:4537: checking dependency style of emcc
configure:4647: result: gcc3
configure:4662: checking for a sed that does not truncate output
configure:4726: result: /bin/sed
configure:4744: checking for grep that handles long lines and -e
configure:4802: result: /bin/grep
configure:4807: checking for egrep
configure:4869: result: /bin/grep -E
configure:4874: checking for fgrep
configure:4936: result: /bin/grep -F
configure:4971: checking for ld used by emcc
configure:5038: result: /home/dmonad/utils/emsdk_portable/emscripten/master/emcc
configure:5045: checking if the linker (/home/dmonad/utils/emsdk_portable/emscripten/master/emcc) is GNU ld
configure:5060: result: yes
configure:5072: checking for BSD- or MS-compatible name lister (nm)
configure:5121: result: /home/dmonad/utils/emsdk_portable/clang/fastcomp/build_master_64/bin/llvm-nm
configure:5239: checking the name lister (/home/dmonad/utils/emsdk_portable/clang/fastcomp/build_master_64/bin/llvm-nm) interface
configure:5259: result: BSD nm
configure:5262: checking whether ln -s works
configure:5266: result: yes
configure:5274: checking the maximum length of command line arguments
configure:5394: result: 1572864
configure:5411: checking whether the shell understands some XSI constructs
configure:5421: result: yes
configure:5425: checking whether the shell understands "+="
configure:5431: result: yes
configure:5466: checking for /home/dmonad/utils/emsdk_portable/emscripten/master/emcc option to reload object files
configure:5473: result: -r
configure:5542: checking for objdump
configure:5569: result: objdump
configure:5598: checking how to recognize dependent libraries
configure:5794: result: pass_all
configure:5854: checking for ar
configure:5881: result: /home/dmonad/utils/emsdk_portable/emscripten/master/emar
configure:5959: checking for strip
configure:5986: result: strip
configure:6058: checking for ranlib
configure:6085: result: /home/dmonad/utils/emsdk_portable/emscripten/master/emranlib
configure:6175: checking command to parse /home/dmonad/utils/emsdk_portable/clang/fastcomp/build_master_64/bin/llvm-nm output from emcc object
configure:6398: result: ok
configure:6494: emcc -c -DELIDE_CODE  conftest.c >&5
configure:6497: $? = 0
configure:7207: checking how to run the C preprocessor
configure:7277: result: emcc -E
configure:7297: emcc -E  conftest.c
configure:7297: $? = 0
configure:7311: emcc -E  conftest.c
conftest.c:9:10: fatal error: 'ac_nonexistent.h' file not found
#include <ac_nonexistent.h>
         ^
1 error generated.
configure:7311: $? = 1
configure: failed program was:
| /* confdefs.h */
| #define PACKAGE_NAME "Web2C"
| #define PACKAGE_TARNAME "web2c"
| #define PACKAGE_VERSION "2010"
| #define PACKAGE_STRING "Web2C 2010"
| #define PACKAGE_BUGREPORT "tex-k@tug.org"
| #define PACKAGE_URL ""
| /* end confdefs.h.  */
| #include <ac_nonexistent.h>
configure:7340: checking for ANSI C header files
configure:7444: result: yes
configure:7457: checking for sys/types.h
configure:7457: result: yes
configure:7457: checking for sys/stat.h
configure:7457: result: yes
configure:7457: checking for stdlib.h
configure:7457: result: yes
configure:7457: checking for string.h
configure:7457: result: yes
configure:7457: checking for memory.h
configure:7457: result: yes
configure:7457: checking for strings.h
configure:7457: result: yes
configure:7457: checking for inttypes.h
configure:7457: result: yes
configure:7457: checking for stdint.h
configure:7457: result: yes
configure:7457: checking for unistd.h
configure:7457: result: yes
configure:7472: checking for dlfcn.h
configure:7472: result: yes
configure:7562: checking whether to enable maintainer-specific portions of Makefiles
configure:7571: result: no
configure:8056: checking for objdir
configure:8071: result: .libs
configure:8367: checking if emcc supports -fno-rtti -fno-exceptions
configure:8402: result: yes
configure:8422: checking for emcc option to produce PIC
configure:8694: result: -fPIC -DPIC
configure:8706: checking if emcc PIC flag -fPIC -DPIC works
configure:8741: result: yes
configure:8765: checking if emcc static flag -static works
configure:8793: result: yes
configure:8808: checking if emcc supports -c -o file.o
configure:8855: result: yes
configure:8863: checking if emcc supports -c -o file.o
configure:8910: result: yes
configure:8943: checking whether the emcc linker (/home/dmonad/utils/emsdk_portable/emscripten/master/emcc -m elf_x86_64) supports shared libraries
configure:9929: result: yes
configure:10168: checking dynamic linker characteristics
configure:10601: emcc -o conftest -DELIDE_CODE   -Wl,-rpath -Wl,/foo conftest.c  >&5
configure:10601: $? = 0
configure:10819: result: GNU/Linux ld.so
configure:10921: checking how to hardcode library paths into programs
configure:10946: result: immediate
configure:11466: checking whether stripping libraries is possible
configure:11471: result: yes
configure:11506: checking if libtool supports shared libraries
configure:11508: result: yes
configure:11511: checking whether to build shared libraries
configure:11532: result: no
configure:11535: checking whether to build static libraries
configure:11539: result: yes
configure:11772: checking for _LARGEFILE_SOURCE value needed for large files
configure:11819: result: no
configure:11843: checking for dirent.h that defines DIR
configure:11870: result: yes
configure:11884: checking for library containing opendir
configure:11932: result: none required
configure:11999: checking for ANSI C header files
configure:12103: result: yes
configure:12111: checking whether closedir returns void
configure:12145: result: no
configure:12157: checking for assert.h
configure:12157: result: yes
configure:12157: checking for float.h
configure:12157: result: yes
configure:12157: checking for limits.h
configure:12157: result: yes
configure:12157: checking for memory.h
configure:12157: result: yes
configure:12157: checking for pwd.h
configure:12157: result: yes
configure:12157: checking for stdlib.h
configure:12157: result: yes
configure:12157: checking for string.h
configure:12157: result: yes
configure:12157: checking for strings.h
configure:12157: result: yes
configure:12157: checking for sys/param.h
configure:12157: result: yes
configure:12157: checking for unistd.h
configure:12157: result: yes
configure:12171: checking for putenv
configure:12171: result: yes
configure:12171: checking for strcasecmp
configure:12171: result: yes
configure:12171: checking for strtol
configure:12171: result: yes
configure:12171: checking for strstr
configure:12171: result: yes
configure:12184: checking for bcmp
configure:12184: result: yes
configure:12184: checking for bcopy
configure:12184: result: yes
configure:12184: checking for bzero
configure:12184: result: yes
configure:12184: checking for getcwd
configure:12184: result: yes
configure:12184: checking for getwd
configure:12184: result: yes
configure:12184: checking for index
configure:12184: result: yes
configure:12184: checking for memcmp
configure:12184: result: yes
configure:12184: checking for memcpy
configure:12184: result: yes
configure:12184: checking for mkstemp
configure:12184: result: yes
configure:12184: checking for mktemp
configure:12184: result: yes
configure:12184: checking for rindex
configure:12184: result: yes
configure:12184: checking for strchr
configure:12184: result: yes
configure:12184: checking for strrchr
configure:12184: result: yes
configure:12194: checking for an ANSI C-conforming const
configure:12266: result: yes
configure:12274: checking for inline
configure:12298: result: inline
configure:12316: checking for size_t
configure:12316: result: yes
configure:12327: checking for struct stat.st_mtim
configure:12327: result: yes
configure:12337: checking whether the compiler accepts prototypes
configure:12361: result: yes
configure:12366: checking whether program_invocation_name is predefined
configure:12391: result: yes
configure:12398: checking what warning flags to pass to the C compiler
configure:12440: result: -Wimplicit -Wreturn-type -Wdeclaration-after-statement -Wno-unknown-pragmas
configure:12568: checking for C++ compiler version
configure:12577: /home/dmonad/utils/emsdk_portable/emscripten/master/em++ --version >&5
emcc (Emscripten gcc/clang-like replacement) 1.37.0 (commit 6dc4ac5f9e4d8484e273e4dcc554f809738cedd6)
Copyright (C) 2014 the Emscripten authors (see AUTHORS.txt)
This is free and open source software under the MIT license.
There is NO warranty; not even for MERCHANTABILITY or FITNESS FOR A PARTICULAR PURPOSE.
  
configure:12588: $? = 0
configure:12577: /home/dmonad/utils/emsdk_portable/emscripten/master/em++ -v >&5
emcc (Emscripten gcc/clang-like replacement + linker emulating GNU ld) 1.37.0
clang version 3.9.0 (https://github.com/kripken/emscripten-fastcomp-clang/ 60a7e9a9c22b67309e5b1258d38fadfa481a25d3) (https://github.com/kripken/emscripten-fastcomp/ 881bd352731d21c7117ad7e2ece347aacae83965) (emscripten 1.37.0 : 1.37.0)
Target: x86_64-unknown-linux-gnu
Thread model: posix
InstalledDir: /home/dmonad/utils/emsdk_portable/clang/fastcomp/build_master_64/bin
Found candidate GCC installation: /usr/lib/gcc/i686-linux-gnu/5
Found candidate GCC installation: /usr/lib/gcc/i686-linux-gnu/5.4.0
Found candidate GCC installation: /usr/lib/gcc/i686-linux-gnu/6
Found candidate GCC installation: /usr/lib/gcc/i686-linux-gnu/6.0.0
Found candidate GCC installation: /usr/lib/gcc/x86_64-linux-gnu/5
Found candidate GCC installation: /usr/lib/gcc/x86_64-linux-gnu/5.4.0
... rest of stderr output deleted ...
configure:12588: $? = 0
configure:12577: /home/dmonad/utils/emsdk_portable/emscripten/master/em++ -V >&5
clang-3.9: error: unsupported option '-V -nostdinc'
clang-3.9: error: no input files
configure:12588: $? = 1
configure:12577: /home/dmonad/utils/emsdk_portable/emscripten/master/em++ -qversion >&5
clang-3.9: error: unknown argument: '-qversion'
clang-3.9: error: no input files
configure:12588: $? = 1
configure:12592: checking whether we are using the GNU C++ compiler
configure:12620: result: yes
configure:12629: checking whether /home/dmonad/utils/emsdk_portable/emscripten/master/em++ accepts -g
configure:12690: result: yes
configure:12715: checking dependency style of /home/dmonad/utils/emsdk_portable/emscripten/master/em++
configure:12825: result: gcc3
configure:12953: checking for C++ compiler version
configure:12962: /home/dmonad/utils/emsdk_portable/emscripten/master/em++ --version >&5
emcc (Emscripten gcc/clang-like replacement) 1.37.0 (commit 6dc4ac5f9e4d8484e273e4dcc554f809738cedd6)
Copyright (C) 2014 the Emscripten authors (see AUTHORS.txt)
This is free and open source software under the MIT license.
There is NO warranty; not even for MERCHANTABILITY or FITNESS FOR A PARTICULAR PURPOSE.
  
configure:12973: $? = 0
configure:12962: /home/dmonad/utils/emsdk_portable/emscripten/master/em++ -v >&5
emcc (Emscripten gcc/clang-like replacement + linker emulating GNU ld) 1.37.0
clang version 3.9.0 (https://github.com/kripken/emscripten-fastcomp-clang/ 60a7e9a9c22b67309e5b1258d38fadfa481a25d3) (https://github.com/kripken/emscripten-fastcomp/ 881bd352731d21c7117ad7e2ece347aacae83965) (emscripten 1.37.0 : 1.37.0)
Target: x86_64-unknown-linux-gnu
Thread model: posix
InstalledDir: /home/dmonad/utils/emsdk_portable/clang/fastcomp/build_master_64/bin
Found candidate GCC installation: /usr/lib/gcc/i686-linux-gnu/5
Found candidate GCC installation: /usr/lib/gcc/i686-linux-gnu/5.4.0
Found candidate GCC installation: /usr/lib/gcc/i686-linux-gnu/6
Found candidate GCC installation: /usr/lib/gcc/i686-linux-gnu/6.0.0
Found candidate GCC installation: /usr/lib/gcc/x86_64-linux-gnu/5
Found candidate GCC installation: /usr/lib/gcc/x86_64-linux-gnu/5.4.0
... rest of stderr output deleted ...
configure:12973: $? = 0
configure:12962: /home/dmonad/utils/emsdk_portable/emscripten/master/em++ -V >&5
clang-3.9: error: unsupported option '-V -nostdinc'
clang-3.9: error: no input files
configure:12973: $? = 1
configure:12962: /home/dmonad/utils/emsdk_portable/emscripten/master/em++ -qversion >&5
clang-3.9: error: unknown argument: '-qversion'
clang-3.9: error: no input files
configure:12973: $? = 1
configure:12977: checking whether we are using the GNU C++ compiler
configure:13005: result: yes
configure:13014: checking whether /home/dmonad/utils/emsdk_portable/emscripten/master/em++ accepts -g
configure:13075: result: yes
configure:13100: checking dependency style of /home/dmonad/utils/emsdk_portable/emscripten/master/em++
configure:13210: result: gcc3
configure:13224: checking what warning flags to pass to the C++ compiler
configure:13253: result: -Wimplicit -Wreturn-type -Wno-unknown-pragmas
configure:13266: checking how to run the C++ preprocessor
configure:13332: result: /home/dmonad/utils/emsdk_portable/emscripten/master/em++ -E
configure:13352: /home/dmonad/utils/emsdk_portable/emscripten/master/em++ -E  conftest.cpp
configure:13352: $? = 0
configure:13366: /home/dmonad/utils/emsdk_portable/emscripten/master/em++ -E  conftest.cpp
conftest.cpp:55:10: fatal error: 'ac_nonexistent.h' file not found
#include <ac_nonexistent.h>
         ^
1 error generated.
configure:13366: $? = 1
configure: failed program was:
| /* confdefs.h */
| #define PACKAGE_NAME "Web2C"
| #define PACKAGE_TARNAME "web2c"
| #define PACKAGE_VERSION "2010"
| #define PACKAGE_STRING "Web2C 2010"
| #define PACKAGE_BUGREPORT "tex-k@tug.org"
| #define PACKAGE_URL ""
| #define STDC_HEADERS 1
| #define HAVE_SYS_TYPES_H 1
| #define HAVE_SYS_STAT_H 1
| #define HAVE_STDLIB_H 1
| #define HAVE_STRING_H 1
| #define HAVE_MEMORY_H 1
| #define HAVE_STRINGS_H 1
| #define HAVE_INTTYPES_H 1
| #define HAVE_STDINT_H 1
| #define HAVE_UNISTD_H 1
| #define HAVE_DLFCN_H 1
| #define PACKAGE "web2c"
| #define VERSION "2010"
| #define LT_OBJDIR ".libs/"
| #define HAVE_FSEEKO 1
| #define HAVE_DIRENT_H 1
| #define STDC_HEADERS 1
| #define HAVE_ASSERT_H 1
| #define HAVE_FLOAT_H 1
| #define HAVE_LIMITS_H 1
| #define HAVE_MEMORY_H 1
| #define HAVE_PWD_H 1
| #define HAVE_STDLIB_H 1
| #define HAVE_STRING_H 1
| #define HAVE_STRINGS_H 1
| #define HAVE_SYS_PARAM_H 1
| #define HAVE_UNISTD_H 1
| #define HAVE_PUTENV 1
| #define HAVE_STRCASECMP 1
| #define HAVE_STRTOL 1
| #define HAVE_STRSTR 1
| #define HAVE_BCMP 1
| #define HAVE_BCOPY 1
| #define HAVE_BZERO 1
| #define HAVE_GETCWD 1
| #define HAVE_GETWD 1
| #define HAVE_INDEX 1
| #define HAVE_MEMCMP 1
| #define HAVE_MEMCPY 1
| #define HAVE_MKSTEMP 1
| #define HAVE_MKTEMP 1
| #define HAVE_RINDEX 1
| #define HAVE_STRCHR 1
| #define HAVE_STRRCHR 1
| #define HAVE_STRUCT_STAT_ST_MTIM 1
| #define HAVE_PROGRAM_INVOCATION_NAME 1
| /* end confdefs.h.  */
| #include <ac_nonexistent.h>
configure:13534: checking for ld used by /home/dmonad/utils/emsdk_portable/emscripten/master/em++
configure:13601: result: /home/dmonad/utils/emsdk_portable/emscripten/master/emcc -m elf_x86_64
configure:13608: checking if the linker (/home/dmonad/utils/emsdk_portable/emscripten/master/emcc -m elf_x86_64) is GNU ld
configure:13623: result: no
configure:13678: checking whether the /home/dmonad/utils/emsdk_portable/emscripten/master/em++ linker (/home/dmonad/utils/emsdk_portable/emscripten/master/emcc -m elf_x86_64) supports shared libraries
configure:14591: result: yes
configure:14619: /home/dmonad/utils/emsdk_portable/emscripten/master/em++ -c -g -O2  conftest.cpp >&5
configure:14622: $? = 0
configure:14804: checking for /home/dmonad/utils/emsdk_portable/emscripten/master/em++ option to produce PIC
configure:15121: result: -fPIC -DPIC
configure:15130: checking if /home/dmonad/utils/emsdk_portable/emscripten/master/em++ PIC flag -fPIC -DPIC works
configure:15165: result: yes
configure:15186: checking if /home/dmonad/utils/emsdk_portable/emscripten/master/em++ static flag -static works
configure:15214: result: yes
configure:15226: checking if /home/dmonad/utils/emsdk_portable/emscripten/master/em++ supports -c -o file.o
configure:15273: result: yes
configure:15278: checking if /home/dmonad/utils/emsdk_portable/emscripten/master/em++ supports -c -o file.o
configure:15325: result: yes
configure:15355: checking whether the /home/dmonad/utils/emsdk_portable/emscripten/master/em++ linker (/home/dmonad/utils/emsdk_portable/emscripten/master/emcc -m elf_x86_64) supports shared libraries
configure:15381: result: yes
configure:15518: checking dynamic linker characteristics
configure:15899: /home/dmonad/utils/emsdk_portable/emscripten/master/em++ -o conftest -g -O2    conftest.cpp  >&5
configure:15899: $? = 0
configure:16117: result: GNU/Linux ld.so
configure:16168: checking how to hardcode library paths into programs
configure:16193: result: unsupported
configure:16286: checking for g++
configure:16302: found /usr/bin/g++
configure:16313: result: g++
configure:16338: checking for Objective C++ compiler version
configure:16347: g++ --version >&5
g++ (Ubuntu 5.4.0-6ubuntu1~16.04.4) 5.4.0 20160609
Copyright (C) 2015 Free Software Foundation, Inc.
This is free software; see the source for copying conditions.  There is NO
warranty; not even for MERCHANTABILITY or FITNESS FOR A PARTICULAR PURPOSE.

configure:16358: $? = 0
configure:16347: g++ -v >&5
Using built-in specs.
COLLECT_GCC=g++
COLLECT_LTO_WRAPPER=/usr/lib/gcc/x86_64-linux-gnu/5/lto-wrapper
Target: x86_64-linux-gnu
Configured with: ../src/configure -v --with-pkgversion='Ubuntu 5.4.0-6ubuntu1~16.04.4' --with-bugurl=file:///usr/share/doc/gcc-5/README.Bugs --enable-languages=c,ada,c++,java,go,d,fortran,objc,obj-c++ --prefix=/usr --program-suffix=-5 --enable-shared --enable-linker-build-id --libexecdir=/usr/lib --without-included-gettext --enable-threads=posix --libdir=/usr/lib --enable-nls --with-sysroot=/ --enable-clocale=gnu --enable-libstdcxx-debug --enable-libstdcxx-time=yes --with-default-libstdcxx-abi=new --enable-gnu-unique-object --disable-vtable-verify --enable-libmpx --enable-plugin --with-system-zlib --disable-browser-plugin --enable-java-awt=gtk --enable-gtk-cairo --with-java-home=/usr/lib/jvm/java-1.5.0-gcj-5-amd64/jre --enable-java-home --with-jvm-root-dir=/usr/lib/jvm/java-1.5.0-gcj-5-amd64 --with-jvm-jar-dir=/usr/lib/jvm-exports/java-1.5.0-gcj-5-amd64 --with-arch-directory=amd64 --with-ecj-jar=/usr/share/java/eclipse-ecj.jar --enable-objc-gc --enable-multiarch --disable-werror --with-arch-32=i686 --with-abi=m64 --with-multilib-list=m32,m64,mx32 --enable-multilib --with-tune=generic --enable-checking=release --build=x86_64-linux-gnu --host=x86_64-linux-gnu --target=x86_64-linux-gnu
Thread model: posix
gcc version 5.4.0 20160609 (Ubuntu 5.4.0-6ubuntu1~16.04.4) 
configure:16358: $? = 0
configure:16347: g++ -V >&5
g++: error: unrecognized command line option '-V'
g++: fatal error: no input files
compilation terminated.
configure:16358: $? = 1
configure:16347: g++ -qversion >&5
g++: error: unrecognized command line option '-qversion'
g++: fatal error: no input files
compilation terminated.
configure:16358: $? = 1
configure:16362: checking whether we are using the GNU Objective C++ compiler
configure:16381: g++ -c   conftest.mm >&5
g++: error trying to exec 'cc1objplus': execvp: No such file or directory
configure:16381: $? = 1
configure: failed program was:
| /* confdefs.h */
| #define PACKAGE_NAME "Web2C"
| #define PACKAGE_TARNAME "web2c"
| #define PACKAGE_VERSION "2010"
| #define PACKAGE_STRING "Web2C 2010"
| #define PACKAGE_BUGREPORT "tex-k@tug.org"
| #define PACKAGE_URL ""
| #define STDC_HEADERS 1
| #define HAVE_SYS_TYPES_H 1
| #define HAVE_SYS_STAT_H 1
| #define HAVE_STDLIB_H 1
| #define HAVE_STRING_H 1
| #define HAVE_MEMORY_H 1
| #define HAVE_STRINGS_H 1
| #define HAVE_INTTYPES_H 1
| #define HAVE_STDINT_H 1
| #define HAVE_UNISTD_H 1
| #define HAVE_DLFCN_H 1
| #define PACKAGE "web2c"
| #define VERSION "2010"
| #define LT_OBJDIR ".libs/"
| #define HAVE_FSEEKO 1
| #define HAVE_DIRENT_H 1
| #define STDC_HEADERS 1
| #define HAVE_ASSERT_H 1
| #define HAVE_FLOAT_H 1
| #define HAVE_LIMITS_H 1
| #define HAVE_MEMORY_H 1
| #define HAVE_PWD_H 1
| #define HAVE_STDLIB_H 1
| #define HAVE_STRING_H 1
| #define HAVE_STRINGS_H 1
| #define HAVE_SYS_PARAM_H 1
| #define HAVE_UNISTD_H 1
| #define HAVE_PUTENV 1
| #define HAVE_STRCASECMP 1
| #define HAVE_STRTOL 1
| #define HAVE_STRSTR 1
| #define HAVE_BCMP 1
| #define HAVE_BCOPY 1
| #define HAVE_BZERO 1
| #define HAVE_GETCWD 1
| #define HAVE_GETWD 1
| #define HAVE_INDEX 1
| #define HAVE_MEMCMP 1
| #define HAVE_MEMCPY 1
| #define HAVE_MKSTEMP 1
| #define HAVE_MKTEMP 1
| #define HAVE_RINDEX 1
| #define HAVE_STRCHR 1
| #define HAVE_STRRCHR 1
| #define HAVE_STRUCT_STAT_ST_MTIM 1
| #define HAVE_PROGRAM_INVOCATION_NAME 1
| /* end confdefs.h.  */
| 
| int
| main ()
| {
| #ifndef __GNUC__
|        choke me
| #endif
| 
|   ;
|   return 0;
| }
configure:16390: result: no
configure:16399: checking whether g++ accepts -g
configure:16419: g++ -c -g  conftest.mm >&5
g++: error trying to exec 'cc1objplus': execvp: No such file or directory
configure:16419: $? = 1
configure: failed program was:
| /* confdefs.h */
| #define PACKAGE_NAME "Web2C"
| #define PACKAGE_TARNAME "web2c"
| #define PACKAGE_VERSION "2010"
| #define PACKAGE_STRING "Web2C 2010"
| #define PACKAGE_BUGREPORT "tex-k@tug.org"
| #define PACKAGE_URL ""
| #define STDC_HEADERS 1
| #define HAVE_SYS_TYPES_H 1
| #define HAVE_SYS_STAT_H 1
| #define HAVE_STDLIB_H 1
| #define HAVE_STRING_H 1
| #define HAVE_MEMORY_H 1
| #define HAVE_STRINGS_H 1
| #define HAVE_INTTYPES_H 1
| #define HAVE_STDINT_H 1
| #define HAVE_UNISTD_H 1
| #define HAVE_DLFCN_H 1
| #define PACKAGE "web2c"
| #define VERSION "2010"
| #define LT_OBJDIR ".libs/"
| #define HAVE_FSEEKO 1
| #define HAVE_DIRENT_H 1
| #define STDC_HEADERS 1
| #define HAVE_ASSERT_H 1
| #define HAVE_FLOAT_H 1
| #define HAVE_LIMITS_H 1
| #define HAVE_MEMORY_H 1
| #define HAVE_PWD_H 1
| #define HAVE_STDLIB_H 1
| #define HAVE_STRING_H 1
| #define HAVE_STRINGS_H 1
| #define HAVE_SYS_PARAM_H 1
| #define HAVE_UNISTD_H 1
| #define HAVE_PUTENV 1
| #define HAVE_STRCASECMP 1
| #define HAVE_STRTOL 1
| #define HAVE_STRSTR 1
| #define HAVE_BCMP 1
| #define HAVE_BCOPY 1
| #define HAVE_BZERO 1
| #define HAVE_GETCWD 1
| #define HAVE_GETWD 1
| #define HAVE_INDEX 1
| #define HAVE_MEMCMP 1
| #define HAVE_MEMCPY 1
| #define HAVE_MKSTEMP 1
| #define HAVE_MKTEMP 1
| #define HAVE_RINDEX 1
| #define HAVE_STRCHR 1
| #define HAVE_STRRCHR 1
| #define HAVE_STRUCT_STAT_ST_MTIM 1
| #define HAVE_PROGRAM_INVOCATION_NAME 1
| /* end confdefs.h.  */
| 
| int
| main ()
| {
| 
|   ;
|   return 0;
| }
configure:16434: g++ -c   conftest.mm >&5
g++: error trying to exec 'cc1objplus': execvp: No such file or directory
configure:16434: $? = 1
configure: failed program was:
| /* confdefs.h */
| #define PACKAGE_NAME "Web2C"
| #define PACKAGE_TARNAME "web2c"
| #define PACKAGE_VERSION "2010"
| #define PACKAGE_STRING "Web2C 2010"
| #define PACKAGE_BUGREPORT "tex-k@tug.org"
| #define PACKAGE_URL ""
| #define STDC_HEADERS 1
| #define HAVE_SYS_TYPES_H 1
| #define HAVE_SYS_STAT_H 1
| #define HAVE_STDLIB_H 1
| #define HAVE_STRING_H 1
| #define HAVE_MEMORY_H 1
| #define HAVE_STRINGS_H 1
| #define HAVE_INTTYPES_H 1
| #define HAVE_STDINT_H 1
| #define HAVE_UNISTD_H 1
| #define HAVE_DLFCN_H 1
| #define PACKAGE "web2c"
| #define VERSION "2010"
| #define LT_OBJDIR ".libs/"
| #define HAVE_FSEEKO 1
| #define HAVE_DIRENT_H 1
| #define STDC_HEADERS 1
| #define HAVE_ASSERT_H 1
| #define HAVE_FLOAT_H 1
| #define HAVE_LIMITS_H 1
| #define HAVE_MEMORY_H 1
| #define HAVE_PWD_H 1
| #define HAVE_STDLIB_H 1
| #define HAVE_STRING_H 1
| #define HAVE_STRINGS_H 1
| #define HAVE_SYS_PARAM_H 1
| #define HAVE_UNISTD_H 1
| #define HAVE_PUTENV 1
| #define HAVE_STRCASECMP 1
| #define HAVE_STRTOL 1
| #define HAVE_STRSTR 1
| #define HAVE_BCMP 1
| #define HAVE_BCOPY 1
| #define HAVE_BZERO 1
| #define HAVE_GETCWD 1
| #define HAVE_GETWD 1
| #define HAVE_INDEX 1
| #define HAVE_MEMCMP 1
| #define HAVE_MEMCPY 1
| #define HAVE_MKSTEMP 1
| #define HAVE_MKTEMP 1
| #define HAVE_RINDEX 1
| #define HAVE_STRCHR 1
| #define HAVE_STRRCHR 1
| #define HAVE_STRUCT_STAT_ST_MTIM 1
| #define HAVE_PROGRAM_INVOCATION_NAME 1
| /* end confdefs.h.  */
| 
| int
| main ()
| {
| 
|   ;
|   return 0;
| }
configure:16450: g++ -c -g  conftest.mm >&5
g++: error trying to exec 'cc1objplus': execvp: No such file or directory
configure:16450: $? = 1
configure: failed program was:
| /* confdefs.h */
| #define PACKAGE_NAME "Web2C"
| #define PACKAGE_TARNAME "web2c"
| #define PACKAGE_VERSION "2010"
| #define PACKAGE_STRING "Web2C 2010"
| #define PACKAGE_BUGREPORT "tex-k@tug.org"
| #define PACKAGE_URL ""
| #define STDC_HEADERS 1
| #define HAVE_SYS_TYPES_H 1
| #define HAVE_SYS_STAT_H 1
| #define HAVE_STDLIB_H 1
| #define HAVE_STRING_H 1
| #define HAVE_MEMORY_H 1
| #define HAVE_STRINGS_H 1
| #define HAVE_INTTYPES_H 1
| #define HAVE_STDINT_H 1
| #define HAVE_UNISTD_H 1
| #define HAVE_DLFCN_H 1
| #define PACKAGE "web2c"
| #define VERSION "2010"
| #define LT_OBJDIR ".libs/"
| #define HAVE_FSEEKO 1
| #define HAVE_DIRENT_H 1
| #define STDC_HEADERS 1
| #define HAVE_ASSERT_H 1
| #define HAVE_FLOAT_H 1
| #define HAVE_LIMITS_H 1
| #define HAVE_MEMORY_H 1
| #define HAVE_PWD_H 1
| #define HAVE_STDLIB_H 1
| #define HAVE_STRING_H 1
| #define HAVE_STRINGS_H 1
| #define HAVE_SYS_PARAM_H 1
| #define HAVE_UNISTD_H 1
| #define HAVE_PUTENV 1
| #define HAVE_STRCASECMP 1
| #define HAVE_STRTOL 1
| #define HAVE_STRSTR 1
| #define HAVE_BCMP 1
| #define HAVE_BCOPY 1
| #define HAVE_BZERO 1
| #define HAVE_GETCWD 1
| #define HAVE_GETWD 1
| #define HAVE_INDEX 1
| #define HAVE_MEMCMP 1
| #define HAVE_MEMCPY 1
| #define HAVE_MKSTEMP 1
| #define HAVE_MKTEMP 1
| #define HAVE_RINDEX 1
| #define HAVE_STRCHR 1
| #define HAVE_STRRCHR 1
| #define HAVE_STRUCT_STAT_ST_MTIM 1
| #define HAVE_PROGRAM_INVOCATION_NAME 1
| /* end confdefs.h.  */
| 
| int
| main ()
| {
| 
|   ;
|   return 0;
| }
configure:16460: result: no
configure:16482: checking what warning flags to pass to the Objective C++ compiler
configure:16511: result: 
configure:16532: checking iostream usability
configure:16532: /home/dmonad/utils/emsdk_portable/emscripten/master/em++ -c -g -O2  conftest.cpp >&5
In file included from conftest.cpp:88:
In file included from /home/dmonad/utils/emsdk_portable/emscripten/master/system/include/libcxx/iostream:38:
In file included from /home/dmonad/utils/emsdk_portable/emscripten/master/system/include/libcxx/ios:216:
In file included from /home/dmonad/utils/emsdk_portable/emscripten/master/system/include/libcxx/__locale:15:
In file included from /home/dmonad/utils/emsdk_portable/emscripten/master/system/include/libcxx/string:442:
In file included from /home/dmonad/utils/emsdk_portable/emscripten/master/system/include/libcxx/algorithm:634:
In file included from /home/dmonad/utils/emsdk_portable/emscripten/master/system/include/libcxx/memory:603:
/home/dmonad/utils/emsdk_portable/emscripten/master/system/include/libcxx/new:131:30: error: 'operator new' takes type size_t ('unsigned long') as first parameter
_LIBCPP_NEW_DELETE_VIS void* operator new(std::size_t __sz)
                             ^
/home/dmonad/utils/emsdk_portable/emscripten/master/system/include/libcxx/new:136:30: error: 'operator new' takes type size_t ('unsigned long') as first parameter
_LIBCPP_NEW_DELETE_VIS void* operator new(std::size_t __sz, const std::nothrow_t&) _NOEXCEPT _NOALIAS;
                             ^
/home/dmonad/utils/emsdk_portable/emscripten/master/system/include/libcxx/new:144:30: error: 'operator new[]' takes type size_t ('unsigned long') as first parameter
_LIBCPP_NEW_DELETE_VIS void* operator new[](std::size_t __sz)
                             ^
/home/dmonad/utils/emsdk_portable/emscripten/master/system/include/libcxx/new:149:30: error: 'operator new[]' takes type size_t ('unsigned long') as first parameter
_LIBCPP_NEW_DELETE_VIS void* operator new[](std::size_t __sz, const std::nothrow_t&) _NOEXCEPT _NOALIAS;
                             ^
/home/dmonad/utils/emsdk_portable/emscripten/master/system/include/libcxx/new:157:40: error: 'operator new' takes type size_t ('unsigned long') as first parameter
inline _LIBCPP_INLINE_VISIBILITY void* operator new  (std::size_t, void* __p) _NOEXCEPT {return __p;}
                                       ^
/home/dmonad/utils/emsdk_portable/emscripten/master/system/include/libcxx/new:158:40: error: 'operator new[]' takes type size_t ('unsigned long') as first parameter
inline _LIBCPP_INLINE_VISIBILITY void* operator new[](std::size_t, void* __p) _NOEXCEPT {return __p;}
                                       ^
In file included from conftest.cpp:88:
In file included from /home/dmonad/utils/emsdk_portable/emscripten/master/system/include/libcxx/iostream:38:
In file included from /home/dmonad/utils/emsdk_portable/emscripten/master/system/include/libcxx/ios:216:
In file included from /home/dmonad/utils/emsdk_portable/emscripten/master/system/include/libcxx/__locale:15:
In file included from /home/dmonad/utils/emsdk_portable/emscripten/master/system/include/libcxx/string:442:
In file included from /home/dmonad/utils/emsdk_portable/emscripten/master/system/include/libcxx/algorithm:634:
/home/dmonad/utils/emsdk_portable/emscripten/master/system/include/libcxx/memory:1952:73: error: too many arguments to function call, expected 1, have 2
        __r.first = static_cast<_Tp*>(::operator new(__n * sizeof(_Tp), nothrow));
                                      ~~~~~~~~~~~~~~                    ^~~~~~~
note: 'operator new' declared here
In file included from conftest.cpp:88:
In file included from /home/dmonad/utils/emsdk_portable/emscripten/master/system/include/libcxx/iostream:40:
In file included from /home/dmonad/utils/emsdk_portable/emscripten/master/system/include/libcxx/istream:163:
In file included from /home/dmonad/utils/emsdk_portable/emscripten/master/system/include/libcxx/ostream:140:
/home/dmonad/utils/emsdk_portable/emscripten/master/system/include/libcxx/locale:3448:21: error: cast from pointer to smaller type 'catalog' (aka 'int') loses information
    catalog __cat = (catalog)catopen(__nm.c_str(), NL_CAT_LOCALE);
                    ^~~~~~~~~~~~~~~~~~~~~~~~~~~~~~~~~~~~~~~~~~~~~
8 errors generated.
configure:16532: $? = 1
configure: failed program was:
| /* confdefs.h */
| #define PACKAGE_NAME "Web2C"
| #define PACKAGE_TARNAME "web2c"
| #define PACKAGE_VERSION "2010"
| #define PACKAGE_STRING "Web2C 2010"
| #define PACKAGE_BUGREPORT "tex-k@tug.org"
| #define PACKAGE_URL ""
| #define STDC_HEADERS 1
| #define HAVE_SYS_TYPES_H 1
| #define HAVE_SYS_STAT_H 1
| #define HAVE_STDLIB_H 1
| #define HAVE_STRING_H 1
| #define HAVE_MEMORY_H 1
| #define HAVE_STRINGS_H 1
| #define HAVE_INTTYPES_H 1
| #define HAVE_STDINT_H 1
| #define HAVE_UNISTD_H 1
| #define HAVE_DLFCN_H 1
| #define PACKAGE "web2c"
| #define VERSION "2010"
| #define LT_OBJDIR ".libs/"
| #define HAVE_FSEEKO 1
| #define HAVE_DIRENT_H 1
| #define STDC_HEADERS 1
| #define HAVE_ASSERT_H 1
| #define HAVE_FLOAT_H 1
| #define HAVE_LIMITS_H 1
| #define HAVE_MEMORY_H 1
| #define HAVE_PWD_H 1
| #define HAVE_STDLIB_H 1
| #define HAVE_STRING_H 1
| #define HAVE_STRINGS_H 1
| #define HAVE_SYS_PARAM_H 1
| #define HAVE_UNISTD_H 1
| #define HAVE_PUTENV 1
| #define HAVE_STRCASECMP 1
| #define HAVE_STRTOL 1
| #define HAVE_STRSTR 1
| #define HAVE_BCMP 1
| #define HAVE_BCOPY 1
| #define HAVE_BZERO 1
| #define HAVE_GETCWD 1
| #define HAVE_GETWD 1
| #define HAVE_INDEX 1
| #define HAVE_MEMCMP 1
| #define HAVE_MEMCPY 1
| #define HAVE_MKSTEMP 1
| #define HAVE_MKTEMP 1
| #define HAVE_RINDEX 1
| #define HAVE_STRCHR 1
| #define HAVE_STRRCHR 1
| #define HAVE_STRUCT_STAT_ST_MTIM 1
| #define HAVE_PROGRAM_INVOCATION_NAME 1
| /* end confdefs.h.  */
| #include <stdio.h>
| #ifdef HAVE_SYS_TYPES_H
| # include <sys/types.h>
| #endif
| #ifdef HAVE_SYS_STAT_H
| # include <sys/stat.h>
| #endif
| #ifdef STDC_HEADERS
| # include <stdlib.h>
| # include <stddef.h>
| #else
| # ifdef HAVE_STDLIB_H
| #  include <stdlib.h>
| # endif
| #endif
| #ifdef HAVE_STRING_H
| # if !defined STDC_HEADERS && defined HAVE_MEMORY_H
| #  include <memory.h>
| # endif
| # include <string.h>
| #endif
| #ifdef HAVE_STRINGS_H
| # include <strings.h>
| #endif
| #ifdef HAVE_INTTYPES_H
| # include <inttypes.h>
| #endif
| #ifdef HAVE_STDINT_H
| # include <stdint.h>
| #endif
| #ifdef HAVE_UNISTD_H
| # include <unistd.h>
| #endif
| #include <iostream>
configure:16532: result: no
configure:16532: checking iostream presence
configure:16532: /home/dmonad/utils/emsdk_portable/emscripten/master/em++ -E  conftest.cpp
configure:16532: $? = 0
configure:16532: result: yes
configure:16532: WARNING: iostream: present but cannot be compiled
configure:16532: WARNING: iostream:     check for missing prerequisite headers?
configure:16532: WARNING: iostream: see the Autoconf documentation
configure:16532: WARNING: iostream:     section "Present But Cannot Be Compiled"
configure:16532: WARNING: iostream: proceeding with the compiler's result
configure:16532: checking for iostream
configure:16532: result: no
configure:16542: checking for statically linking C++ runtime library
configure:16574: /home/dmonad/utils/emsdk_portable/emscripten/master/em++ -o conftest -g -O2   conftest.cpp  -nodefaultlibs -Wl,-Bstatic -lstdc++ -Wl,-Bdynamic -lm -lgcc_eh -lgcc -lc -lgcc_eh -lgcc >&5
conftest.cpp:59:10: fatal error: 'iostream.h' file not found
#include <iostream.h>
         ^
1 error generated.
configure:16574: $? = 1
configure: failed program was:
| /* confdefs.h */
| #define PACKAGE_NAME "Web2C"
| #define PACKAGE_TARNAME "web2c"
| #define PACKAGE_VERSION "2010"
| #define PACKAGE_STRING "Web2C 2010"
| #define PACKAGE_BUGREPORT "tex-k@tug.org"
| #define PACKAGE_URL ""
| #define STDC_HEADERS 1
| #define HAVE_SYS_TYPES_H 1
| #define HAVE_SYS_STAT_H 1
| #define HAVE_STDLIB_H 1
| #define HAVE_STRING_H 1
| #define HAVE_MEMORY_H 1
| #define HAVE_STRINGS_H 1
| #define HAVE_INTTYPES_H 1
| #define HAVE_STDINT_H 1
| #define HAVE_UNISTD_H 1
| #define HAVE_DLFCN_H 1
| #define PACKAGE "web2c"
| #define VERSION "2010"
| #define LT_OBJDIR ".libs/"
| #define HAVE_FSEEKO 1
| #define HAVE_DIRENT_H 1
| #define STDC_HEADERS 1
| #define HAVE_ASSERT_H 1
| #define HAVE_FLOAT_H 1
| #define HAVE_LIMITS_H 1
| #define HAVE_MEMORY_H 1
| #define HAVE_PWD_H 1
| #define HAVE_STDLIB_H 1
| #define HAVE_STRING_H 1
| #define HAVE_STRINGS_H 1
| #define HAVE_SYS_PARAM_H 1
| #define HAVE_UNISTD_H 1
| #define HAVE_PUTENV 1
| #define HAVE_STRCASECMP 1
| #define HAVE_STRTOL 1
| #define HAVE_STRSTR 1
| #define HAVE_BCMP 1
| #define HAVE_BCOPY 1
| #define HAVE_BZERO 1
| #define HAVE_GETCWD 1
| #define HAVE_GETWD 1
| #define HAVE_INDEX 1
| #define HAVE_MEMCMP 1
| #define HAVE_MEMCPY 1
| #define HAVE_MKSTEMP 1
| #define HAVE_MKTEMP 1
| #define HAVE_RINDEX 1
| #define HAVE_STRCHR 1
| #define HAVE_STRRCHR 1
| #define HAVE_STRUCT_STAT_ST_MTIM 1
| #define HAVE_PROGRAM_INVOCATION_NAME 1
| /* end confdefs.h.  */
| #ifdef HAVE_IOSTREAM
| #include <iostream>
| using namespace std;
| #else
| #include <iostream.h>
| #endif
| int
| main ()
| {
| cout <<"worksok\n";
|   ;
|   return 0;
| }
configure:16574: /home/dmonad/utils/emsdk_portable/emscripten/master/em++ -o conftest -g -O2   conftest.cpp  -nodefaultlibs -Wl,-Bstatic -lstdc++ -Wl,-Bdynamic -lm -lgcc -lc -lgcc >&5
conftest.cpp:59:10: fatal error: 'iostream.h' file not found
#include <iostream.h>
         ^
1 error generated.
configure:16574: $? = 1
configure: failed program was:
| /* confdefs.h */
| #define PACKAGE_NAME "Web2C"
| #define PACKAGE_TARNAME "web2c"
| #define PACKAGE_VERSION "2010"
| #define PACKAGE_STRING "Web2C 2010"
| #define PACKAGE_BUGREPORT "tex-k@tug.org"
| #define PACKAGE_URL ""
| #define STDC_HEADERS 1
| #define HAVE_SYS_TYPES_H 1
| #define HAVE_SYS_STAT_H 1
| #define HAVE_STDLIB_H 1
| #define HAVE_STRING_H 1
| #define HAVE_MEMORY_H 1
| #define HAVE_STRINGS_H 1
| #define HAVE_INTTYPES_H 1
| #define HAVE_STDINT_H 1
| #define HAVE_UNISTD_H 1
| #define HAVE_DLFCN_H 1
| #define PACKAGE "web2c"
| #define VERSION "2010"
| #define LT_OBJDIR ".libs/"
| #define HAVE_FSEEKO 1
| #define HAVE_DIRENT_H 1
| #define STDC_HEADERS 1
| #define HAVE_ASSERT_H 1
| #define HAVE_FLOAT_H 1
| #define HAVE_LIMITS_H 1
| #define HAVE_MEMORY_H 1
| #define HAVE_PWD_H 1
| #define HAVE_STDLIB_H 1
| #define HAVE_STRING_H 1
| #define HAVE_STRINGS_H 1
| #define HAVE_SYS_PARAM_H 1
| #define HAVE_UNISTD_H 1
| #define HAVE_PUTENV 1
| #define HAVE_STRCASECMP 1
| #define HAVE_STRTOL 1
| #define HAVE_STRSTR 1
| #define HAVE_BCMP 1
| #define HAVE_BCOPY 1
| #define HAVE_BZERO 1
| #define HAVE_GETCWD 1
| #define HAVE_GETWD 1
| #define HAVE_INDEX 1
| #define HAVE_MEMCMP 1
| #define HAVE_MEMCPY 1
| #define HAVE_MKSTEMP 1
| #define HAVE_MKTEMP 1
| #define HAVE_RINDEX 1
| #define HAVE_STRCHR 1
| #define HAVE_STRRCHR 1
| #define HAVE_STRUCT_STAT_ST_MTIM 1
| #define HAVE_PROGRAM_INVOCATION_NAME 1
| /* end confdefs.h.  */
| #ifdef HAVE_IOSTREAM
| #include <iostream>
| using namespace std;
| #else
| #include <iostream.h>
| #endif
| int
| main ()
| {
| cout <<"worksok\n";
|   ;
|   return 0;
| }
configure:16597: result: not supported
configure:16833: checking for kpsewhich
configure:16849: found /usr/bin/kpsewhich
configure:16860: result: kpsewhich
configure:16873: checking whether gcc asm needs underscore
configure:16904: emcc -o conftest -DELIDE_CODE   conftest.c  >&5
configure:16904: $? = 0
configure:16912: result: no
configure:16952: checking for native WIN32 or MINGW32
configure:16995: result: no
configure:17018: checking for library containing connect
configure:17049: emcc -o conftest -DELIDE_CODE   conftest.c  >&5
configure:17049: $? = 0
configure:17066: result: none required
configure:17158: checking for library containing gethostbyname
configure:17189: emcc -o conftest -DELIDE_CODE   conftest.c  >&5
configure:17189: $? = 0
configure:17206: result: none required
configure:17214: checking for library containing inet_aton
configure:17245: emcc -o conftest -DELIDE_CODE   conftest.c  >&5
configure:17245: $? = 0
configure:17262: result: none required
configure:17271: checking for library containing nanosleep
configure:17302: emcc -o conftest -DELIDE_CODE   conftest.c  >&5
configure:17302: $? = 0
configure:17319: result: none required
configure:17328: checking for library containing dlopen
configure:17359: emcc -o conftest -DELIDE_CODE   conftest.c  >&5
/tmp/conftest-94dabf.o: In function `main':
conftest.c:(.text+0x12): undefined reference to `dlopen'
clang-3.9: error: linker command failed with exit code 1 (use -v to see invocation)
configure:17359: $? = 1
configure: failed program was:
| /* confdefs.h */
| #define PACKAGE_NAME "Web2C"
| #define PACKAGE_TARNAME "web2c"
| #define PACKAGE_VERSION "2010"
| #define PACKAGE_STRING "Web2C 2010"
| #define PACKAGE_BUGREPORT "tex-k@tug.org"
| #define PACKAGE_URL ""
| #define STDC_HEADERS 1
| #define HAVE_SYS_TYPES_H 1
| #define HAVE_SYS_STAT_H 1
| #define HAVE_STDLIB_H 1
| #define HAVE_STRING_H 1
| #define HAVE_MEMORY_H 1
| #define HAVE_STRINGS_H 1
| #define HAVE_INTTYPES_H 1
| #define HAVE_STDINT_H 1
| #define HAVE_UNISTD_H 1
| #define HAVE_DLFCN_H 1
| #define PACKAGE "web2c"
| #define VERSION "2010"
| #define LT_OBJDIR ".libs/"
| #define HAVE_FSEEKO 1
| #define HAVE_DIRENT_H 1
| #define STDC_HEADERS 1
| #define HAVE_ASSERT_H 1
| #define HAVE_FLOAT_H 1
| #define HAVE_LIMITS_H 1
| #define HAVE_MEMORY_H 1
| #define HAVE_PWD_H 1
| #define HAVE_STDLIB_H 1
| #define HAVE_STRING_H 1
| #define HAVE_STRINGS_H 1
| #define HAVE_SYS_PARAM_H 1
| #define HAVE_UNISTD_H 1
| #define HAVE_PUTENV 1
| #define HAVE_STRCASECMP 1
| #define HAVE_STRTOL 1
| #define HAVE_STRSTR 1
| #define HAVE_BCMP 1
| #define HAVE_BCOPY 1
| #define HAVE_BZERO 1
| #define HAVE_GETCWD 1
| #define HAVE_GETWD 1
| #define HAVE_INDEX 1
| #define HAVE_MEMCMP 1
| #define HAVE_MEMCPY 1
| #define HAVE_MKSTEMP 1
| #define HAVE_MKTEMP 1
| #define HAVE_RINDEX 1
| #define HAVE_STRCHR 1
| #define HAVE_STRRCHR 1
| #define HAVE_STRUCT_STAT_ST_MTIM 1
| #define HAVE_PROGRAM_INVOCATION_NAME 1
| #define WEB2CVERSION " (TeX Live 2010)"
| #define EDITOR "vi +%d %s"
| #define IPC 1
| /* end confdefs.h.  */
| 
| /* Override any GCC internal prototype to avoid an error.
|    Use char because int might match the return type of a GCC
|    builtin and then its argument prototype would still apply.  */
| #ifdef __cplusplus
| extern "C"
| #endif
| char dlopen ();
| int
| main ()
| {
| return dlopen ();
|   ;
|   return 0;
| }
configure:17359: emcc -o conftest -DELIDE_CODE   conftest.c -ldl   >&5
configure:17359: $? = 0
configure:17376: result: -ldl
configure:17387: checking for dlfcn.h
configure:17387: result: yes
configure:17459: checking for Mac OS X Carbon framework
configure:17475: emcc -c -DELIDE_CODE  conftest.c >&5
conftest.c:59:10: fatal error: 'Carbon/Carbon.h' file not found
#include <Carbon/Carbon.h>
         ^
1 error generated.
configure:17475: $? = 1
configure: failed program was:
| /* confdefs.h */
| #define PACKAGE_NAME "Web2C"
| #define PACKAGE_TARNAME "web2c"
| #define PACKAGE_VERSION "2010"
| #define PACKAGE_STRING "Web2C 2010"
| #define PACKAGE_BUGREPORT "tex-k@tug.org"
| #define PACKAGE_URL ""
| #define STDC_HEADERS 1
| #define HAVE_SYS_TYPES_H 1
| #define HAVE_SYS_STAT_H 1
| #define HAVE_STDLIB_H 1
| #define HAVE_STRING_H 1
| #define HAVE_MEMORY_H 1
| #define HAVE_STRINGS_H 1
| #define HAVE_INTTYPES_H 1
| #define HAVE_STDINT_H 1
| #define HAVE_UNISTD_H 1
| #define HAVE_DLFCN_H 1
| #define PACKAGE "web2c"
| #define VERSION "2010"
| #define LT_OBJDIR ".libs/"
| #define HAVE_FSEEKO 1
| #define HAVE_DIRENT_H 1
| #define STDC_HEADERS 1
| #define HAVE_ASSERT_H 1
| #define HAVE_FLOAT_H 1
| #define HAVE_LIMITS_H 1
| #define HAVE_MEMORY_H 1
| #define HAVE_PWD_H 1
| #define HAVE_STDLIB_H 1
| #define HAVE_STRING_H 1
| #define HAVE_STRINGS_H 1
| #define HAVE_SYS_PARAM_H 1
| #define HAVE_UNISTD_H 1
| #define HAVE_PUTENV 1
| #define HAVE_STRCASECMP 1
| #define HAVE_STRTOL 1
| #define HAVE_STRSTR 1
| #define HAVE_BCMP 1
| #define HAVE_BCOPY 1
| #define HAVE_BZERO 1
| #define HAVE_GETCWD 1
| #define HAVE_GETWD 1
| #define HAVE_INDEX 1
| #define HAVE_MEMCMP 1
| #define HAVE_MEMCPY 1
| #define HAVE_MKSTEMP 1
| #define HAVE_MKTEMP 1
| #define HAVE_RINDEX 1
| #define HAVE_STRCHR 1
| #define HAVE_STRRCHR 1
| #define HAVE_STRUCT_STAT_ST_MTIM 1
| #define HAVE_PROGRAM_INVOCATION_NAME 1
| #define WEB2CVERSION " (TeX Live 2010)"
| #define EDITOR "vi +%d %s"
| #define IPC 1
| #define HAVE_DLFCN_H 1
| /* end confdefs.h.  */
| #include <Carbon/Carbon.h>
| int
| main ()
| {
| ATSUStyle style
|   ;
|   return 0;
| }
configure:17482: result: no
configure:17533: checking for pkg-config
configure:17560: result: pkg-config
configure:17592: checking for installed fontconfig headers and library
configure:17625: emcc -o conftest -DELIDE_CODE    conftest.c -lfontconfig  >&5
conftest.c:59:10: fatal error: 'fontconfig/fontconfig.h' file not found
#include <fontconfig/fontconfig.h>
         ^
1 error generated.
configure:17625: $? = 1
configure: failed program was:
| /* confdefs.h */
| #define PACKAGE_NAME "Web2C"
| #define PACKAGE_TARNAME "web2c"
| #define PACKAGE_VERSION "2010"
| #define PACKAGE_STRING "Web2C 2010"
| #define PACKAGE_BUGREPORT "tex-k@tug.org"
| #define PACKAGE_URL ""
| #define STDC_HEADERS 1
| #define HAVE_SYS_TYPES_H 1
| #define HAVE_SYS_STAT_H 1
| #define HAVE_STDLIB_H 1
| #define HAVE_STRING_H 1
| #define HAVE_MEMORY_H 1
| #define HAVE_STRINGS_H 1
| #define HAVE_INTTYPES_H 1
| #define HAVE_STDINT_H 1
| #define HAVE_UNISTD_H 1
| #define HAVE_DLFCN_H 1
| #define PACKAGE "web2c"
| #define VERSION "2010"
| #define LT_OBJDIR ".libs/"
| #define HAVE_FSEEKO 1
| #define HAVE_DIRENT_H 1
| #define STDC_HEADERS 1
| #define HAVE_ASSERT_H 1
| #define HAVE_FLOAT_H 1
| #define HAVE_LIMITS_H 1
| #define HAVE_MEMORY_H 1
| #define HAVE_PWD_H 1
| #define HAVE_STDLIB_H 1
| #define HAVE_STRING_H 1
| #define HAVE_STRINGS_H 1
| #define HAVE_SYS_PARAM_H 1
| #define HAVE_UNISTD_H 1
| #define HAVE_PUTENV 1
| #define HAVE_STRCASECMP 1
| #define HAVE_STRTOL 1
| #define HAVE_STRSTR 1
| #define HAVE_BCMP 1
| #define HAVE_BCOPY 1
| #define HAVE_BZERO 1
| #define HAVE_GETCWD 1
| #define HAVE_GETWD 1
| #define HAVE_INDEX 1
| #define HAVE_MEMCMP 1
| #define HAVE_MEMCPY 1
| #define HAVE_MKSTEMP 1
| #define HAVE_MKTEMP 1
| #define HAVE_RINDEX 1
| #define HAVE_STRCHR 1
| #define HAVE_STRRCHR 1
| #define HAVE_STRUCT_STAT_ST_MTIM 1
| #define HAVE_PROGRAM_INVOCATION_NAME 1
| #define WEB2CVERSION " (TeX Live 2010)"
| #define EDITOR "vi +%d %s"
| #define IPC 1
| #define HAVE_DLFCN_H 1
| /* end confdefs.h.  */
| #include <fontconfig/fontconfig.h>
| int
| main ()
| {
| FcObjectSet *os; FcInit();
|   ;
|   return 0;
| }
configure:17635: result: no
configure:17649: WARNING: Sorry, neither Carbon framework nor fontconfig library: disabling xetex
configure:17835: checking for X
configure:18013: result: disabled
configure:18671: checking for bison
configure:18701: result: no
configure:18671: checking for byacc
configure:18701: result: no
configure:18714: checking for flex
configure:18744: result: no
configure:18714: checking for lex
configure:18744: result: no
configure:18931: checking size of int
configure:18951: result: 4
configure:18968: checking size of long
configure:18973: emcc -o conftest -DELIDE_CODE   conftest.c  >&5
configure:18973: $? = 0
configure:18973: ./conftest
configure:18973: $? = 0
configure:18988: result: 8
configure:18998: checking for library containing pow
configure:19046: result: -lm
configure:19057: checking for access
configure:19057: emcc -o conftest -DELIDE_CODE   conftest.c -lm  >&5
configure:19057: $? = 0
configure:19057: result: yes
configure:19057: checking for atoi
configure:19057: emcc -o conftest -DELIDE_CODE   conftest.c -lm  >&5
configure:19057: $? = 0
configure:19057: result: yes
configure:19057: checking for fmax
configure:19057: emcc -o conftest -DELIDE_CODE   conftest.c -lm  >&5
conftest.c:87:6: warning: incompatible redeclaration of library function 'fmax' [-Wincompatible-library-redeclaration]
char fmax ();
     ^
conftest.c:87:6: note: 'fmax' is a builtin with type 'double (double, double)'
1 warning generated.
configure:19057: $? = 0
configure:19057: result: yes
configure:19057: checking for ftime
configure:19057: emcc -o conftest -DELIDE_CODE   conftest.c -lm  >&5
configure:19057: $? = 0
configure:19057: result: yes
configure:19057: checking for gettimeofday
configure:19057: emcc -o conftest -DELIDE_CODE   conftest.c -lm  >&5
configure:19057: $? = 0
configure:19057: result: yes
configure:19057: checking for mkdtemp
configure:19057: emcc -o conftest -DELIDE_CODE   conftest.c -lm  >&5
configure:19057: $? = 0
configure:19057: result: yes
configure:19057: checking for setlocale
configure:19057: emcc -o conftest -DELIDE_CODE   conftest.c -lm  >&5
configure:19057: $? = 0
configure:19057: result: yes
configure:19057: checking for snprintf
configure:19057: result: yes
configure:19057: checking for strerror
configure:19057: result: yes
configure:19057: checking for strlcat
configure:19057: result: no
configure:19057: checking for strlcpy
configure:19057: result: no
configure:19070: checking for errno.h
configure:19070: result: yes
configure:19070: checking langinfo.h usability
configure:19070: emcc -c -DELIDE_CODE  conftest.c >&5
configure:19070: $? = 0
configure:19070: result: yes
configure:19070: checking langinfo.h presence
configure:19070: emcc -E  conftest.c
configure:19070: $? = 0
configure:19070: result: yes
configure:19070: checking for langinfo.h
configure:19070: result: yes
configure:19070: checking locale.h usability
configure:19070: emcc -c -DELIDE_CODE  conftest.c >&5
configure:19070: $? = 0
configure:19070: result: yes
configure:19070: checking locale.h presence
configure:19070: emcc -E  conftest.c
configure:19070: $? = 0
configure:19070: result: yes
configure:19070: checking for locale.h
configure:19070: result: yes
configure:19070: checking sys/time.h usability
configure:19070: emcc -c -DELIDE_CODE  conftest.c >&5
configure:19070: $? = 0
configure:19070: result: yes
configure:19070: checking sys/time.h presence
configure:19070: emcc -E  conftest.c
configure:19070: $? = 0
configure:19070: result: yes
configure:19070: checking for sys/time.h
configure:19070: result: yes
configure:19070: checking sys/timeb.h usability
configure:19070: emcc -c -DELIDE_CODE  conftest.c >&5
configure:19070: $? = 0
configure:19070: result: yes
configure:19070: checking sys/timeb.h presence
configure:19070: emcc -E  conftest.c
configure:19070: $? = 0
configure:19070: result: yes
configure:19070: checking for sys/timeb.h
configure:19070: result: yes
configure:19070: checking sys/wait.h usability
configure:19070: emcc -c -DELIDE_CODE  conftest.c >&5
configure:19070: $? = 0
configure:19070: result: yes
configure:19070: checking sys/wait.h presence
configure:19070: emcc -E  conftest.c
configure:19070: $? = 0
configure:19070: result: yes
configure:19070: checking for sys/wait.h
configure:19070: result: yes
configure:19070: checking for time.h
configure:19070: result: yes
configure:19082: checking for long double
configure:19114: result: yes
configure:19123: checking for long long int
configure:19163: emcc -o conftest -DELIDE_CODE   conftest.c -lm  >&5
configure:19163: $? = 0
configure:19193: emcc -o conftest -DELIDE_CODE   conftest.c -lm  >&5
configure:19193: $? = 0
configure:19193: ./conftest
configure:19193: $? = 0
configure:19208: result: yes
configure:19217: checking whether byte ordering is bigendian
configure:19423: result: no
configure:19442: checking return type of signal handlers
configure:19460: emcc -c -DELIDE_CODE  conftest.c >&5
conftest.c:86:8: error: indirection requires pointer operand ('void' invalid)
return *(signal (0, 0)) (0) == 1;
       ^~~~~~~~~~~~~~~~~~~~
1 error generated.
configure:19460: $? = 1
configure: failed program was:
| /* confdefs.h */
| #define PACKAGE_NAME "Web2C"
| #define PACKAGE_TARNAME "web2c"
| #define PACKAGE_VERSION "2010"
| #define PACKAGE_STRING "Web2C 2010"
| #define PACKAGE_BUGREPORT "tex-k@tug.org"
| #define PACKAGE_URL ""
| #define STDC_HEADERS 1
| #define HAVE_SYS_TYPES_H 1
| #define HAVE_SYS_STAT_H 1
| #define HAVE_STDLIB_H 1
| #define HAVE_STRING_H 1
| #define HAVE_MEMORY_H 1
| #define HAVE_STRINGS_H 1
| #define HAVE_INTTYPES_H 1
| #define HAVE_STDINT_H 1
| #define HAVE_UNISTD_H 1
| #define HAVE_DLFCN_H 1
| #define PACKAGE "web2c"
| #define VERSION "2010"
| #define LT_OBJDIR ".libs/"
| #define HAVE_FSEEKO 1
| #define HAVE_DIRENT_H 1
| #define STDC_HEADERS 1
| #define HAVE_ASSERT_H 1
| #define HAVE_FLOAT_H 1
| #define HAVE_LIMITS_H 1
| #define HAVE_MEMORY_H 1
| #define HAVE_PWD_H 1
| #define HAVE_STDLIB_H 1
| #define HAVE_STRING_H 1
| #define HAVE_STRINGS_H 1
| #define HAVE_SYS_PARAM_H 1
| #define HAVE_UNISTD_H 1
| #define HAVE_PUTENV 1
| #define HAVE_STRCASECMP 1
| #define HAVE_STRTOL 1
| #define HAVE_STRSTR 1
| #define HAVE_BCMP 1
| #define HAVE_BCOPY 1
| #define HAVE_BZERO 1
| #define HAVE_GETCWD 1
| #define HAVE_GETWD 1
| #define HAVE_INDEX 1
| #define HAVE_MEMCMP 1
| #define HAVE_MEMCPY 1
| #define HAVE_MKSTEMP 1
| #define HAVE_MKTEMP 1
| #define HAVE_RINDEX 1
| #define HAVE_STRCHR 1
| #define HAVE_STRRCHR 1
| #define HAVE_STRUCT_STAT_ST_MTIM 1
| #define HAVE_PROGRAM_INVOCATION_NAME 1
| #define WEB2CVERSION " (TeX Live 2010)"
| #define EDITOR "vi +%d %s"
| #define IPC 1
| #define HAVE_DLFCN_H 1
| #define X_DISPLAY_MISSING 1
| #define SIZEOF_INT 4
| #define SIZEOF_LONG 8
| #define HAVE_ACCESS 1
| #define HAVE_ATOI 1
| #define HAVE_FMAX 1
| #define HAVE_FTIME 1
| #define HAVE_GETTIMEOFDAY 1
| #define HAVE_MKDTEMP 1
| #define HAVE_SETLOCALE 1
| #define HAVE_SNPRINTF 1
| #define HAVE_STRERROR 1
| #define HAVE_ERRNO_H 1
| #define HAVE_LANGINFO_H 1
| #define HAVE_LOCALE_H 1
| #define HAVE_SYS_TIME_H 1
| #define HAVE_SYS_TIMEB_H 1
| #define HAVE_SYS_WAIT_H 1
| #define HAVE_TIME_H 1
| #define HAVE_LONG_DOUBLE 1
| #define HAVE_LONG_LONG_INT 1
| /* end confdefs.h.  */
| #include <sys/types.h>
| #include <signal.h>
| 
| int
| main ()
| {
| return *(signal (0, 0)) (0) == 1;
|   ;
|   return 0;
| }
configure:19467: result: void
configure:19485: creating ./config.lt

## ------------------ ##
## Running config.lt. ##
## ------------------ ##
config.lt:676: creating libtool
configure:21171: checking if libkpathsea supports debugging
configure:21190: ./libtool --mode=link --tag=CC emcc -o conftest -DELIDE_CODE -I/home/dmonad/git/_test2/src/pdftex-1.40.11/build-pdftex/texk -I/home/dmonad/git/_test2/src/pdftex-1.40.11/src/texk   conftest.c /home/dmonad/git/_test2/src/pdftex-1.40.11/build-pdftex/texk/kpathsea/libkpathsea.la -lm  >&5
libtool: link: cannot find the library `/home/dmonad/git/_test2/src/pdftex-1.40.11/build-pdftex/texk/kpathsea/libkpathsea.la' or unhandled argument `/home/dmonad/git/_test2/src/pdftex-1.40.11/build-pdftex/texk/kpathsea/libkpathsea.la'
configure:21190: $? = 1
configure: failed program was:
| /* confdefs.h */
| #define PACKAGE_NAME "Web2C"
| #define PACKAGE_TARNAME "web2c"
| #define PACKAGE_VERSION "2010"
| #define PACKAGE_STRING "Web2C 2010"
| #define PACKAGE_BUGREPORT "tex-k@tug.org"
| #define PACKAGE_URL ""
| #define STDC_HEADERS 1
| #define HAVE_SYS_TYPES_H 1
| #define HAVE_SYS_STAT_H 1
| #define HAVE_STDLIB_H 1
| #define HAVE_STRING_H 1
| #define HAVE_MEMORY_H 1
| #define HAVE_STRINGS_H 1
| #define HAVE_INTTYPES_H 1
| #define HAVE_STDINT_H 1
| #define HAVE_UNISTD_H 1
| #define HAVE_DLFCN_H 1
| #define PACKAGE "web2c"
| #define VERSION "2010"
| #define LT_OBJDIR ".libs/"
| #define HAVE_FSEEKO 1
| #define HAVE_DIRENT_H 1
| #define STDC_HEADERS 1
| #define HAVE_ASSERT_H 1
| #define HAVE_FLOAT_H 1
| #define HAVE_LIMITS_H 1
| #define HAVE_MEMORY_H 1
| #define HAVE_PWD_H 1
| #define HAVE_STDLIB_H 1
| #define HAVE_STRING_H 1
| #define HAVE_STRINGS_H 1
| #define HAVE_SYS_PARAM_H 1
| #define HAVE_UNISTD_H 1
| #define HAVE_PUTENV 1
| #define HAVE_STRCASECMP 1
| #define HAVE_STRTOL 1
| #define HAVE_STRSTR 1
| #define HAVE_BCMP 1
| #define HAVE_BCOPY 1
| #define HAVE_BZERO 1
| #define HAVE_GETCWD 1
| #define HAVE_GETWD 1
| #define HAVE_INDEX 1
| #define HAVE_MEMCMP 1
| #define HAVE_MEMCPY 1
| #define HAVE_MKSTEMP 1
| #define HAVE_MKTEMP 1
| #define HAVE_RINDEX 1
| #define HAVE_STRCHR 1
| #define HAVE_STRRCHR 1
| #define HAVE_STRUCT_STAT_ST_MTIM 1
| #define HAVE_PROGRAM_INVOCATION_NAME 1
| #define WEB2CVERSION " (TeX Live 2010)"
| #define EDITOR "vi +%d %s"
| #define IPC 1
| #define HAVE_DLFCN_H 1
| #define X_DISPLAY_MISSING 1
| #define SIZEOF_INT 4
| #define SIZEOF_LONG 8
| #define HAVE_ACCESS 1
| #define HAVE_ATOI 1
| #define HAVE_FMAX 1
| #define HAVE_FTIME 1
| #define HAVE_GETTIMEOFDAY 1
| #define HAVE_MKDTEMP 1
| #define HAVE_SETLOCALE 1
| #define HAVE_SNPRINTF 1
| #define HAVE_STRERROR 1
| #define HAVE_ERRNO_H 1
| #define HAVE_LANGINFO_H 1
| #define HAVE_LOCALE_H 1
| #define HAVE_SYS_TIME_H 1
| #define HAVE_SYS_TIMEB_H 1
| #define HAVE_SYS_WAIT_H 1
| #define HAVE_TIME_H 1
| #define HAVE_LONG_DOUBLE 1
| #define HAVE_LONG_LONG_INT 1
| #define RETSIGTYPE void
| /* end confdefs.h.  */
| #include <kpathsea/kpathsea.h>
| int
| main ()
| {
| FILE *f = fopen("f", "r")
|   ;
|   return 0;
| }
configure:21201: result: no
configure:21456: checking for freetype-config
configure:21486: result: no
configure:21617: checking for PDFDoc::getPDFMajorVersion
configure:21633: /home/dmonad/utils/emsdk_portable/emscripten/master/em++ -c -g -O2 -DPDF_PARSER_ONLY -I/home/dmonad/git/_test2/src/pdftex-1.40.11/build-pdftex/libs/xpdf -I/home/dmonad/git/_test2/src/pdftex-1.40.11/build-pdftex/libs/xpdf/goo -I/home/dmonad/git/_test2/src/pdftex-1.40.11/build-pdftex/libs/xpdf/xpdf  conftest.cpp >&5
conftest.cpp:81:10: fatal error: 'PDFDoc.h' file not found
#include <PDFDoc.h>
         ^
1 error generated.
configure:21633: $? = 1
configure: failed program was:
| /* confdefs.h */
| #define PACKAGE_NAME "Web2C"
| #define PACKAGE_TARNAME "web2c"
| #define PACKAGE_VERSION "2010"
| #define PACKAGE_STRING "Web2C 2010"
| #define PACKAGE_BUGREPORT "tex-k@tug.org"
| #define PACKAGE_URL ""
| #define STDC_HEADERS 1
| #define HAVE_SYS_TYPES_H 1
| #define HAVE_SYS_STAT_H 1
| #define HAVE_STDLIB_H 1
| #define HAVE_STRING_H 1
| #define HAVE_MEMORY_H 1
| #define HAVE_STRINGS_H 1
| #define HAVE_INTTYPES_H 1
| #define HAVE_STDINT_H 1
| #define HAVE_UNISTD_H 1
| #define HAVE_DLFCN_H 1
| #define PACKAGE "web2c"
| #define VERSION "2010"
| #define LT_OBJDIR ".libs/"
| #define HAVE_FSEEKO 1
| #define HAVE_DIRENT_H 1
| #define STDC_HEADERS 1
| #define HAVE_ASSERT_H 1
| #define HAVE_FLOAT_H 1
| #define HAVE_LIMITS_H 1
| #define HAVE_MEMORY_H 1
| #define HAVE_PWD_H 1
| #define HAVE_STDLIB_H 1
| #define HAVE_STRING_H 1
| #define HAVE_STRINGS_H 1
| #define HAVE_SYS_PARAM_H 1
| #define HAVE_UNISTD_H 1
| #define HAVE_PUTENV 1
| #define HAVE_STRCASECMP 1
| #define HAVE_STRTOL 1
| #define HAVE_STRSTR 1
| #define HAVE_BCMP 1
| #define HAVE_BCOPY 1
| #define HAVE_BZERO 1
| #define HAVE_GETCWD 1
| #define HAVE_GETWD 1
| #define HAVE_INDEX 1
| #define HAVE_MEMCMP 1
| #define HAVE_MEMCPY 1
| #define HAVE_MKSTEMP 1
| #define HAVE_MKTEMP 1
| #define HAVE_RINDEX 1
| #define HAVE_STRCHR 1
| #define HAVE_STRRCHR 1
| #define HAVE_STRUCT_STAT_ST_MTIM 1
| #define HAVE_PROGRAM_INVOCATION_NAME 1
| #define WEB2CVERSION " (TeX Live 2010)"
| #define EDITOR "vi +%d %s"
| #define IPC 1
| #define HAVE_DLFCN_H 1
| #define X_DISPLAY_MISSING 1
| #define SIZEOF_INT 4
| #define SIZEOF_LONG 8
| #define HAVE_ACCESS 1
| #define HAVE_ATOI 1
| #define HAVE_FMAX 1
| #define HAVE_FTIME 1
| #define HAVE_GETTIMEOFDAY 1
| #define HAVE_MKDTEMP 1
| #define HAVE_SETLOCALE 1
| #define HAVE_SNPRINTF 1
| #define HAVE_STRERROR 1
| #define HAVE_ERRNO_H 1
| #define HAVE_LANGINFO_H 1
| #define HAVE_LOCALE_H 1
| #define HAVE_SYS_TIME_H 1
| #define HAVE_SYS_TIMEB_H 1
| #define HAVE_SYS_WAIT_H 1
| #define HAVE_TIME_H 1
| #define HAVE_LONG_DOUBLE 1
| #define HAVE_LONG_LONG_INT 1
| #define RETSIGTYPE void
| /* end confdefs.h.  */
| #include <PDFDoc.h>
| int
| main ()
| {
| PDFDoc *pdfDoc; pdfDoc->getPDFMajorVersion();
|   ;
|   return 0;
| }
configure:21640: result: no
configure:22087: updating cache ../../config.cache
configure:22253: creating ./config.status

## ---------------------- ##
## Running config.status. ##
## ---------------------- ##

This file was extended by Web2C config.status 2010, which was
generated by GNU Autoconf 2.65.  Invocation command line was

  CONFIG_FILES    = 
  CONFIG_HEADERS  = 
  CONFIG_LINKS    = 
  CONFIG_COMMANDS = 
  $ ./config.status 

on Jahns-Ubuntu

config.status:1375: creating Makefile
config.status:1375: creating doc/Makefile
config.status:1375: creating lib/Makefile
config.status:1375: creating man/Makefile
config.status:1375: creating omegafonts/Makefile
config.status:1375: creating otps/Makefile
config.status:1375: creating window/Makefile
config.status:1375: creating web2c-sh
config.status:1375: creating tangle-sh
config.status:1375: creating ctangleboot-sh
config.status:1375: creating w2c/c-auto.h
config.status:1375: creating ff-config.h
config.status:1588: executing depfiles commands
config.status:1588: executing libtool commands
configure:24829: === configuring in web2c (/home/dmonad/git/_test2/src/pdftex-1.40.11/build-pdftex/texk/web2c/web2c)
configure:24892: running /bin/bash /home/dmonad/git/_test2/src/pdftex-1.40.11/src/texk/web2c/web2c/configure --disable-option-checking '--prefix=/usr/local'  '--enable-native-texlive-build' '--enable-cxx-runtime-hack' '--disable-shared' '--disable-largefile' '--without-x' '--disable-ptex' '--without-system-freetype' '--without-system-freetype2' '--without-system-gd' '--without-system-graphite' '--without-system-icu' '--without-system-kpathsea' '--without-system-libpng' '--without-system-ptexenc' '--without-system-t1lib' '--without-system-teckit' '--without-system-xpdf' '--without-system-zlib' '--disable-all-pkgs' '--enable-pdftex' '--enable-static' 'CC=emcc' 'CFLAGS=-DELIDE_CODE' 'CXX=/home/dmonad/utils/emsdk_portable/emscripten/master/em++' '--enable-multiplatform=yes' '--enable-libtool-hack=yes' '--enable-texlive-build' '--bindir=${exec_prefix}/bin/x86_64-unknown-linux-gnu' '--libdir=${exec_prefix}/lib/x86_64-unknown-linux-gnu' '--enable-chktex=no' '--enable-dialog=no' '--enable-ps2eps=no' '--enable-psutils=no' '--enable-t1utils=no' '--enable-tpic2pdftex=no' '--enable-vlna=no' '--enable-xindy=no' '--with-clisp-runtime=default' '--disable-xpdfopen' '--enable-web2c=no' '--enable-afm2pl=no' '--enable-bibtex8=no' '--enable-bibtexu=no' '--enable-cjkutils=no' '--enable-detex=no' '--enable-devnag=no' '--enable-dtl=no' '--enable-dvi2tty=no' '--enable-dvidvi=no' '--enable-dviljk=no' '--enable-dvipdfmx=no' '--enable-dvipng=no' '--enable-dvipos=no' '--enable-dvipsk=no' '--enable-dvisvgm=no' '--enable-gsftopk=no' '--enable-lacheck=no' '--enable-lcdf-typetools=no' '--enable-makeindexk=no' '--enable-makejvf=no' '--enable-mendexk=no' '--enable-musixflx=no' '--enable-ps2pkm=no' '--enable-seetexk=no' '--enable-tex4htk=no' '--enable-ttf2pk=no' '--enable-ttfdump=no' '--enable-xdv2pdf=no' '--disable-xdvik' '--enable-xdvipdfmx=no' '--enable-tetex=no' '--enable-texlive=no' '--with-system-zziplib=no' '--mandir=${prefix}/texmf/doc/man' '--infodir=${prefix}/texmf/doc/info' '--disable-build' --cache-file=../../../config.cache --srcdir=/home/dmonad/git/_test2/src/pdftex-1.40.11/src/texk/web2c/web2c

## ---------------- ##
## Cache variables. ##
## ---------------- ##

ac_cv_build=x86_64-unknown-linux-gnu
ac_cv_c_bigendian=no
ac_cv_c_compiler_gnu=yes
ac_cv_c_const=yes
ac_cv_c_inline=inline
ac_cv_cc_implements___FUNCTION__=yes
ac_cv_cc_implements___func__=yes
ac_cv_cxx_compiler_gnu=yes
ac_cv_env_CCC_set=
ac_cv_env_CCC_value=
ac_cv_env_CC_set=set
ac_cv_env_CC_value=emcc
ac_cv_env_CFLAGS_set=set
ac_cv_env_CFLAGS_value=-DELIDE_CODE
ac_cv_env_CPPFLAGS_set=
ac_cv_env_CPPFLAGS_value=
ac_cv_env_CPP_set=
ac_cv_env_CPP_value=
ac_cv_env_CXXCPP_set=
ac_cv_env_CXXCPP_value=
ac_cv_env_CXXFLAGS_set=
ac_cv_env_CXXFLAGS_value=
ac_cv_env_CXX_set=set
ac_cv_env_CXX_value=/home/dmonad/utils/emsdk_portable/emscripten/master/em++
ac_cv_env_LDFLAGS_set=
ac_cv_env_LDFLAGS_value=
ac_cv_env_LIBS_set=
ac_cv_env_LIBS_value=
ac_cv_env_OBJCXXFLAGS_set=
ac_cv_env_OBJCXXFLAGS_value=
ac_cv_env_OBJCXX_set=
ac_cv_env_OBJCXX_value=
ac_cv_env_XMKMF_set=
ac_cv_env_XMKMF_value=
ac_cv_env_YACC_set=
ac_cv_env_YACC_value=
ac_cv_env_YFLAGS_set=
ac_cv_env_YFLAGS_value=
ac_cv_env_build_alias_set=
ac_cv_env_build_alias_value=
ac_cv_env_host_alias_set=
ac_cv_env_host_alias_value=
ac_cv_env_target_alias_set=
ac_cv_env_target_alias_value=
ac_cv_func_access=yes
ac_cv_func_asprintf=yes
ac_cv_func_atoi=yes
ac_cv_func_bcmp=yes
ac_cv_func_bcopy=yes
ac_cv_func_bzero=yes
ac_cv_func_closedir_void=no
ac_cv_func_fmax=yes
ac_cv_func_ftime=yes
ac_cv_func_getcwd=yes
ac_cv_func_gettimeofday=yes
ac_cv_func_getwd=yes
ac_cv_func_index=yes
ac_cv_func_memcmp=yes
ac_cv_func_memcpy=yes
ac_cv_func_memset=yes
ac_cv_func_mkdtemp=yes
ac_cv_func_mkstemp=yes
ac_cv_func_mkstemps=yes
ac_cv_func_mktemp=yes
ac_cv_func_popen=yes
ac_cv_func_putenv=yes
ac_cv_func_rindex=yes
ac_cv_func_setlocale=yes
ac_cv_func_snprintf=yes
ac_cv_func_strcasecmp=yes
ac_cv_func_strchr=yes
ac_cv_func_strdup=yes
ac_cv_func_strerror=yes
ac_cv_func_strftime=yes
ac_cv_func_strlcat=no
ac_cv_func_strlcpy=no
ac_cv_func_strrchr=yes
ac_cv_func_strsep=yes
ac_cv_func_strstr=yes
ac_cv_func_strtod=yes
ac_cv_func_strtol=yes
ac_cv_func_strtoll=yes
ac_cv_func_strtonum=no
ac_cv_func_strtoul=yes
ac_cv_func_sysconf=yes
ac_cv_func_vasprintf=yes
ac_cv_func_vsnprintf=yes
ac_cv_have___va_copy=yes
ac_cv_have_decl_LLONG_MAX=yes
ac_cv_have_decl_getrusage=no
ac_cv_have_decl_putenv=yes
ac_cv_have_decl_strsep=yes
ac_cv_have_decl_strstr=yes
ac_cv_have_getopt_optreset=no
ac_cv_have_int64_t=yes
ac_cv_have_intxx_t=yes
ac_cv_have_size_t=yes
ac_cv_have_ssize_t=yes
ac_cv_have_u_char=yes
ac_cv_have_u_int64_t=yes
ac_cv_have_u_int=yes
ac_cv_have_u_intxx_t=yes
ac_cv_have_va_copy=yes
ac_cv_header_assert_h=yes
ac_cv_header_dirent_dirent_h=yes
ac_cv_header_dlfcn_h=yes
ac_cv_header_endian_h=yes
ac_cv_header_errno_h=yes
ac_cv_header_features_h=yes
ac_cv_header_float_h=yes
ac_cv_header_floatingpoint_h=no
ac_cv_header_inttypes_h=yes
ac_cv_header_iostream=no
ac_cv_header_langinfo_h=yes
ac_cv_header_limits_h=yes
ac_cv_header_locale_h=yes
ac_cv_header_malloc_h=yes
ac_cv_header_memory_h=yes
ac_cv_header_pwd_h=yes
ac_cv_header_stdc=yes
ac_cv_header_stddef_h=yes
ac_cv_header_stdint_h=yes
ac_cv_header_stdlib_h=yes
ac_cv_header_string_h=yes
ac_cv_header_strings_h=yes
ac_cv_header_sys_param_h=yes
ac_cv_header_sys_select_h=yes
ac_cv_header_sys_stat_h=yes
ac_cv_header_sys_stropts_h=yes
ac_cv_header_sys_strtio_h=no
ac_cv_header_sys_sysmacros_h=yes
ac_cv_header_sys_time_h=yes
ac_cv_header_sys_timeb_h=yes
ac_cv_header_sys_types_h=yes
ac_cv_header_sys_wait_h=yes
ac_cv_header_time_h=yes
ac_cv_header_unistd_h=yes
ac_cv_header_util_h=no
ac_cv_host=x86_64-unknown-linux-gnu
ac_cv_libc_defines___progname=yes
ac_cv_member_struct_stat_st_mtim=yes
ac_cv_objcxx_compiler_gnu=no
ac_cv_objext=o
ac_cv_path_AR=/home/dmonad/utils/emsdk_portable/emscripten/master/emar
ac_cv_path_CAT=/bin/cat
ac_cv_path_EGREP='/bin/grep -E'
ac_cv_path_FGREP='/bin/grep -F'
ac_cv_path_GREP=/bin/grep
ac_cv_path_SED=/bin/sed
ac_cv_path_SH=/bin/sh
ac_cv_path_TEST_MINUS_S_SH=/bin/bash
ac_cv_path_install='/usr/bin/install -c'
ac_cv_path_mkdir=/bin/mkdir
ac_cv_prog_AWK=gawk
ac_cv_prog_CPP='emcc -E'
ac_cv_prog_CXXCPP='/home/dmonad/utils/emsdk_portable/emscripten/master/em++ -E'
ac_cv_prog_KPSEWHICH=kpsewhich
ac_cv_prog_ac_ct_AR=/home/dmonad/utils/emsdk_portable/emscripten/master/emar
ac_cv_prog_ac_ct_CC=emcc
ac_cv_prog_ac_ct_OBJCXX=g++
ac_cv_prog_ac_ct_OBJDUMP=objdump
ac_cv_prog_ac_ct_PKG_CONFIG=pkg-config
ac_cv_prog_ac_ct_RANLIB=/home/dmonad/utils/emsdk_portable/emscripten/master/emranlib
ac_cv_prog_ac_ct_STRIP=strip
ac_cv_prog_cc_c89=
ac_cv_prog_cc_g=yes
ac_cv_prog_cxx_g=yes
ac_cv_prog_make_make_set=yes
ac_cv_prog_objcxx_g=no
ac_cv_search_connect='none required'
ac_cv_search_dlopen=-ldl
ac_cv_search_gethostbyname='none required'
ac_cv_search_inet_aton='none required'
ac_cv_search_nanosleep='none required'
ac_cv_search_opendir='none required'
ac_cv_search_pow=-lm
ac_cv_sizeof_char=1
ac_cv_sizeof_int=4
ac_cv_sizeof_long=8
ac_cv_sizeof_long_int=8
ac_cv_sizeof_long_long_int=8
ac_cv_sizeof_short_int=2
ac_cv_struct_tm=time.h
ac_cv_sys_largefile_source=no
ac_cv_type_long_double=yes
ac_cv_type_long_long=yes
ac_cv_type_long_long_int=yes
ac_cv_type_signal=void
ac_cv_type_size_t=yes
ac_cv_type_unsigned_long_long=yes
am_cv_CC_dependencies_compiler_type=gcc3
am_cv_CXX_dependencies_compiler_type=gcc3
kb_cv_c_prototypes=yes
kb_cv_func_getcwd_forks=no
kb_cv_var_program_inv_name=yes
kpse_cv_cxx_hack='not supported'
kpse_cv_fontconfig_includes=
kpse_cv_fontconfig_libs=-lfontconfig
kpse_cv_have_Carbon=no
kpse_cv_have_fontconfig=no
kpse_cv_have_getPDFMajorVersion=no
kpse_cv_have_win32=no
kpse_cv_kpse_debug=no
kpse_cv_warning_cflags='-Wimplicit -Wreturn-type -Wdeclaration-after-statement -Wno-unknown-pragmas'
kpse_cv_warning_cxxflags='-Wimplicit -Wreturn-type -Wno-unknown-pragmas'
kpse_cv_warning_objcxxflags=
lt_cv_deplibs_check_method=pass_all
lt_cv_file_magic_cmd='$MAGIC_CMD'
lt_cv_file_magic_test_file=
lt_cv_ld_reload_flag=-r
lt_cv_nm_interface='BSD nm'
lt_cv_objdir=.libs
lt_cv_path_LD=/home/dmonad/utils/emsdk_portable/emscripten/master/emcc
lt_cv_path_LDCXX='/home/dmonad/utils/emsdk_portable/emscripten/master/emcc -m elf_x86_64'
lt_cv_path_NM=/home/dmonad/utils/emsdk_portable/clang/fastcomp/build_master_64/bin/llvm-nm
lt_cv_prog_compiler_c_o=yes
lt_cv_prog_compiler_c_o_CXX=yes
lt_cv_prog_compiler_pic_works=yes
lt_cv_prog_compiler_pic_works_CXX=yes
lt_cv_prog_compiler_rtti_exceptions=yes
lt_cv_prog_compiler_static_works=yes
lt_cv_prog_compiler_static_works_CXX=yes
lt_cv_prog_gnu_ld=yes
lt_cv_prog_gnu_ldcxx=no
lt_cv_sys_global_symbol_pipe='sed -n -e '\''s/^.*[	 ]\([BCDEGRST][BCDEGRST]*\)[	 ][	 ]*\([_A-Za-z][_A-Za-z0-9]*\)$/\1 \2 \2/p'\'''
lt_cv_sys_global_symbol_to_c_name_address='sed -n -e '\''s/^: \([^ ]*\) $/  {\"\1\", (void *) 0},/p'\'' -e '\''s/^[BCDEGRST]* \([^ ]*\) \([^ ]*\)$/  {"\2", (void *) \&\2},/p'\'''
lt_cv_sys_global_symbol_to_c_name_address_lib_prefix='sed -n -e '\''s/^: \([^ ]*\) $/  {\"\1\", (void *) 0},/p'\'' -e '\''s/^[BCDEGRST]* \([^ ]*\) \(lib[^ ]*\)$/  {"\2", (void *) \&\2},/p'\'' -e '\''s/^[BCDEGRST]* \([^ ]*\) \([^ ]*\)$/  {"lib\2", (void *) \&\2},/p'\'''
lt_cv_sys_global_symbol_to_cdecl='sed -n -e '\''s/^T .* \(.*\)$/extern int \1();/p'\'' -e '\''s/^[BCDEGRST]* .* \(.*\)$/extern char \1;/p'\'''
lt_cv_sys_max_cmd_len=1572864
pb_cv_asm_underscore=no

## ----------------- ##
## Output variables. ##
## ----------------- ##

	cd ${top_builddir}/../../libs/freetype2 && $(MAKE) $(AM_MAKEFLAGS) rebuild
	cd ${top_builddir}/../../libs/freetype2 && $(MAKE) $(AM_MAKEFLAGS) rebuild'
	cd ${top_builddir}/../../libs/graphite && $(MAKE) $(AM_MAKEFLAGS) rebuild
	cd ${top_builddir}/../../libs/graphite && $(MAKE) $(AM_MAKEFLAGS) rebuild'
	cd ${top_builddir}/../../libs/icu && $(MAKE) $(AM_MAKEFLAGS) rebuild
	cd ${top_builddir}/../../libs/icu && $(MAKE) $(AM_MAKEFLAGS) rebuild'
	cd ${top_builddir}/../../libs/libpng && $(MAKE) $(AM_MAKEFLAGS) rebuild
	cd ${top_builddir}/../../libs/libpng && $(MAKE) $(AM_MAKEFLAGS) rebuild'
	cd ${top_builddir}/../../libs/obsdcompat && $(MAKE) $(AM_MAKEFLAGS) rebuild
	cd ${top_builddir}/../../libs/obsdcompat && $(MAKE) $(AM_MAKEFLAGS) rebuild'
	cd ${top_builddir}/../../libs/teckit && $(MAKE) $(AM_MAKEFLAGS) rebuild
	cd ${top_builddir}/../../libs/teckit && $(MAKE) $(AM_MAKEFLAGS) rebuild'
	cd ${top_builddir}/../../libs/xpdf && $(MAKE) $(AM_MAKEFLAGS) rebuild
	cd ${top_builddir}/../../libs/xpdf && $(MAKE) $(AM_MAKEFLAGS) rebuild'
	cd ${top_builddir}/../../libs/zlib && $(MAKE) $(AM_MAKEFLAGS) rebuild
	cd ${top_builddir}/../../libs/zlib && $(MAKE) $(AM_MAKEFLAGS) rebuild'
	cd ${top_builddir}/../../libs/zziplib && $(MAKE) $(AM_MAKEFLAGS) rebuild
	cd ${top_builddir}/../../libs/zziplib && $(MAKE) $(AM_MAKEFLAGS) rebuild'
	cd ${top_builddir}/../kpathsea && $(MAKE) $(AM_MAKEFLAGS) rebuild
	cd ${top_builddir}/../kpathsea && $(MAKE) $(AM_MAKEFLAGS) rebuild'
	cd ${top_builddir}/../ptexenc && $(MAKE) $(AM_MAKEFLAGS) rebuild'
$(FREETYPE2_DEPEND): ${top_builddir}/../../libs/freetype2/ft2build.h
$(GRAPHITE_DEPEND): ${top_builddir}/../../libs/graphite/include/graphite/GrClient.h
$(ICU_DEPEND): ${top_builddir}/../../libs/icu/include/unicode/uversion.h
$(KPATHSEA_DEPEND): ${top_srcdir}/../kpathsea/*.[ch] ${top_builddir}/../kpathsea/paths.h
$(LIBPNG_DEPEND): ${top_builddir}/../../libs/libpng/include/png.h
$(OBSDCOMPAT_DEPEND): ${top_srcdir}/../../libs/obsdcompat/*.[ch]
$(PTEXENC_DEPEND): ${top_srcdir}/../ptexenc/*.c ${top_srcdir}/../ptexenc/ptexenc/*.h
$(TECKIT_DEPEND): ${top_builddir}/../../libs/teckit/include/teckit/TECkit_Common.h
$(XPDF_DEPEND): ${top_builddir}/../../libs/xpdf/xpdf/Stream.h
$(ZLIB_DEPEND): ${top_builddir}/../../libs/zlib/include/zconf.h
$(ZZIPLIB_DEPEND): ${top_builddir}/../../libs/zziplib/include/zzip/zzip.h
${top_builddir}/../../libs/freetype2/ft2build.h:
${top_builddir}/../../libs/graphite/include/graphite/GrClient.h:
${top_builddir}/../../libs/icu/include/unicode/uversion.h:
${top_builddir}/../../libs/libpng/include/png.h:
${top_builddir}/../../libs/teckit/include/teckit/TECkit_Common.h:
${top_builddir}/../../libs/xpdf/xpdf/Stream.h:
${top_builddir}/../../libs/zlib/include/zconf.h:
${top_builddir}/../../libs/zziplib/include/zzip/zzip.h:
${top_builddir}/../kpathsea/paths.h:
${top_srcdir}/../../libs/obsdcompat/*.[ch]:
ACLOCAL='${SHELL} /home/dmonad/git/_test2/src/pdftex-1.40.11/src/build-aux/missing --run aclocal-1.11'
ALEPH_FALSE='#'
ALEPH_SYNCTEX_FALSE=''
ALEPH_SYNCTEX_TRUE='#'
ALEPH_TRUE=''
AMDEPBACKSLASH='\'
AMDEP_FALSE='#'
AMDEP_TRUE=''
AMTAR='${SHELL} /home/dmonad/git/_test2/src/pdftex-1.40.11/src/build-aux/missing --run tar'
AR='/home/dmonad/utils/emsdk_portable/emscripten/master/emar'
AS='as'
AUTOCONF='${SHELL} /home/dmonad/git/_test2/src/pdftex-1.40.11/src/build-aux/missing --run autoconf'
AUTOHEADER='${SHELL} /home/dmonad/git/_test2/src/pdftex-1.40.11/src/build-aux/missing --run autoheader'
AUTOMAKE='${SHELL} /home/dmonad/git/_test2/src/pdftex-1.40.11/src/build-aux/missing --run automake-1.11'
AWK='gawk'
CC='emcc'
CCDEPMODE='depmode=gcc3'
CFLAGS='-DELIDE_CODE'
CPP='emcc -E'
CPPFLAGS=''
CTANGLE='./ctangle'
CTANGLEBOOT='./ctangleboot'
CXX='/home/dmonad/utils/emsdk_portable/emscripten/master/em++'
CXXCPP='/home/dmonad/utils/emsdk_portable/emscripten/master/em++ -E'
CXXDEPMODE='depmode=gcc3'
CXXFLAGS='-g -O2'
CXXLD='$(CXX)'
CYGPATH_W='echo'
DEFS='-DHAVE_CONFIG_H'
DEPDIR='.deps'
DLLTOOL='dlltool'
DSYMUTIL=''
DUMPBIN=''
ECHO_C=''
ECHO_N='-n'
ECHO_T=''
EGREP='/bin/grep -E'
ETEX_FALSE=''
ETEX_SYNCTEX_FALSE='#'
ETEX_SYNCTEX_TRUE=''
ETEX_TRUE='#'
EXEEXT=''
FGREP='/bin/grep -F'
FONTCONFIG_INCLUDES=''
FONTCONFIG_LIBS=''
FREETYPE2_DEPEND='${top_builddir}/../../libs/freetype2/libfreetype.la'
FREETYPE2_INCLUDES='`cat /home/dmonad/git/_test2/src/pdftex-1.40.11/build-pdftex/libs/freetype2/ft-includes`'
FREETYPE2_LIBS='`cat /home/dmonad/git/_test2/src/pdftex-1.40.11/build-pdftex/libs/freetype2/ft-libs`'
FREETYPE2_RULE='# Rebuild libfreetype
FT2_CONFIG='false'
GRAPHITE_DEPEND='${top_builddir}/../../libs/graphite/libgraphite.a'
GRAPHITE_INCLUDES='-I/home/dmonad/git/_test2/src/pdftex-1.40.11/build-pdftex/libs/graphite/include'
GRAPHITE_LIBS='/home/dmonad/git/_test2/src/pdftex-1.40.11/build-pdftex/libs/graphite/libgraphite.a'
GRAPHITE_RULE='# Rebuild libgraphite
GREP='/bin/grep'
ICU_DEPEND='${top_builddir}/../../libs/icu/icu-build/lib/libsicule.a ${top_builddir}/../../libs/icu/icu-build/lib/libsicuuc.a ${top_builddir}/../../libs/icu/icu-build/lib/libsicudata.a'
ICU_INCLUDES='-DU_STATIC_IMPLEMENTATION -I/home/dmonad/git/_test2/src/pdftex-1.40.11/build-pdftex/libs/icu/include'
ICU_LIBS='/home/dmonad/git/_test2/src/pdftex-1.40.11/build-pdftex/libs/icu/icu-build/lib/libsicule.a /home/dmonad/git/_test2/src/pdftex-1.40.11/build-pdftex/libs/icu/icu-build/lib/libsicuuc.a /home/dmonad/git/_test2/src/pdftex-1.40.11/build-pdftex/libs/icu/icu-build/lib/libsicudata.a'
ICU_RULE='# Rebuild libsicuxxx
INSTALL_DATA='${INSTALL} -m 644'
INSTALL_PROGRAM='${INSTALL}'
INSTALL_SCRIPT='${INSTALL}'
INSTALL_STRIP_PROGRAM='$(install_sh) -c -s'
KPATHSEA_DEPEND='${top_builddir}/../kpathsea/libkpathsea.la'
KPATHSEA_INCLUDES='-I/home/dmonad/git/_test2/src/pdftex-1.40.11/build-pdftex/texk -I/home/dmonad/git/_test2/src/pdftex-1.40.11/src/texk -DNO_DEBUG'
KPATHSEA_LIBS='/home/dmonad/git/_test2/src/pdftex-1.40.11/build-pdftex/texk/kpathsea/libkpathsea.la'
KPATHSEA_PATHS_H='${top_builddir}/..'
KPATHSEA_RULE='# Rebuild libkpathsea
KPSEWHICH='kpsewhich'
LD='/home/dmonad/utils/emsdk_portable/emscripten/master/emcc -m elf_x86_64'
LDFLAGS=''
LEX=':'
LEXLIB=''
LEX_OUTPUT_ROOT=''
LIBOBJS=''
LIBPNG_DEPEND='${top_builddir}/../../libs/libpng/libpng.a'
LIBPNG_INCLUDES='-I/home/dmonad/git/_test2/src/pdftex-1.40.11/build-pdftex/libs/libpng/include'
LIBPNG_LIBS='/home/dmonad/git/_test2/src/pdftex-1.40.11/build-pdftex/libs/libpng/libpng.a'
LIBPNG_RULE='# Rebuild libpng
LIBS='-lm '
LIBTOOL='$(SHELL) $(top_builddir)/libtool'
LIPO=''
LN_S='ln -s'
LTLIBOBJS=''
LUATEX_FALSE='#'
LUATEX_SYNCTEX_FALSE=''
LUATEX_SYNCTEX_TRUE='#'
LUATEX_TRUE=''
MAINT='#'
MAINTAINER_MODE_FALSE=''
MAINTAINER_MODE_TRUE='#'
MAKEINFO='${SHELL} /home/dmonad/git/_test2/src/pdftex-1.40.11/src/build-aux/missing --run makeinfo'
MFN_FALSE='#'
MFN_TRUE=''
MFXT_FALSE='#'
MFXT_TRUE=''
MF_FALSE='#'
MF_TRUE=''
MINGW32_FALSE=''
MINGW32_TRUE='#'
MKDIR_P='/bin/mkdir -p'
MP_FALSE='#'
MP_TRUE=''
NM='/home/dmonad/utils/emsdk_portable/clang/fastcomp/build_master_64/bin/llvm-nm'
NMEDIT=''
OBJCXX='g++'
OBJCXXFLAGS=''
OBJDUMP='objdump'
OBJEXT='o'
OBSDCOMPAT_DEPEND='${top_builddir}/../../libs/obsdcompat/libopenbsd-compat.a'
OBSDCOMPAT_INCLUDES='-I/home/dmonad/git/_test2/src/pdftex-1.40.11/build-pdftex/libs/obsdcompat -I/home/dmonad/git/_test2/src/pdftex-1.40.11/src/libs/obsdcompat'
OBSDCOMPAT_LIBS='/home/dmonad/git/_test2/src/pdftex-1.40.11/build-pdftex/libs/obsdcompat/libopenbsd-compat.a'
OBSDCOMPAT_RULE='# Rebuild libopenbsd-compat
OMFONTS_FALSE='#'
OMFONTS_TRUE=''
OTANGLE='./otangle'
OTANGLE_FALSE='#'
OTANGLE_TRUE=''
OTOOL64=''
OTOOL=''
PACKAGE='web2c'
PACKAGE_BUGREPORT='tex-k@tug.org'
PACKAGE_NAME='Web2C'
PACKAGE_STRING='Web2C 2010'
PACKAGE_TARNAME='web2c'
PACKAGE_URL=''
PACKAGE_VERSION='2010'
PATH_SEPARATOR=':'
PDFTEX_FALSE='#'
PDFTEX_SYNCTEX_FALSE='#'
PDFTEX_SYNCTEX_TRUE=''
PDFTEX_TRUE=''
PKG_CONFIG='pkg-config'
PTEXENC_DEPEND='${top_builddir}/../ptexenc/libptexenc.la'
PTEXENC_INCLUDES='-I/home/dmonad/git/_test2/src/pdftex-1.40.11/build-pdftex/texk/ptexenc -I/home/dmonad/git/_test2/src/pdftex-1.40.11/src/texk/ptexenc'
PTEXENC_LIBS='/home/dmonad/git/_test2/src/pdftex-1.40.11/build-pdftex/texk/ptexenc/libptexenc.la'
PTEXENC_RULE='# Rebuild libptexenc
PTEX_FALSE=''
PTEX_SYNCTEX_FALSE=''
PTEX_SYNCTEX_TRUE='#'
PTEX_TRUE='#'
RANLIB='/home/dmonad/utils/emsdk_portable/emscripten/master/emranlib'
SED='/bin/sed'
SET_MAKE=''
SHELL='/bin/bash'
STRIP='strip'
TANGLE='./tangle'
TANGLEBOOT='./tangleboot'
TECKIT_DEPEND='${top_builddir}/../../libs/teckit/libTECkit.a'
TECKIT_INCLUDES='-I/home/dmonad/git/_test2/src/pdftex-1.40.11/build-pdftex/libs/teckit/include'
TECKIT_LIBS='/home/dmonad/git/_test2/src/pdftex-1.40.11/build-pdftex/libs/teckit/libTECkit.a'
TECKIT_RULE='# Rebuild libTECkit
TEX_FALSE='#'
TEX_SYNCTEX_FALSE=''
TEX_SYNCTEX_TRUE='#'
TEX_TRUE=''
TIE='./tie'
VERSION='2010'
WARNING_CFLAGS='-Wimplicit -Wreturn-type -Wdeclaration-after-statement -Wno-unknown-pragmas'
WARNING_CXXFLAGS='-Wimplicit -Wreturn-type -Wno-unknown-pragmas'
WARNING_OBJCXXFLAGS=''
WEB2CVERSION='2010'
WEB_FALSE='#'
WEB_TRUE=''
WIN32_FALSE=''
WIN32_TRUE='#'
XETEX_FALSE=''
XETEX_GRAPHITE_FALSE='#'
XETEX_GRAPHITE_TRUE=''
XETEX_MACOSX_FALSE=''
XETEX_MACOSX_TRUE='#'
XETEX_SYNCTEX_FALSE='#'
XETEX_SYNCTEX_TRUE=''
XETEX_TRUE='#'
XMKMF=''
XPDF_DEPEND='${top_builddir}/../../libs/xpdf/libxpdf.a'
XPDF_INCLUDES='-DPDF_PARSER_ONLY -I/home/dmonad/git/_test2/src/pdftex-1.40.11/build-pdftex/libs/xpdf -I/home/dmonad/git/_test2/src/pdftex-1.40.11/build-pdftex/libs/xpdf/goo -I/home/dmonad/git/_test2/src/pdftex-1.40.11/build-pdftex/libs/xpdf/xpdf'
XPDF_LIBS='/home/dmonad/git/_test2/src/pdftex-1.40.11/build-pdftex/libs/xpdf/libxpdf.a'
XPDF_RULE='# Rebuild libxpdf
X_CFLAGS=''
X_EXTRA_LIBS=''
X_LIBS=''
X_PRE_LIBS=''
YACC='yacc'
YFLAGS=''
ZLIB_DEPEND='${top_builddir}/../../libs/zlib/libz.a'
ZLIB_INCLUDES='-I/home/dmonad/git/_test2/src/pdftex-1.40.11/build-pdftex/libs/zlib/include'
ZLIB_LIBS='/home/dmonad/git/_test2/src/pdftex-1.40.11/build-pdftex/libs/zlib/libz.a'
ZLIB_RULE='# Rebuild libz
ZZIPLIB_DEPEND='${top_builddir}/../../libs/zziplib/libzzip.a'
ZZIPLIB_INCLUDES='-I/home/dmonad/git/_test2/src/pdftex-1.40.11/build-pdftex/libs/zziplib/include'
ZZIPLIB_LIBS='/home/dmonad/git/_test2/src/pdftex-1.40.11/build-pdftex/libs/zziplib/libzzip.a'
ZZIPLIB_RULE='# Rebuild libzzip
ac_ct_CC='emcc'
ac_ct_CXX=''
ac_ct_DUMPBIN=''
ac_ct_OBJCXX='g++'
am__EXEEXT_FALSE=''
am__EXEEXT_TRUE='#'
am__fastdepCC_FALSE='#'
am__fastdepCC_TRUE=''
am__fastdepCXX_FALSE='#'
am__fastdepCXX_TRUE=''
am__include='include'
am__isrc=' -I$(srcdir)'
am__leading_dot='.'
am__quote=''
am__tar='${AMTAR} chof - "$$tardir"'
am__untar='${AMTAR} xf -'
bindir='${exec_prefix}/bin/x86_64-unknown-linux-gnu'
build='x86_64-unknown-linux-gnu'
build_alias=''
build_cpu='x86_64'
build_os='linux-gnu'
build_vendor='unknown'
datadir='${datarootdir}'
datarootdir='${prefix}/share'
docdir='${datarootdir}/doc/${PACKAGE_TARNAME}'
dvidir='${docdir}'
exec_prefix='${prefix}'
host='x86_64-unknown-linux-gnu'
host_alias=''
host_cpu='x86_64'
host_os='linux-gnu'
host_vendor='unknown'
htmldir='${docdir}'
includedir='${prefix}/include'
infodir='${prefix}/texmf/doc/info'
install_sh='${SHELL} /home/dmonad/git/_test2/src/pdftex-1.40.11/src/build-aux/install-sh'
ipc_socketlibs=''
libdir='${exec_prefix}/lib/x86_64-unknown-linux-gnu'
libexecdir='${exec_prefix}/libexec'
localedir='${datarootdir}/locale'
localstatedir='${prefix}/var'
lt_ECHO='echo'
lua_socketlibs=' -ldl'
mandir='${prefix}/texmf/doc/man'
mkdir_p='/bin/mkdir -p'
oldincludedir='/usr/include'
pdfdir='${docdir}'
prefix='/usr/local'
program_transform_name='s,x,x,'
psdir='${docdir}'
sbindir='${exec_prefix}/sbin'
sharedstatedir='${prefix}/com'
subdirs=' web2c'
sysconfdir='${prefix}/etc'
target_alias=''
wlibs=''
x_ext_lib=''
x_tool_libs=''

## ----------- ##
## confdefs.h. ##
## ----------- ##

/* confdefs.h */
#define PACKAGE_NAME "Web2C"
#define PACKAGE_TARNAME "web2c"
#define PACKAGE_VERSION "2010"
#define PACKAGE_STRING "Web2C 2010"
#define PACKAGE_BUGREPORT "tex-k@tug.org"
#define PACKAGE_URL ""
#define STDC_HEADERS 1
#define HAVE_SYS_TYPES_H 1
#define HAVE_SYS_STAT_H 1
#define HAVE_STDLIB_H 1
#define HAVE_STRING_H 1
#define HAVE_MEMORY_H 1
#define HAVE_STRINGS_H 1
#define HAVE_INTTYPES_H 1
#define HAVE_STDINT_H 1
#define HAVE_UNISTD_H 1
#define HAVE_DLFCN_H 1
#define PACKAGE "web2c"
#define VERSION "2010"
#define LT_OBJDIR ".libs/"
#define HAVE_FSEEKO 1
#define HAVE_DIRENT_H 1
#define STDC_HEADERS 1
#define HAVE_ASSERT_H 1
#define HAVE_FLOAT_H 1
#define HAVE_LIMITS_H 1
#define HAVE_MEMORY_H 1
#define HAVE_PWD_H 1
#define HAVE_STDLIB_H 1
#define HAVE_STRING_H 1
#define HAVE_STRINGS_H 1
#define HAVE_SYS_PARAM_H 1
#define HAVE_UNISTD_H 1
#define HAVE_PUTENV 1
#define HAVE_STRCASECMP 1
#define HAVE_STRTOL 1
#define HAVE_STRSTR 1
#define HAVE_BCMP 1
#define HAVE_BCOPY 1
#define HAVE_BZERO 1
#define HAVE_GETCWD 1
#define HAVE_GETWD 1
#define HAVE_INDEX 1
#define HAVE_MEMCMP 1
#define HAVE_MEMCPY 1
#define HAVE_MKSTEMP 1
#define HAVE_MKTEMP 1
#define HAVE_RINDEX 1
#define HAVE_STRCHR 1
#define HAVE_STRRCHR 1
#define HAVE_STRUCT_STAT_ST_MTIM 1
#define HAVE_PROGRAM_INVOCATION_NAME 1
#define WEB2CVERSION " (TeX Live 2010)"
#define EDITOR "vi +%d %s"
#define IPC 1
#define HAVE_DLFCN_H 1
#define X_DISPLAY_MISSING 1
#define SIZEOF_INT 4
#define SIZEOF_LONG 8
#define HAVE_ACCESS 1
#define HAVE_ATOI 1
#define HAVE_FMAX 1
#define HAVE_FTIME 1
#define HAVE_GETTIMEOFDAY 1
#define HAVE_MKDTEMP 1
#define HAVE_SETLOCALE 1
#define HAVE_SNPRINTF 1
#define HAVE_STRERROR 1
#define HAVE_ERRNO_H 1
#define HAVE_LANGINFO_H 1
#define HAVE_LOCALE_H 1
#define HAVE_SYS_TIME_H 1
#define HAVE_SYS_TIMEB_H 1
#define HAVE_SYS_WAIT_H 1
#define HAVE_TIME_H 1
#define HAVE_LONG_DOUBLE 1
#define HAVE_LONG_LONG_INT 1
#define RETSIGTYPE void

configure: exit 0
