This file contains any messages produced by compilers while
running configure, to aid debugging if configure makes a mistake.

It was created by TeX Live auxdir auxsub configure 2009, which was
generated by GNU Autoconf 2.65.  Invocation command line was

  $ /home/dmonad/git/_test2/src/pdftex-1.40.11/src/auxdir/auxsub/configure --disable-option-checking --prefix=/usr/local --enable-native-texlive-build --enable-cxx-runtime-hack --disable-shared --disable-largefile --without-x --disable-ptex --without-system-freetype --without-system-freetype2 --without-system-gd --without-system-graphite --without-system-icu --without-system-kpathsea --without-system-libpng --without-system-ptexenc --without-system-t1lib --without-system-teckit --without-system-xpdf --without-system-zlib --disable-all-pkgs --enable-pdftex --enable-static CC=emcc CFLAGS=-DELIDE_CODE CXX=/home/dmonad/utils/emsdk_portable/emscripten/master/em++ --enable-multiplatform=yes --enable-libtool-hack=yes --enable-texlive-build --bindir=${exec_prefix}/bin/x86_64-unknown-linux-gnu --libdir=${exec_prefix}/lib/x86_64-unknown-linux-gnu --enable-chktex=no --enable-dialog=no --enable-ps2eps=no --enable-psutils=no --enable-t1utils=no --enable-tpic2pdftex=no --enable-vlna=no --enable-xindy=no --with-clisp-runtime=default --disable-xpdfopen --enable-web2c=no --enable-afm2pl=no --enable-bibtex8=no --enable-bibtexu=no --enable-cjkutils=no --enable-detex=no --enable-devnag=no --enable-dtl=no --enable-dvi2tty=no --enable-dvidvi=no --enable-dviljk=no --enable-dvipdfmx=no --enable-dvipng=no --enable-dvipos=no --enable-dvipsk=no --enable-dvisvgm=no --enable-gsftopk=no --enable-lacheck=no --enable-lcdf-typetools=no --enable-makeindexk=no --enable-makejvf=no --enable-mendexk=no --enable-musixflx=no --enable-ps2pkm=no --enable-seetexk=no --enable-tex4htk=no --enable-ttf2pk=no --enable-ttfdump=no --enable-xdv2pdf=no --disable-xdvik --enable-xdvipdfmx=no --enable-tetex=no --enable-texlive=no --with-system-zziplib=no --mandir=${prefix}/texmf/doc/man --infodir=${prefix}/texmf/doc/info --cache-file=../../config.cache --srcdir=/home/dmonad/git/_test2/src/pdftex-1.40.11/src/auxdir/auxsub

## --------- ##
## Platform. ##
## --------- ##

hostname = Jahns-Ubuntu
uname -m = x86_64
uname -r = 4.4.0-59-generic
uname -s = Linux
uname -v = #80-Ubuntu SMP Fri Jan 6 17:47:47 UTC 2017

/usr/bin/uname -p = unknown
/bin/uname -X     = unknown

/bin/arch              = unknown
/usr/bin/arch -k       = unknown
/usr/convex/getsysinfo = unknown
/usr/bin/hostinfo      = unknown
/bin/machine           = unknown
/usr/bin/oslevel       = unknown
/bin/universe          = unknown

PATH: /home/dmonad/utils/emsdk_portable/emscripten/master/system/bin
PATH: /home/dmonad/utils/emsdk_portable/node/4.1.1_64bit/lib/node_modules/npm/bin/node-gyp-bin
PATH: /home/dmonad/git/_test2/node_modules/.bin
PATH: /home/dmonad/utils/emsdk_portable/node/4.1.1_64bit/lib/node_modules/npm/bin/node-gyp-bin
PATH: /home/dmonad/git/_test2/node_modules/.bin
PATH: /home/dmonad/utils/emsdk_portable/node/4.1.1_64bit/lib/node_modules/npm/bin/node-gyp-bin
PATH: /home/dmonad/git/_test2/node_modules/.bin
PATH: /home/dmonad/utils/emsdk_portable
PATH: /home/dmonad/utils/emsdk_portable/clang/fastcomp/build_master_64/bin
PATH: /home/dmonad/utils/emsdk_portable/node/4.1.1_64bit/bin
PATH: /home/dmonad/utils/emsdk_portable/emscripten/master
PATH: /usr/local/sbin
PATH: /usr/local/bin
PATH: /usr/sbin
PATH: /usr/bin
PATH: /sbin
PATH: /bin
PATH: /usr/games
PATH: /usr/local/games
PATH: /snap/bin


## ----------- ##
## Core tests. ##
## ----------- ##

configure:1599: loading cache ../../config.cache
configure:1722: checking for a BSD-compatible install
configure:1790: result: /usr/bin/install -c
configure:1801: checking whether build environment is sane
configure:1851: result: yes
configure:1992: checking for a thread-safe mkdir -p
configure:2031: result: /bin/mkdir -p
configure:2044: checking for gawk
configure:2071: result: gawk
configure:2082: checking whether make sets $(MAKE)
configure:2104: result: yes
configure:2185: checking whether to enable maintainer-specific portions of Makefiles
configure:2194: result: no
configure:2356: creating ./config.status

## ---------------------- ##
## Running config.status. ##
## ---------------------- ##

This file was extended by TeX Live auxdir auxsub config.status 2009, which was
generated by GNU Autoconf 2.65.  Invocation command line was

  CONFIG_FILES    = 
  CONFIG_HEADERS  = 
  CONFIG_LINKS    = 
  CONFIG_COMMANDS = 
  $ ./config.status 

on Jahns-Ubuntu

config.status:744: creating Makefile

## ---------------- ##
## Cache variables. ##
## ---------------- ##

ac_cv_build=x86_64-unknown-linux-gnu
ac_cv_c_compiler_gnu=yes
ac_cv_c_const=yes
ac_cv_c_inline=inline
ac_cv_cxx_compiler_gnu=yes
ac_cv_env_CCC_set=
ac_cv_env_CCC_value=
ac_cv_env_CC_set=set
ac_cv_env_CC_value=emcc
ac_cv_env_CFLAGS_set=set
ac_cv_env_CFLAGS_value=-DELIDE_CODE
ac_cv_env_CPPFLAGS_set=
ac_cv_env_CPPFLAGS_value=
ac_cv_env_CPP_set=
ac_cv_env_CPP_value=
ac_cv_env_CXXCPP_set=
ac_cv_env_CXXCPP_value=
ac_cv_env_CXXFLAGS_set=
ac_cv_env_CXXFLAGS_value=
ac_cv_env_CXX_set=set
ac_cv_env_CXX_value=/home/dmonad/utils/emsdk_portable/emscripten/master/em++
ac_cv_env_LDFLAGS_set=
ac_cv_env_LDFLAGS_value=
ac_cv_env_LIBS_set=
ac_cv_env_LIBS_value=
ac_cv_env_XMKMF_set=
ac_cv_env_XMKMF_value=
ac_cv_env_build_alias_set=
ac_cv_env_build_alias_value=
ac_cv_env_host_alias_set=
ac_cv_env_host_alias_value=
ac_cv_env_target_alias_set=
ac_cv_env_target_alias_value=
ac_cv_func_bcmp=yes
ac_cv_func_bcopy=yes
ac_cv_func_bzero=yes
ac_cv_func_closedir_void=no
ac_cv_func_getcwd=yes
ac_cv_func_getwd=yes
ac_cv_func_index=yes
ac_cv_func_memcmp=yes
ac_cv_func_memcpy=yes
ac_cv_func_mkstemp=yes
ac_cv_func_mktemp=yes
ac_cv_func_putenv=yes
ac_cv_func_rindex=yes
ac_cv_func_strcasecmp=yes
ac_cv_func_strchr=yes
ac_cv_func_strrchr=yes
ac_cv_func_strstr=yes
ac_cv_func_strtol=yes
ac_cv_header_assert_h=yes
ac_cv_header_dirent_dirent_h=yes
ac_cv_header_dlfcn_h=yes
ac_cv_header_float_h=yes
ac_cv_header_inttypes_h=yes
ac_cv_header_limits_h=yes
ac_cv_header_memory_h=yes
ac_cv_header_pwd_h=yes
ac_cv_header_stdc=yes
ac_cv_header_stdint_h=yes
ac_cv_header_stdlib_h=yes
ac_cv_header_string_h=yes
ac_cv_header_strings_h=yes
ac_cv_header_sys_param_h=yes
ac_cv_header_sys_stat_h=yes
ac_cv_header_sys_types_h=yes
ac_cv_header_unistd_h=yes
ac_cv_host=x86_64-unknown-linux-gnu
ac_cv_member_struct_stat_st_mtim=yes
ac_cv_objext=o
ac_cv_path_EGREP='/bin/grep -E'
ac_cv_path_FGREP='/bin/grep -F'
ac_cv_path_GREP=/bin/grep
ac_cv_path_SED=/bin/sed
ac_cv_path_install='/usr/bin/install -c'
ac_cv_path_mkdir=/bin/mkdir
ac_cv_prog_AWK=gawk
ac_cv_prog_CPP='emcc -E'
ac_cv_prog_CXXCPP='/home/dmonad/utils/emsdk_portable/emscripten/master/em++ -E'
ac_cv_prog_ac_ct_AR=/home/dmonad/utils/emsdk_portable/emscripten/master/emar
ac_cv_prog_ac_ct_CC=emcc
ac_cv_prog_ac_ct_OBJDUMP=objdump
ac_cv_prog_ac_ct_PKG_CONFIG=pkg-config
ac_cv_prog_ac_ct_RANLIB=/home/dmonad/utils/emsdk_portable/emscripten/master/emranlib
ac_cv_prog_ac_ct_STRIP=strip
ac_cv_prog_cc_c89=
ac_cv_prog_cc_g=yes
ac_cv_prog_cxx_g=yes
ac_cv_prog_make_make_set=yes
ac_cv_search_opendir='none required'
ac_cv_sys_largefile_source=no
ac_cv_type_size_t=yes
am_cv_CC_dependencies_compiler_type=gcc3
am_cv_CXX_dependencies_compiler_type=gcc3
kb_cv_c_prototypes=yes
kb_cv_var_program_inv_name=yes
kpse_cv_have_win32=no
kpse_cv_warning_cflags='-Wimplicit -Wreturn-type -Wdeclaration-after-statement -Wno-unknown-pragmas'
kpse_cv_warning_cxxflags='-Wimplicit -Wreturn-type -Wno-unknown-pragmas'
lt_cv_deplibs_check_method=pass_all
lt_cv_file_magic_cmd='$MAGIC_CMD'
lt_cv_file_magic_test_file=
lt_cv_ld_reload_flag=-r
lt_cv_nm_interface='BSD nm'
lt_cv_objdir=.libs
lt_cv_path_LD=/home/dmonad/utils/emsdk_portable/emscripten/master/emcc
lt_cv_path_LDCXX='/home/dmonad/utils/emsdk_portable/emscripten/master/emcc -m elf_x86_64'
lt_cv_path_NM=/home/dmonad/utils/emsdk_portable/clang/fastcomp/build_master_64/bin/llvm-nm
lt_cv_prog_compiler_c_o=yes
lt_cv_prog_compiler_c_o_CXX=yes
lt_cv_prog_compiler_pic_works=yes
lt_cv_prog_compiler_pic_works_CXX=yes
lt_cv_prog_compiler_rtti_exceptions=yes
lt_cv_prog_compiler_static_works=yes
lt_cv_prog_compiler_static_works_CXX=yes
lt_cv_prog_gnu_ld=yes
lt_cv_prog_gnu_ldcxx=no
lt_cv_sys_global_symbol_pipe='sed -n -e '\''s/^.*[	 ]\([BCDEGRST][BCDEGRST]*\)[	 ][	 ]*\([_A-Za-z][_A-Za-z0-9]*\)$/\1 \2 \2/p'\'''
lt_cv_sys_global_symbol_to_c_name_address='sed -n -e '\''s/^: \([^ ]*\) $/  {\"\1\", (void *) 0},/p'\'' -e '\''s/^[BCDEGRST]* \([^ ]*\) \([^ ]*\)$/  {"\2", (void *) \&\2},/p'\'''
lt_cv_sys_global_symbol_to_c_name_address_lib_prefix='sed -n -e '\''s/^: \([^ ]*\) $/  {\"\1\", (void *) 0},/p'\'' -e '\''s/^[BCDEGRST]* \([^ ]*\) \(lib[^ ]*\)$/  {"\2", (void *) \&\2},/p'\'' -e '\''s/^[BCDEGRST]* \([^ ]*\) \([^ ]*\)$/  {"lib\2", (void *) \&\2},/p'\'''
lt_cv_sys_global_symbol_to_cdecl='sed -n -e '\''s/^T .* \(.*\)$/extern int \1();/p'\'' -e '\''s/^[BCDEGRST]* .* \(.*\)$/extern char \1;/p'\'''
lt_cv_sys_max_cmd_len=1572864

## ----------------- ##
## Output variables. ##
## ----------------- ##

ACLOCAL='${SHELL} /home/dmonad/git/_test2/src/pdftex-1.40.11/src/build-aux/missing --run aclocal-1.11'
AMTAR='${SHELL} /home/dmonad/git/_test2/src/pdftex-1.40.11/src/build-aux/missing --run tar'
AUTOCONF='${SHELL} /home/dmonad/git/_test2/src/pdftex-1.40.11/src/build-aux/missing --run autoconf'
AUTOHEADER='${SHELL} /home/dmonad/git/_test2/src/pdftex-1.40.11/src/build-aux/missing --run autoheader'
AUTOMAKE='${SHELL} /home/dmonad/git/_test2/src/pdftex-1.40.11/src/build-aux/missing --run automake-1.11'
AWK='gawk'
CYGPATH_W='echo'
DEFS='-DPACKAGE_NAME=\"TeX\ Live\ auxdir\ auxsub\" -DPACKAGE_TARNAME=\"tex-live-auxdir-auxsub\" -DPACKAGE_VERSION=\"2009\" -DPACKAGE_STRING=\"TeX\ Live\ auxdir\ auxsub\ 2009\" -DPACKAGE_BUGREPORT=\"tex-k@tug.org\" -DPACKAGE_URL=\"\" -DPACKAGE=\"tex-live-auxdir-auxsub\" -DVERSION=\"2009\"'
ECHO_C=''
ECHO_N='-n'
ECHO_T=''
INSTALL_DATA='${INSTALL} -m 644'
INSTALL_PROGRAM='${INSTALL}'
INSTALL_SCRIPT='${INSTALL}'
INSTALL_STRIP_PROGRAM='$(install_sh) -c -s'
LIBOBJS=''
LIBS=''
LTLIBOBJS=''
MAINT='#'
MAINTAINER_MODE_FALSE=''
MAINTAINER_MODE_TRUE='#'
MAKEINFO='${SHELL} /home/dmonad/git/_test2/src/pdftex-1.40.11/src/build-aux/missing --run makeinfo'
MKDIR_P='/bin/mkdir -p'
PACKAGE='tex-live-auxdir-auxsub'
PACKAGE_BUGREPORT='tex-k@tug.org'
PACKAGE_NAME='TeX Live auxdir auxsub'
PACKAGE_STRING='TeX Live auxdir auxsub 2009'
PACKAGE_TARNAME='tex-live-auxdir-auxsub'
PACKAGE_URL=''
PACKAGE_VERSION='2009'
PATH_SEPARATOR=':'
SET_MAKE=''
SHELL='/bin/bash'
STRIP=''
VERSION='2009'
am__isrc=' -I$(srcdir)'
am__leading_dot='.'
am__tar='${AMTAR} chof - "$$tardir"'
am__untar='${AMTAR} xf -'
bindir='${exec_prefix}/bin/x86_64-unknown-linux-gnu'
build_alias=''
datadir='${datarootdir}'
datarootdir='${prefix}/share'
docdir='${datarootdir}/doc/${PACKAGE_TARNAME}'
dvidir='${docdir}'
exec_prefix='${prefix}'
host_alias=''
htmldir='${docdir}'
includedir='${prefix}/include'
infodir='${prefix}/texmf/doc/info'
install_sh='${SHELL} /home/dmonad/git/_test2/src/pdftex-1.40.11/src/build-aux/install-sh'
libdir='${exec_prefix}/lib/x86_64-unknown-linux-gnu'
libexecdir='${exec_prefix}/libexec'
localedir='${datarootdir}/locale'
localstatedir='${prefix}/var'
mandir='${prefix}/texmf/doc/man'
mkdir_p='/bin/mkdir -p'
oldincludedir='/usr/include'
pdfdir='${docdir}'
prefix='/usr/local'
program_transform_name='s,x,x,'
psdir='${docdir}'
sbindir='${exec_prefix}/sbin'
sharedstatedir='${prefix}/com'
sysconfdir='${prefix}/etc'
target_alias=''

## ----------- ##
## confdefs.h. ##
## ----------- ##

/* confdefs.h */
#define PACKAGE_NAME "TeX Live auxdir auxsub"
#define PACKAGE_TARNAME "tex-live-auxdir-auxsub"
#define PACKAGE_VERSION "2009"
#define PACKAGE_STRING "TeX Live auxdir auxsub 2009"
#define PACKAGE_BUGREPORT "tex-k@tug.org"
#define PACKAGE_URL ""
#define PACKAGE "tex-live-auxdir-auxsub"
#define VERSION "2009"

configure: exit 0
