This is pdfTeX, Version 3.1415926-1.40.11 (TeX Live 2010) (INITEX)  16 JAN 2017 15:42
entering extended mode
**unpack.ins
(./unpack.ins (./ltdirchk.dtx
** Using the existing texsys.cfg
(./texsys.cfg)
\openout15 = `texsys.aux'.


./texsys.aux found


\@currdir set to: ./.

) (./docstrip.dtx
Utility: `docstrip' 2.5e <2014/09/29>
English documentation    <2014/09/29>

**********************************************************
* This program converts documented macro-files into fast *
* loadable files by stripping off (nearly) all comments! *
**********************************************************

********************************************************
* No Configuration file found, using default settings. *
********************************************************

) (./ltvers.dtx
LaTeX2e <2016/03/31> patch level 3
)
**********************************************
*
* Welcome to the Installation routine of
*
*     LaTeX2e <2016/03/31>
*
* Depending on your machine the installation
* might take a long time --- this is the
* price for being able to run on all platforms.
* So please be patient :-)
*
**********************************************


(./format.ins

Generating file(s) ./latex.ltx ./tracefnt.sty ./flafter.sty ./fltrace.sty ./fle
qn.clo ./leqno.clo 
\openout0 = `./latex.ltx'.


Processing file ltdirchk.dtx (initex,2ekernel,dircheck) -> latex.ltx
Lines  processed: 985
Comments removed: 695
Comments  passed: 1
Codelines passed: 229


Processing file ltplain.dtx (2ekernel) -> latex.ltx
Lines  processed: 1606
Comments removed: 1037
Comments  passed: 1
Codelines passed: 442


Processing file ltvers.dtx (2ekernel) -> latex.ltx
File ltvers.dtx ended by \endinput.
Lines  processed: 223
Comments removed: 124
Comments  passed: 1
Codelines passed: 86


Processing file ltdefns.dtx (2ekernel) -> latex.ltx
Lines  processed: 1454
Comments removed: 1114
Comments  passed: 1
Codelines passed: 326


Processing file ltalloc.dtx (2ekernel) -> latex.ltx
File ltalloc.dtx ended by \endinput.
Lines  processed: 175
Comments removed: 135
Comments  passed: 1
Codelines passed: 35


Processing file ltcntrl.dtx (2ekernel) -> latex.ltx
File ltcntrl.dtx ended by \endinput.
Lines  processed: 325
Comments removed: 265
Comments  passed: 1
Codelines passed: 55


Processing file lterror.dtx (2ekernel) -> latex.ltx
File lterror.dtx ended by \endinput.
Lines  processed: 764
Comments removed: 509
Comments  passed: 1
Codelines passed: 250


Processing file ltpar.dtx (2ekernel) -> latex.ltx
File ltpar.dtx ended by \endinput.
Lines  processed: 179
Comments removed: 150
Comments  passed: 1
Codelines passed: 24


Processing file ltspace.dtx (2ekernel) -> latex.ltx
File ltspace.dtx ended by \endinput.
Lines  processed: 1144
Comments removed: 808
Comments  passed: 1
Codelines passed: 242


Processing file ltlogos.dtx (2ekernel) -> latex.ltx
File ltlogos.dtx ended by \endinput.
Lines  processed: 122
Comments removed: 84
Comments  passed: 1
Codelines passed: 33


Processing file ltfiles.dtx (2ekernel) -> latex.ltx
Lines  processed: 859
Comments removed: 611
Comments  passed: 1
Codelines passed: 243


Processing file ltoutenc.dtx (2ekernel) -> latex.ltx
File ltoutenc.dtx ended by \endinput.
Lines  processed: 3498
Comments removed: 2212
Comments  passed: 1
Codelines passed: 1229


Processing file ltcounts.dtx (2ekernel) -> latex.ltx
Lines  processed: 540
Comments removed: 400
Comments  passed: 1
Codelines passed: 103


Processing file ltlength.dtx (2ekernel) -> latex.ltx
Lines  processed: 167
Comments removed: 121
Comments  passed: 1
Codelines passed: 30


Processing file ltfssbas.dtx (2ekernel) -> latex.ltx
Lines  processed: 1907
Comments removed: 1408
Comments  passed: 2
Codelines passed: 424

\openout1 = `./tracefnt.sty'.


Processing file ltfsstrc.dtx (2ekernel) -> latex.ltx
                             (package,trace) -> tracefnt.sty
Lines  processed: 1844
Comments removed: 1332
Comments  passed: 3
Codelines passed: 428


Processing file ltfssdcl.dtx (compat,2ekernel) -> latex.ltx
Lines  processed: 1638
Comments removed: 728
Comments  passed: 3
Codelines passed: 827


Processing file ltfssini.dtx (compat,2ekernel) -> latex.ltx
Lines  processed: 612
Comments removed: 430
Comments  passed: 3
Codelines passed: 155


Processing file ltfntcmd.dtx (2ekernel) -> latex.ltx
File ltfntcmd.dtx ended by \endinput.
Lines  processed: 773
Comments removed: 627
Comments  passed: 2
Codelines passed: 140


Processing file ltpageno.dtx (2ekernel) -> latex.ltx
Lines  processed: 101
Comments removed: 70
Comments  passed: 1
Codelines passed: 26


Processing file ltxref.dtx (2ekernel) -> latex.ltx
Lines  processed: 341
Comments removed: 280
Comments  passed: 1
Codelines passed: 56


Processing file ltmiscen.dtx (2ekernel) -> latex.ltx
Lines  processed: 801
Comments removed: 626
Comments  passed: 1
Codelines passed: 170

\openout1 = `./fleqn.clo'.

\openout2 = `./leqno.clo'.


Processing file ltmath.dtx (2ekernel) -> latex.ltx
                           (fleqn) -> fleqn.clo
                           (leqno) -> leqno.clo
Lines  processed: 1068
Comments removed: 636
Comments  passed: 1
Codelines passed: 373


Processing file ltlists.dtx (2ekernel) -> latex.ltx
Lines  processed: 1097
Comments removed: 820
Comments  passed: 1
Codelines passed: 265


Processing file ltboxes.dtx (2ekernel) -> latex.ltx
File ltboxes.dtx ended by \endinput.
Lines  processed: 1258
Comments removed: 866
Comments  passed: 1
Codelines passed: 308


Processing file lttab.dtx (2ekernel) -> latex.ltx
Lines  processed: 1601
Comments removed: 1231
Comments  passed: 1
Codelines passed: 364


Processing file ltpictur.dtx (2ekernel) -> latex.ltx
Lines  processed: 1542
Comments removed: 1101
Comments  passed: 1
Codelines passed: 386


Processing file ltthm.dtx (2ekernel) -> latex.ltx
Lines  processed: 289
Comments removed: 226
Comments  passed: 1
Codelines passed: 58


Processing file ltsect.dtx (2ekernel) -> latex.ltx
Lines  processed: 866
Comments removed: 675
Comments  passed: 1
Codelines passed: 186


Processing file ltfloat.dtx (2ekernel) -> latex.ltx
Lines  processed: 1520
Comments removed: 1054
Comments  passed: 1
Codelines passed: 332


Processing file ltidxglo.dtx (2ekernel) -> latex.ltx
Lines  processed: 217
Comments removed: 158
Comments  passed: 1
Codelines passed: 54


Processing file ltbibl.dtx (2ekernel) -> latex.ltx
Lines  processed: 407
Comments removed: 329
Comments  passed: 1
Codelines passed: 73


Processing file ltpage.dtx (2ekernel) -> latex.ltx
Lines  processed: 334
Comments removed: 255
Comments  passed: 1
Codelines passed: 74

\openout1 = `./flafter.sty'.

\openout2 = `./fltrace.sty'.


Processing file ltoutput.dtx (2ekernel) -> latex.ltx
                             (flafter,trace) -> flafter.sty
                             (fltrace,trace) -> fltrace.sty
File ltoutput.dtx ended by \endinput.
Lines  processed: 4866
Comments removed: 2653
Comments  passed: 1
Codelines passed: 1355


Processing file ltclass.dtx (2ekernel) -> latex.ltx
Lines  processed: 1712
Comments removed: 1171
Comments  passed: 1
Codelines passed: 534


Processing file ltluatex.dtx (2ekernel) -> latex.ltx
Lines  processed: 1655
Comments removed: 893
Comments  passed: 0
Codelines passed: 708


Processing file ltfinal.dtx (2ekernel) -> latex.ltx
Lines  processed: 893
Comments removed: 518
Comments  passed: 1
Codelines passed: 255

File ./oldlfont.sty already exists on the system.
Overwrite it? [y/n]
\answer=y

Generating file(s) ./oldlfont.sty 
\openout0 = `./oldlfont.sty'.


Processing file oldlfont.dtx (package) -> oldlfont.sty
File oldlfont.dtx ended by \endinput.
Lines  processed: 251
Comments removed: 192
Comments  passed: 3
Codelines passed: 45

File ./newlfont.sty already exists on the system.
Overwrite it? [y/n]
\answer=y

Generating file(s) ./newlfont.sty 
\openout0 = `./newlfont.sty'.


Processing file newlfont.dtx (package) -> newlfont.sty
File newlfont.dtx ended by \endinput.
Lines  processed: 203
Comments removed: 143
Comments  passed: 3
Codelines passed: 48


Generating file(s) ./ltluatex.tex 
\openout0 = `./ltluatex.tex'.


Processing file ltluatex.dtx (tex,plain) -> ltluatex.tex
Lines  processed: 1655
Comments removed: 893
Comments  passed: 0
Codelines passed: 708

File ./hyphen.ltx already exists on the system.
Overwrite it? [y/n]
\answer=y

Generating file(s) ./hyphen.ltx 
\openout0 = `./hyphen.ltx'.


Processing file lthyphen.dtx (default) -> hyphen.ltx
File lthyphen.dtx ended by \endinput.
Lines  processed: 142
Comments removed: 118
Comments  passed: 0
Codelines passed: 17


Generating file(s) ./fonttext.ltx ./fontmath.ltx ./fonttext.cfg ./fontmath.cfg 
./preload.cfg 
\openout0 = `./fonttext.ltx'.

\openout1 = `./fontmath.ltx'.

\openout2 = `./fonttext.cfg'.

\openout3 = `./fontmath.cfg'.

\openout4 = `./preload.cfg'.


Processing file fontdef.dtx (text) -> fonttext.ltx
                            (math) -> fontmath.ltx
                            (cfgtext) -> fonttext.cfg
                            (cfgmath) -> fontmath.cfg
                            (cfgprel) -> preload.cfg
File fontdef.dtx ended by \endinput.
Lines  processed: 1321
Comments removed: 759
Comments  passed: 19
Codelines passed: 516

File ./preload.ltx already exists on the system.
Overwrite it? [y/n]
\answer=Y
Not generating file ./preload.ltx


Generating file(s) ./ltluatex.lua 
\openout0 = `./ltluatex.lua'.


Processing file ltluatex.dtx (lua) -> ltluatex.lua
Lines  processed: 1655
Comments removed: 893
Comments  passed: 0
Codelines passed: 708

) (./inputenc.ins
*** Generating input encoding files ***

Generating file(s) ./inputenc.sty ./latin1.def ./latin2.def ./latin3.def ./lati
n4.def ./latin5.def ./latin9.def ./latin10.def 
\openout0 = `./inputenc.sty'.

\openout1 = `./latin1.def'.

\openout2 = `./latin2.def'.

\openout3 = `./latin3.def'.

\openout4 = `./latin4.def'.

\openout5 = `./latin5.def'.

\openout6 = `./latin9.def'.

\openout7 = `./latin10.def'.


Processing file inputenc.dtx (package) -> inputenc.sty
                             (latin1) -> latin1.def
                             (latin2) -> latin2.def
                             (latin3) -> latin3.def
                             (latin4) -> latin4.def
                             (latin5) -> latin5.def
                             (latin9) -> latin9.def
                             (latin10) -> latin10.def
File inputenc.dtx ended by \endinput.
Lines  processed: 3031
Comments removed: 1212
Comments  passed: 0
Codelines passed: 1689


Generating file(s) ./cp850.def ./cp852.def ./cp858.def ./cp865.def ./cp437.def 
./cp437de.def ./decmulti.def 
\openout0 = `./cp850.def'.

\openout1 = `./cp852.def'.

\openout2 = `./cp858.def'.

\openout3 = `./cp865.def'.

\openout4 = `./cp437.def'.

\openout5 = `./cp437de.def'.

\openout6 = `./decmulti.def'.


Processing file inputenc.dtx (cp850) -> cp850.def
                             (cp852) -> cp852.def
                             (cp858) -> cp858.def
                             (cp865) -> cp865.def
                             (cp437) -> cp437.def
                             (cp437de) -> cp437de.def
                             (decmulti) -> decmulti.def
File inputenc.dtx ended by \endinput.
Lines  processed: 3031
Comments removed: 1212
Comments  passed: 0
Codelines passed: 1689


Generating file(s) ./ascii.def ./applemac.def ./macce.def ./next.def ./ansinew.
def ./cp1250.def ./cp1252.def ./cp1257.def 
\openout0 = `./ascii.def'.

\openout1 = `./applemac.def'.

\openout2 = `./macce.def'.

\openout3 = `./next.def'.

\openout4 = `./ansinew.def'.

\openout5 = `./cp1250.def'.

\openout6 = `./cp1252.def'.

\openout7 = `./cp1257.def'.


Processing file inputenc.dtx (ascii) -> ascii.def
                             (applemac) -> applemac.def
                             (applemacce) -> macce.def
                             (next) -> next.def
                             (cp1252,ansinew) -> ansinew.def
                             (cp1250) -> cp1250.def
                             (cp1252) -> cp1252.def
                             (cp1257) -> cp1257.def
File inputenc.dtx ended by \endinput.
Lines  processed: 3031
Comments removed: 1212
Comments  passed: 0
Codelines passed: 1689

*** Generating utf8 input encoding files ***

Generating file(s) ./utf8.def ./utf8-test.tex ./lcyenc.dfu ./ly1enc.dfu ./omsen
c.dfu ./ot1enc.dfu ./ot2enc.dfu ./t1enc.dfu 
\openout0 = `./utf8.def'.

\openout1 = `./utf8-test.tex'.

\openout2 = `./lcyenc.dfu'.

\openout3 = `./ly1enc.dfu'.

\openout4 = `./omsenc.dfu'.

\openout5 = `./ot1enc.dfu'.

\openout6 = `./ot2enc.dfu'.

\openout7 = `./t1enc.dfu'.


Processing file utf8ienc.dtx (utf8) -> utf8.def
                             (test) -> utf8-test.tex
                             (lcy) -> lcyenc.dfu
                             (ly1) -> ly1enc.dfu
                             (oms) -> omsenc.dfu
                             (ot1) -> ot1enc.dfu
                             (ot2) -> ot2enc.dfu
                             (t1) -> t1enc.dfu
File utf8ienc.dtx ended by \endinput.
Lines  processed: 1638
Comments removed: 831
Comments  passed: 0
Codelines passed: 324


Generating file(s) ./t2aenc.dfu ./t2benc.dfu ./t2cenc.dfu ./ts1enc.dfu ./x2enc.
dfu ./utf8enc.dfu ./utf8test.tex 
\openout0 = `./t2aenc.dfu'.

\openout1 = `./t2benc.dfu'.

\openout2 = `./t2cenc.dfu'.

\openout3 = `./ts1enc.dfu'.

\openout4 = `./x2enc.dfu'.

\openout5 = `./utf8enc.dfu'.

\openout6 = `./utf8test.tex'.


Processing file utf8ienc.dtx (t2a) -> t2aenc.dfu
                             (t2b) -> t2benc.dfu
                             (t2c) -> t2cenc.dfu
                             (ts1) -> ts1enc.dfu
                             (x2) -> x2enc.dfu
                             (all) -> utf8enc.dfu
                             (test) -> utf8test.tex
File utf8ienc.dtx ended by \endinput.
Lines  processed: 1638
Comments removed: 831
Comments  passed: 0
Codelines passed: 324

) (./ltoutenc.ins

Generating file(s) ./ot1enc.def ./omsenc.def ./omlenc.def ./t1enc.def ./ot4enc.
def ./ts1enc.def ./textcomp.sty ./fontenc.sty 
\openout0 = `./ot1enc.def'.

\openout1 = `./omsenc.def'.

\openout2 = `./omlenc.def'.

\openout3 = `./t1enc.def'.

\openout4 = `./ot4enc.def'.

\openout5 = `./ts1enc.def'.

\openout6 = `./textcomp.sty'.

\openout7 = `./fontenc.sty'.


Processing file ltoutenc.dtx (OT1) -> ot1enc.def
                             (OMS) -> omsenc.def
                             (OML) -> omlenc.def
                             (T1) -> t1enc.def
                             (OT4) -> ot4enc.def
                             (TS1) -> ts1enc.def
                             (TS1sty) -> textcomp.sty
                             (package) -> fontenc.sty
File ltoutenc.dtx ended by \endinput.
Lines  processed: 3498
Comments removed: 2212
Comments  passed: 1
Codelines passed: 1229

) (./classes.ins

Generating file(s) ./article.cls ./report.cls ./book.cls ./size10.clo ./size11.
clo ./size12.clo ./bk10.clo ./bk11.clo ./bk12.clo 
\openout0 = `./article.cls'.

\openout1 = `./report.cls'.

\openout2 = `./book.cls'.

\openout3 = `./size10.clo'.

\openout4 = `./size11.clo'.

\openout5 = `./size12.clo'.

\openout6 = `./bk10.clo'.

\openout7 = `./bk11.clo'.

\openout8 = `./bk12.clo'.


Processing file classes.dtx (article) -> article.cls
                            (report) -> report.cls
                            (book) -> book.cls
                            (10pt) -> size10.clo
                            (11pt) -> size11.clo
                            (12pt) -> size12.clo
                            (10pt,bk) -> bk10.clo
                            (11pt,bk) -> bk11.clo
                            (12pt,bk) -> bk12.clo
File classes.dtx ended by \endinput.
Lines  processed: 4447
Comments removed: 3062
Comments  passed: 0
Codelines passed: 1080

) (./letter.ins
*** Generating letter class file ***
File ./letter.cls already exists on the system.
Overwrite it? [y/n]
\answer=Y
Not generating file ./letter.cls

) (./slides.ins
*** Generating slide cmd files and styles ***

Generating file(s) ./slides.cls ./slides.def 
\openout0 = `./slides.cls'.

\openout1 = `./slides.def'.


Processing file slides.dtx (class) -> slides.cls
                           (cmd) -> slides.def
File slides.dtx ended by \endinput.
Lines  processed: 2731
Comments removed: 1801
Comments  passed: 0
Codelines passed: 917

*** Generating default fonts setup file for slides ***
*** Generating .fd files ***

Generating file(s) ./sfonts.def ./ot1lcmss.fd ./ot1lcmtt.fd ./omllcmm.fd ./omsl
cmsy.fd ./omxlcmex.fd ./ullasy.fd 
\openout0 = `./sfonts.def'.

\openout1 = `./ot1lcmss.fd'.

\openout2 = `./ot1lcmtt.fd'.

\openout3 = `./omllcmm.fd'.

\openout4 = `./omslcmsy.fd'.

\openout5 = `./omxlcmex.fd'.

\openout6 = `./ullasy.fd'.


Processing file slifonts.fdd (main) -> sfonts.def
                             (lcmss,fd) -> ot1lcmss.fd
                             (lcmtt,fd) -> ot1lcmtt.fd
                             (lcmm,fd) -> omllcmm.fd
                             (lcmsy,fd) -> omslcmsy.fd
                             (lcmex,fd) -> omxlcmex.fd
                             (llasy,fd) -> ullasy.fd
File slifonts.fdd ended by \endinput.
Lines  processed: 466
Comments removed: 281
Comments  passed: 0
Codelines passed: 104

) (./proc.ins

Generating file(s) ./proc.cls ./proc.sty 
\openout0 = `./proc.cls'.

\openout1 = `./proc.sty'.


Processing file proc.dtx (class) -> proc.cls
                         (style) -> proc.sty
File proc.dtx ended by \endinput.
Lines  processed: 440
Comments removed: 332
Comments  passed: 0
Codelines passed: 93

) (./latexsym.ins

Generating file(s) ./latexsym.sty ./ulasy.fd 
\openout0 = `./latexsym.sty'.

\openout1 = `./ulasy.fd'.


Processing file latexsym.dtx (package) -> latexsym.sty
                             (fd) -> ulasy.fd
File latexsym.dtx ended by \endinput.
Lines  processed: 196
Comments removed: 142
Comments  passed: 0
Codelines passed: 42

) (./cmfonts.ins

Generating file(s) ./ot1cmss.fd ./ot1cmr.fd ./ot1cmtt.fd ./ot1cmvtt.fd ./ot1cmf
ib.fd ./ot1cmfr.fd ./ot1cmdh.fd 
\openout0 = `./ot1cmss.fd'.

\openout1 = `./ot1cmr.fd'.

\openout2 = `./ot1cmtt.fd'.

\openout3 = `./ot1cmvtt.fd'.

\openout4 = `./ot1cmfib.fd'.

\openout5 = `./ot1cmfr.fd'.

\openout6 = `./ot1cmdh.fd'.


Processing file cmfonts.fdd (OT1cmss) -> ot1cmss.fd
                            (OT1cmr) -> ot1cmr.fd
                            (OT1cmtt,nowarn) -> ot1cmtt.fd
                            (OT1cmvtt) -> ot1cmvtt.fd
                            (OT1cmfib) -> ot1cmfib.fd
                            (OT1cmfr) -> ot1cmfr.fd
                            (OT1cmdh) -> ot1cmdh.fd
File cmfonts.fdd ended by \endinput.
Lines  processed: 1296
Comments removed: 556
Comments  passed: 0
Codelines passed: 425


Generating file(s) ./ucmr.fd ./ucmss.fd ./ucmtt.fd ./omlcmm.fd ./omscmsy.fd ./o
mxcmex.fd ./omlcmr.fd ./omscmr.fd 
\openout0 = `./ucmr.fd'.

\openout1 = `./ucmss.fd'.

\openout2 = `./ucmtt.fd'.

\openout3 = `./omlcmm.fd'.

\openout4 = `./omscmsy.fd'.

\openout5 = `./omxcmex.fd'.

\openout6 = `./omlcmr.fd'.

\openout7 = `./omscmr.fd'.


Processing file cmfonts.fdd (Ucmr) -> ucmr.fd
                            (Ucmss) -> ucmss.fd
                            (Ucmtt) -> ucmtt.fd
                            (OMLcmm) -> omlcmm.fd
                            (OMScmsy) -> omscmsy.fd
                            (OMXcmex) -> omxcmex.fd
                            (OMLcmr) -> omlcmr.fd
                            (OMScmr) -> omscmr.fd
File cmfonts.fdd ended by \endinput.
Lines  processed: 1296
Comments removed: 556
Comments  passed: 0
Codelines passed: 425

) (./ec.ins
*** Generating font defs for Cork encoded and Text Companion fonts ***

Generating file(s) ./t1cmfib.fd ./t1cmfr.fd ./t1cmdh.fd ./t1cmr.fd ./t1cmss.fd 
./t1cmtt.fd ./t1cmvtt.fd ./ts1cmr.fd ./ts1cmss.fd ./ts1cmtt.fd ./ts1cmvtt.fd 
\openout0 = `./t1cmfib.fd'.

\openout1 = `./t1cmfr.fd'.

\openout2 = `./t1cmdh.fd'.

\openout3 = `./t1cmr.fd'.

\openout4 = `./t1cmss.fd'.

\openout5 = `./t1cmtt.fd'.

\openout6 = `./t1cmvtt.fd'.

\openout7 = `./ts1cmr.fd'.

\openout8 = `./ts1cmss.fd'.

\openout9 = `./ts1cmtt.fd'.

\openout10 = `./ts1cmvtt.fd'.


Processing file cmfonts.fdd (fd,T1cmfib,ec) -> t1cmfib.fd
                            (fd,T1cmfr,ec) -> t1cmfr.fd
                            (fd,T1cmdh,ec) -> t1cmdh.fd
                            (fd,T1cmr,ec) -> t1cmr.fd
                            (fd,T1cmss,ec) -> t1cmss.fd
                            (fd,T1cmtt,tt,ec,nowarn) -> t1cmtt.fd
                            (fd,T1cmvtt,tt,ec) -> t1cmvtt.fd
                            (fd,TS1cmr,ec) -> ts1cmr.fd
                            (fd,TS1cmss,ec) -> ts1cmss.fd
                            (fd,TS1cmtt,ec,tt) -> ts1cmtt.fd
                            (fd,TS1cmvtt,ec,tt) -> ts1cmvtt.fd
File cmfonts.fdd ended by \endinput.
Lines  processed: 1296
Comments removed: 556
Comments  passed: 0
Codelines passed: 425


Generating file(s) ./t1lcmss.fd ./t1lcmtt.fd 
\openout0 = `./t1lcmss.fd'.

\openout1 = `./t1lcmtt.fd'.


Processing file slifonts.fdd (lcmss,fd,ec) -> t1lcmss.fd
                             (lcmtt,fd,ec) -> t1lcmtt.fd
File slifonts.fdd ended by \endinput.
Lines  processed: 466
Comments removed: 281
Comments  passed: 0
Codelines passed: 104

) (./latex209.ins
*** Generating compatibility mode files ***

Generating file(s) ./latex209.def ./article.sty ./book.sty ./report.sty ./lette
r.sty ./slides.sty ./fleqn.sty ./leqno.sty ./openbib.sty ./bezier.sty ./t1enc.s
ty 
\openout0 = `./latex209.def'.

\openout1 = `./article.sty'.

\openout2 = `./book.sty'.

\openout3 = `./report.sty'.

\openout4 = `./letter.sty'.

\openout5 = `./slides.sty'.

\openout6 = `./fleqn.sty'.

\openout7 = `./leqno.sty'.

\openout8 = `./openbib.sty'.

\openout9 = `./bezier.sty'.

\openout10 = `./t1enc.sty'.


Processing file latex209.dtx (head) -> latex209.def
                             (article) -> article.sty
                             (book) -> book.sty
                             (report) -> report.sty
                             (letter) -> letter.sty
                             (slides) -> slides.sty
                             (fleqn) -> fleqn.sty
                             (leqno) -> leqno.sty
                             (openbib) -> openbib.sty
                             (bezier) -> bezier.sty
                             (t1enc) -> t1enc.sty
File latex209.dtx ended by \endinput.
Lines  processed: 1134
Comments removed: 794
Comments  passed: 0
Codelines passed: 312


Processing file oldlfont.dtx (latex209) -> latex209.def
File oldlfont.dtx ended by \endinput.
Lines  processed: 251
Comments removed: 192
Comments  passed: 3
Codelines passed: 45


Processing file latex209.dtx (tail) -> latex209.def
File latex209.dtx  ended by \endinput.
Lines  processed: 1134
Comments removed: 794
Comments  passed: 0
Codelines passed: 312

) (./docstrip.ins

Generating file(s) ./docstrip.tex 
\openout0 = `./docstrip.tex'.


Processing file docstrip.dtx (initex,program,stats) -> docstrip.tex
File docstrip.dtx ended by \endinput.
Lines  processed: 4344
Comments removed: 3247
Comments  passed: 10
Codelines passed: 1054


Generating file(s) ./ltxdoc.cls 
\openout0 = `./ltxdoc.cls'.


Processing file ltxdoc.dtx (class) -> ltxdoc.cls
Lines  processed: 576
Comments removed: 354
Comments  passed: 0
Codelines passed: 215


Generating file(s) ./doc.sty ./shortvrb.sty ./gind.ist ./gglo.ist 
\openout0 = `./doc.sty'.

\openout1 = `./shortvrb.sty'.

\openout2 = `./gind.ist'.

\openout3 = `./gglo.ist'.


Processing file doc.dtx (package) -> doc.sty
                        (shortvrb) -> shortvrb.sty
                        (gind) -> gind.ist
                        (gglo) -> gglo.ist
File doc.dtx ended by \endinput.
Lines  processed: 4938
Comments removed: 4067
Comments  passed: 3
Codelines passed: 800

) (./ifthen.ins
File ./ifthen.sty already exists on the system.
Overwrite it? [y/n]
\answer=y

Generating file(s) ./ifthen.sty 
\openout0 = `./ifthen.sty'.


Processing file ifthen.dtx (package) -> ifthen.sty
File ifthen.dtx ended by \endinput.
Lines  processed: 525
Comments removed: 407
Comments  passed: 6
Codelines passed: 103

) (./graphpap.ins
File ./graphpap.sty already exists on the system.
Overwrite it? [y/n]
\answer=y

Generating file(s) ./graphpap.sty 
\openout0 = `./graphpap.sty'.


Processing file graphpap.dtx (package) -> graphpap.sty
Lines  processed: 195
Comments removed: 125
Comments  passed: 5
Codelines passed: 58

) (./makeindx.ins

Generating file(s) ./makeidx.sty ./showidx.sty 
\openout0 = `./makeidx.sty'.

\openout1 = `./showidx.sty'.


Processing file makeindx.dtx (makeidx) -> makeidx.sty
                             (showidx) -> showidx.sty
File makeindx.dtx ended by \endinput.
Lines  processed: 312
Comments removed: 254
Comments  passed: 0
Codelines passed: 50

) (./syntonly.ins
File ./syntonly.sty already exists on the system.
Overwrite it? [y/n]
\answer=y

Generating file(s) ./syntonly.sty 
\openout0 = `./syntonly.sty'.


Processing file syntonly.dtx (package) -> syntonly.sty
File syntonly.dtx ended by \endinput.
Lines  processed: 281
Comments removed: 222
Comments  passed: 1
Codelines passed: 49

) (./exscale.ins
File ./exscale.sty already exists on the system.
Overwrite it? [y/n]
\answer=y

Generating file(s) ./exscale.sty 
\openout0 = `./exscale.sty'.


Processing file exscale.dtx (package) -> exscale.sty
File exscale.dtx ended by \endinput.
Lines  processed: 187
Comments removed: 140
Comments  passed: 3
Codelines passed: 32

) (./alltt.ins
File ./alltt.sty already exists on the system.
Overwrite it? [y/n]
\answer=y

Generating file(s) ./alltt.sty 
\openout0 = `./alltt.sty'.


Processing file alltt.dtx (package) -> alltt.sty
File alltt.dtx ended by \endinput.
Lines  processed: 212
Comments removed: 138
Comments  passed: 6
Codelines passed: 59

) (./nfssfont.ins
File ./nfssfont.tex already exists on the system.
Overwrite it? [y/n]
\answer=y

Generating file(s) ./nfssfont.tex 
\openout0 = `./nfssfont.tex'.


Processing file nfssfont.dtx (code) -> nfssfont.tex
File nfssfont.dtx ended by \endinput.
Lines  processed: 484
Comments removed: 180
Comments  passed: 0
Codelines passed: 300

) (./fix-cm.ins
File ./fix-cm.sty already exists on the system.
Overwrite it? [y/n]
\answer=y

Generating file(s) ./fix-cm.sty 
\openout0 = `./fix-cm.sty'.


Processing file fix-cm.dtx (fix-cm) -> fix-cm.sty
File fix-cm.dtx ended by \endinput.
Lines  processed: 828
Comments removed: 310
Comments  passed: 1
Codelines passed: 508

) (./latexrelease.ins
File ./latexrelease.sty already exists on the system.
Overwrite it? [y/n]
\answer=y

Generating file(s) ./latexrelease.sty 
\openout0 = `./latexrelease.sty'.


Processing file ltvers.dtx (latexrelease) -> latexrelease.sty
File ltvers.dtx ended by \endinput.
Lines  processed: 223
Comments removed: 124
Comments  passed: 1
Codelines passed: 86


Processing file latexrelease.dtx (latexrelease) -> latexrelease.sty
File latexrelease.dtx ended by \endinput.
Lines  processed: 482
Comments removed: 403
Comments  passed: 0
Codelines passed: 65


Processing file ltdirchk.dtx (latexrelease) -> latexrelease.sty
Lines  processed: 985
Comments removed: 695
Comments  passed: 1
Codelines passed: 229


Processing file ltdefns.dtx (latexrelease) -> latexrelease.sty
Lines  processed: 1454
Comments removed: 1114
Comments  passed: 1
Codelines passed: 326


Processing file ltboxes.dtx (latexrelease) -> latexrelease.sty
File ltboxes.dtx ended by \endinput.
Lines  processed: 1258
Comments removed: 866
Comments  passed: 1
Codelines passed: 308


Processing file ltmath.dtx (latexrelease) -> latexrelease.sty
Lines  processed: 1068
Comments removed: 636
Comments  passed: 1
Codelines passed: 373


Processing file ltpictur.dtx (latexrelease) -> latexrelease.sty
Lines  processed: 1542
Comments removed: 1101
Comments  passed: 1
Codelines passed: 386


Processing file ltoutenc.dtx (latexrelease) -> latexrelease.sty
File ltoutenc.dtx ended by \endinput.
Lines  processed: 3498
Comments removed: 2212
Comments  passed: 1
Codelines passed: 1229


Processing file ltcounts.dtx (latexrelease) -> latexrelease.sty
Lines  processed: 540
Comments removed: 400
Comments  passed: 1
Codelines passed: 103


Processing file ltlength.dtx (latexrelease) -> latexrelease.sty
Lines  processed: 167
Comments removed: 121
Comments  passed: 1
Codelines passed: 30


Processing file ltfloat.dtx (latexrelease) -> latexrelease.sty
Lines  processed: 1520
Comments removed: 1054
Comments  passed: 1
Codelines passed: 332


Processing file ltoutput.dtx (latexrelease) -> latexrelease.sty
File ltoutput.dtx ended by \endinput.
Lines  processed: 4866
Comments removed: 2653
Comments  passed: 1
Codelines passed: 1355


Processing file ltspace.dtx (latexrelease) -> latexrelease.sty
File ltspace.dtx ended by \endinput.
Lines  processed: 1144
Comments removed: 808
Comments  passed: 1
Codelines passed: 242


Processing file ltplain.dtx (latexrelease) -> latexrelease.sty
Lines  processed: 1606
Comments removed: 1037
Comments  passed: 1
Codelines passed: 442


Processing file ltfssdcl.dtx (latexrelease) -> latexrelease.sty
Lines  processed: 1638
Comments removed: 728
Comments  passed: 3
Codelines passed: 827


Processing file ltfssini.dtx (latexrelease) -> latexrelease.sty
Lines  processed: 612
Comments removed: 430
Comments  passed: 3
Codelines passed: 155


Processing file ltfssbas.dtx (latexrelease) -> latexrelease.sty
Lines  processed: 1907
Comments removed: 1408
Comments  passed: 2
Codelines passed: 424


Processing file ltfsscmp.dtx (latexrelease) -> latexrelease.sty
Lines  processed: 378
Comments removed: 219
Comments  passed: 3
Codelines passed: 148


Processing file ltluatex.dtx (latexrelease) -> latexrelease.sty
Lines  processed: 1655
Comments removed: 893
Comments  passed: 0
Codelines passed: 708


Processing file ltfinal.dtx (latexrelease) -> latexrelease.sty
Lines  processed: 893
Comments removed: 518
Comments  passed: 1
Codelines passed: 255

File ./fixltx2e.sty already exists on the system.
Overwrite it? [y/n]
\answer=y

Generating file(s) ./fixltx2e.sty 
\openout0 = `./fixltx2e.sty'.


Processing file latexrelease.dtx (fixltx2e) -> fixltx2e.sty
File latexrelease.dtx ended by \endinput.
Lines  processed: 482
Comments removed: 403
Comments  passed: 0
Codelines passed: 65

)

***********************************
*
* Now run INITEX on latex.ltx
*
***********************************

Overall statistics:
Files  processed: 93
Lines  processed: 116430
Comments removed: 73474
Comments  passed: 133
Codelines passed: 35464
 )
No pages of output.
