This file contains any messages produced by compilers while
running configure, to aid debugging if configure makes a mistake.

It was created by Web2C Tools configure 7.5.7, which was
generated by GNU Autoconf 2.65.  Invocation command line was

  $ /home/dmonad/git/_test2/src/binary/pdftex-1.40.11/src/texk/web2c/web2c/configure --disable-option-checking --prefix=/usr/local --enable-native-texlive-build --enable-cxx-runtime-hack --disable-shared --disable-largefile --without-x --disable-ptex --without-system-freetype --without-system-freetype2 --without-system-gd --without-system-graphite --without-system-icu --without-system-kpathsea --without-system-libpng --without-system-ptexenc --without-system-t1lib --without-system-teckit --without-system-xpdf --without-system-zlib --disable-all-pkgs --enable-pdftex --enable-static --enable-multiplatform=yes --enable-libtool-hack=yes --enable-texlive-build --bindir=${exec_prefix}/bin/x86_64-unknown-linux-gnu --libdir=${exec_prefix}/lib/x86_64-unknown-linux-gnu --enable-chktex=no --enable-dialog=no --enable-ps2eps=no --enable-psutils=no --enable-t1utils=no --enable-tpic2pdftex=no --enable-vlna=no --enable-xindy=no --with-clisp-runtime=default --disable-xpdfopen --enable-web2c=no --enable-afm2pl=no --enable-bibtex8=no --enable-bibtexu=no --enable-cjkutils=no --enable-detex=no --enable-devnag=no --enable-dtl=no --enable-dvi2tty=no --enable-dvidvi=no --enable-dviljk=no --enable-dvipdfmx=no --enable-dvipng=no --enable-dvipos=no --enable-dvipsk=no --enable-dvisvgm=no --enable-gsftopk=no --enable-lacheck=no --enable-lcdf-typetools=no --enable-makeindexk=no --enable-makejvf=no --enable-mendexk=no --enable-musixflx=no --enable-ps2pkm=no --enable-seetexk=no --enable-tex4htk=no --enable-ttf2pk=no --enable-ttfdump=no --enable-xdv2pdf=no --disable-xdvik --enable-xdvipdfmx=no --enable-tetex=no --enable-texlive=no --with-system-zziplib=no --mandir=${prefix}/texmf/doc/man --infodir=${prefix}/texmf/doc/info --disable-build --cache-file=../../../config.cache --srcdir=/home/dmonad/git/_test2/src/binary/pdftex-1.40.11/src/texk/web2c/web2c

## --------- ##
## Platform. ##
## --------- ##

hostname = Jahns-Ubuntu
uname -m = x86_64
uname -r = 4.4.0-57-generic
uname -s = Linux
uname -v = #78-Ubuntu SMP Fri Dec 9 23:50:32 UTC 2016

/usr/bin/uname -p = unknown
/bin/uname -X     = unknown

/bin/arch              = unknown
/usr/bin/arch -k       = unknown
/usr/convex/getsysinfo = unknown
/usr/bin/hostinfo      = unknown
/bin/machine           = unknown
/usr/bin/oslevel       = unknown
/bin/universe          = unknown

PATH: /home/dmonad/utils/emsdk_portable
PATH: /home/dmonad/utils/emsdk_portable/clang/fastcomp/build_master_64/bin
PATH: /home/dmonad/utils/emsdk_portable/node/4.1.1_64bit/bin
PATH: /home/dmonad/utils/emsdk_portable/emscripten/master
PATH: /usr/local/sbin
PATH: /usr/local/bin
PATH: /usr/sbin
PATH: /usr/bin
PATH: /sbin
PATH: /bin
PATH: /usr/games
PATH: /usr/local/games
PATH: /snap/bin


## ----------- ##
## Core tests. ##
## ----------- ##

configure:2538: loading cache ../../../config.cache
configure:2662: checking for a BSD-compatible install
configure:2730: result: /usr/bin/install -c
configure:2741: checking whether build environment is sane
configure:2791: result: yes
configure:2932: checking for a thread-safe mkdir -p
configure:2971: result: /bin/mkdir -p
configure:2984: checking for gawk
configure:3011: result: gawk
configure:3022: checking whether make sets $(MAKE)
configure:3044: result: yes
configure:3091: checking build system type
configure:3105: result: x86_64-unknown-linux-gnu
configure:3125: checking host system type
configure:3138: result: x86_64-unknown-linux-gnu
configure:3170: checking for style of include used by make
configure:3198: result: GNU
configure:3268: checking for gcc
configure:3295: result: gcc
configure:3524: checking for C compiler version
configure:3533: gcc --version >&5
gcc (Ubuntu 5.4.0-6ubuntu1~16.04.4) 5.4.0 20160609
Copyright (C) 2015 Free Software Foundation, Inc.
This is free software; see the source for copying conditions.  There is NO
warranty; not even for MERCHANTABILITY or FITNESS FOR A PARTICULAR PURPOSE.

configure:3544: $? = 0
configure:3533: gcc -v >&5
Using built-in specs.
COLLECT_GCC=gcc
COLLECT_LTO_WRAPPER=/usr/lib/gcc/x86_64-linux-gnu/5/lto-wrapper
Target: x86_64-linux-gnu
Configured with: ../src/configure -v --with-pkgversion='Ubuntu 5.4.0-6ubuntu1~16.04.4' --with-bugurl=file:///usr/share/doc/gcc-5/README.Bugs --enable-languages=c,ada,c++,java,go,d,fortran,objc,obj-c++ --prefix=/usr --program-suffix=-5 --enable-shared --enable-linker-build-id --libexecdir=/usr/lib --without-included-gettext --enable-threads=posix --libdir=/usr/lib --enable-nls --with-sysroot=/ --enable-clocale=gnu --enable-libstdcxx-debug --enable-libstdcxx-time=yes --with-default-libstdcxx-abi=new --enable-gnu-unique-object --disable-vtable-verify --enable-libmpx --enable-plugin --with-system-zlib --disable-browser-plugin --enable-java-awt=gtk --enable-gtk-cairo --with-java-home=/usr/lib/jvm/java-1.5.0-gcj-5-amd64/jre --enable-java-home --with-jvm-root-dir=/usr/lib/jvm/java-1.5.0-gcj-5-amd64 --with-jvm-jar-dir=/usr/lib/jvm-exports/java-1.5.0-gcj-5-amd64 --with-arch-directory=amd64 --with-ecj-jar=/usr/share/java/eclipse-ecj.jar --enable-objc-gc --enable-multiarch --disable-werror --with-arch-32=i686 --with-abi=m64 --with-multilib-list=m32,m64,mx32 --enable-multilib --with-tune=generic --enable-checking=release --build=x86_64-linux-gnu --host=x86_64-linux-gnu --target=x86_64-linux-gnu
Thread model: posix
gcc version 5.4.0 20160609 (Ubuntu 5.4.0-6ubuntu1~16.04.4) 
configure:3544: $? = 0
configure:3533: gcc -V >&5
gcc: error: unrecognized command line option '-V'
gcc: fatal error: no input files
compilation terminated.
configure:3544: $? = 1
configure:3533: gcc -qversion >&5
gcc: error: unrecognized command line option '-qversion'
gcc: fatal error: no input files
compilation terminated.
configure:3544: $? = 1
configure:3564: checking whether the C compiler works
configure:3586: gcc    conftest.c  >&5
configure:3590: $? = 0
configure:3639: result: yes
configure:3642: checking for C compiler default output file name
configure:3644: result: a.out
configure:3650: checking for suffix of executables
configure:3657: gcc -o conftest    conftest.c  >&5
configure:3661: $? = 0
configure:3683: result: 
configure:3705: checking whether we are cross compiling
configure:3713: gcc -o conftest    conftest.c  >&5
configure:3717: $? = 0
configure:3724: ./conftest
configure:3728: $? = 0
configure:3743: result: no
configure:3748: checking for suffix of object files
configure:3795: result: o
configure:3799: checking whether we are using the GNU C compiler
configure:3827: result: yes
configure:3836: checking whether gcc accepts -g
configure:3897: result: yes
configure:3914: checking for gcc option to accept ISO C89
configure:3991: result: none needed
configure:4013: checking dependency style of gcc
configure:4123: result: gcc3
configure:4138: checking for a sed that does not truncate output
configure:4202: result: /bin/sed
configure:4220: checking for grep that handles long lines and -e
configure:4278: result: /bin/grep
configure:4283: checking for egrep
configure:4345: result: /bin/grep -E
configure:4350: checking for fgrep
configure:4412: result: /bin/grep -F
configure:4447: checking for ld used by gcc
configure:4514: result: /usr/bin/ld
configure:4521: checking if the linker (/usr/bin/ld) is GNU ld
configure:4536: result: yes
configure:4548: checking for BSD- or MS-compatible name lister (nm)
configure:4597: result: /usr/bin/nm -B
configure:4715: checking the name lister (/usr/bin/nm -B) interface
configure:4735: result: BSD nm
configure:4738: checking whether ln -s works
configure:4742: result: yes
configure:4750: checking the maximum length of command line arguments
configure:4870: result: 1572864
configure:4887: checking whether the shell understands some XSI constructs
configure:4897: result: yes
configure:4901: checking whether the shell understands "+="
configure:4907: result: yes
configure:4942: checking for /usr/bin/ld option to reload object files
configure:4949: result: -r
configure:5018: checking for objdump
configure:5045: result: objdump
configure:5074: checking how to recognize dependent libraries
configure:5270: result: pass_all
configure:5330: checking for ar
configure:5357: result: ar
configure:5435: checking for strip
configure:5462: result: strip
configure:5534: checking for ranlib
configure:5561: result: ranlib
configure:5651: checking command to parse /usr/bin/nm -B output from gcc object
configure:5874: result: ok
configure:5970: gcc -c -g -O2  conftest.c >&5
configure:5973: $? = 0
configure:6683: checking how to run the C preprocessor
configure:6753: result: gcc -E
configure:6773: gcc -E  conftest.c
configure:6773: $? = 0
configure:6787: gcc -E  conftest.c
conftest.c:9:28: fatal error: ac_nonexistent.h: No such file or directory
compilation terminated.
configure:6787: $? = 1
configure: failed program was:
| /* confdefs.h */
| #define PACKAGE_NAME "Web2C Tools"
| #define PACKAGE_TARNAME "web2c-tools"
| #define PACKAGE_VERSION "7.5.7"
| #define PACKAGE_STRING "Web2C Tools 7.5.7"
| #define PACKAGE_BUGREPORT "tex-k@tug.org"
| #define PACKAGE_URL ""
| /* end confdefs.h.  */
| #include <ac_nonexistent.h>
configure:6816: checking for ANSI C header files
configure:6920: result: yes
configure:6933: checking for sys/types.h
configure:6933: result: yes
configure:6933: checking for sys/stat.h
configure:6933: result: yes
configure:6933: checking for stdlib.h
configure:6933: result: yes
configure:6933: checking for string.h
configure:6933: result: yes
configure:6933: checking for memory.h
configure:6933: result: yes
configure:6933: checking for strings.h
configure:6933: result: yes
configure:6933: checking for inttypes.h
configure:6933: result: yes
configure:6933: checking for stdint.h
configure:6933: result: yes
configure:6933: checking for unistd.h
configure:6933: result: yes
configure:6948: checking for dlfcn.h
configure:6948: result: yes
configure:7038: checking whether to enable maintainer-specific portions of Makefiles
configure:7047: result: no
configure:7532: checking for objdir
configure:7547: result: .libs
configure:7843: checking if gcc supports -fno-rtti -fno-exceptions
configure:7878: result: no
configure:7898: checking for gcc option to produce PIC
configure:8170: result: -fPIC -DPIC
configure:8182: checking if gcc PIC flag -fPIC -DPIC works
configure:8217: result: yes
configure:8241: checking if gcc static flag -static works
configure:8269: result: yes
configure:8284: checking if gcc supports -c -o file.o
configure:8331: result: yes
configure:8339: checking if gcc supports -c -o file.o
configure:8386: result: yes
configure:8419: checking whether the gcc linker (/usr/bin/ld -m elf_x86_64) supports shared libraries
configure:9405: result: yes
configure:9644: checking dynamic linker characteristics
configure:10077: gcc -o conftest -g -O2   -Wl,-rpath -Wl,/foo conftest.c  >&5
configure:10077: $? = 0
configure:10295: result: GNU/Linux ld.so
configure:10397: checking how to hardcode library paths into programs
configure:10422: result: immediate
configure:10942: checking whether stripping libraries is possible
configure:10947: result: yes
configure:10982: checking if libtool supports shared libraries
configure:10984: result: yes
configure:10987: checking whether to build shared libraries
configure:11008: result: no
configure:11011: checking whether to build static libraries
configure:11015: result: yes
configure:11248: checking for _LARGEFILE_SOURCE value needed for large files
configure:11295: result: no
configure:11319: checking for dirent.h that defines DIR
configure:11346: result: yes
configure:11360: checking for library containing opendir
configure:11408: result: none required
configure:11475: checking for ANSI C header files
configure:11579: result: yes
configure:11587: checking whether closedir returns void
configure:11621: result: no
configure:11633: checking for assert.h
configure:11633: result: yes
configure:11633: checking for float.h
configure:11633: result: yes
configure:11633: checking for limits.h
configure:11633: result: yes
configure:11633: checking for memory.h
configure:11633: result: yes
configure:11633: checking for pwd.h
configure:11633: result: yes
configure:11633: checking for stdlib.h
configure:11633: result: yes
configure:11633: checking for string.h
configure:11633: result: yes
configure:11633: checking for strings.h
configure:11633: result: yes
configure:11633: checking for sys/param.h
configure:11633: result: yes
configure:11633: checking for unistd.h
configure:11633: result: yes
configure:11647: checking for putenv
configure:11647: result: yes
configure:11647: checking for strcasecmp
configure:11647: result: yes
configure:11647: checking for strtol
configure:11647: result: yes
configure:11647: checking for strstr
configure:11647: result: yes
configure:11660: checking for bcmp
configure:11660: result: yes
configure:11660: checking for bcopy
configure:11660: result: yes
configure:11660: checking for bzero
configure:11660: result: yes
configure:11660: checking for getcwd
configure:11660: result: yes
configure:11660: checking for getwd
configure:11660: result: yes
configure:11660: checking for index
configure:11660: result: yes
configure:11660: checking for memcmp
configure:11660: result: yes
configure:11660: checking for memcpy
configure:11660: result: yes
configure:11660: checking for mkstemp
configure:11660: result: yes
configure:11660: checking for mktemp
configure:11660: result: yes
configure:11660: checking for rindex
configure:11660: result: yes
configure:11660: checking for strchr
configure:11660: result: yes
configure:11660: checking for strrchr
configure:11660: result: yes
configure:11670: checking for an ANSI C-conforming const
configure:11742: result: yes
configure:11750: checking for inline
configure:11774: result: inline
configure:11792: checking for size_t
configure:11792: result: yes
configure:11803: checking for struct stat.st_mtim
configure:11803: result: yes
configure:11813: checking whether the compiler accepts prototypes
configure:11837: result: yes
configure:11842: checking whether program_invocation_name is predefined
configure:11867: result: yes
configure:11874: checking what warning flags to pass to the C compiler
configure:11916: result: -Wimplicit -Wreturn-type
configure:11931: checking for bison
configure:11961: result: no
configure:11931: checking for byacc
configure:11961: result: no
configure:11974: checking for flex
configure:12004: result: no
configure:11974: checking for lex
configure:12004: result: no
configure:12141: checking size of int
configure:12161: result: 4
configure:12173: checking for strerror
configure:12173: result: yes
configure:12184: checking for errno.h
configure:12184: result: yes
configure:12323: creating ./config.status

## ---------------------- ##
## Running config.status. ##
## ---------------------- ##

This file was extended by Web2C Tools config.status 7.5.7, which was
generated by GNU Autoconf 2.65.  Invocation command line was

  CONFIG_FILES    = 
  CONFIG_HEADERS  = 
  CONFIG_LINKS    = 
  CONFIG_COMMANDS = 
  $ ./config.status 

on Jahns-Ubuntu

config.status:1110: creating Makefile
config.status:1110: creating kpathsea/c-auto.h
config.status:1323: executing depfiles commands
config.status:1323: executing libtool commands

## ---------------- ##
## Cache variables. ##
## ---------------- ##

ac_cv_build=x86_64-unknown-linux-gnu
ac_cv_c_bigendian=no
ac_cv_c_compiler_gnu=yes
ac_cv_c_const=yes
ac_cv_c_inline=inline
ac_cv_cc_implements___FUNCTION__=yes
ac_cv_cc_implements___func__=yes
ac_cv_cxx_compiler_gnu=yes
ac_cv_env_CCC_set=
ac_cv_env_CCC_value=
ac_cv_env_CC_set=
ac_cv_env_CC_value=
ac_cv_env_CFLAGS_set=
ac_cv_env_CFLAGS_value=
ac_cv_env_CPPFLAGS_set=
ac_cv_env_CPPFLAGS_value=
ac_cv_env_CPP_set=
ac_cv_env_CPP_value=
ac_cv_env_CXXCPP_set=
ac_cv_env_CXXCPP_value=
ac_cv_env_CXXFLAGS_set=
ac_cv_env_CXXFLAGS_value=
ac_cv_env_CXX_set=
ac_cv_env_CXX_value=
ac_cv_env_LDFLAGS_set=
ac_cv_env_LDFLAGS_value=
ac_cv_env_LIBS_set=
ac_cv_env_LIBS_value=
ac_cv_env_OBJCXXFLAGS_set=
ac_cv_env_OBJCXXFLAGS_value=
ac_cv_env_OBJCXX_set=
ac_cv_env_OBJCXX_value=
ac_cv_env_XMKMF_set=
ac_cv_env_XMKMF_value=
ac_cv_env_YACC_set=
ac_cv_env_YACC_value=
ac_cv_env_YFLAGS_set=
ac_cv_env_YFLAGS_value=
ac_cv_env_build_alias_set=
ac_cv_env_build_alias_value=
ac_cv_env_host_alias_set=
ac_cv_env_host_alias_value=
ac_cv_env_target_alias_set=
ac_cv_env_target_alias_value=
ac_cv_func_access=yes
ac_cv_func_asprintf=yes
ac_cv_func_atoi=yes
ac_cv_func_bcmp=yes
ac_cv_func_bcopy=yes
ac_cv_func_bzero=yes
ac_cv_func_closedir_void=no
ac_cv_func_fmax=yes
ac_cv_func_ftime=yes
ac_cv_func_getcwd=yes
ac_cv_func_gettimeofday=yes
ac_cv_func_getwd=yes
ac_cv_func_index=yes
ac_cv_func_memcmp=yes
ac_cv_func_memcpy=yes
ac_cv_func_memset=yes
ac_cv_func_mkdtemp=yes
ac_cv_func_mkstemp=yes
ac_cv_func_mkstemps=yes
ac_cv_func_mktemp=yes
ac_cv_func_popen=yes
ac_cv_func_putenv=yes
ac_cv_func_rindex=yes
ac_cv_func_setlocale=yes
ac_cv_func_snprintf=yes
ac_cv_func_strcasecmp=yes
ac_cv_func_strchr=yes
ac_cv_func_strdup=yes
ac_cv_func_strerror=yes
ac_cv_func_strftime=yes
ac_cv_func_strlcat=no
ac_cv_func_strlcpy=no
ac_cv_func_strrchr=yes
ac_cv_func_strsep=yes
ac_cv_func_strstr=yes
ac_cv_func_strtod=yes
ac_cv_func_strtol=yes
ac_cv_func_strtoll=yes
ac_cv_func_strtonum=no
ac_cv_func_strtoul=yes
ac_cv_func_sysconf=yes
ac_cv_func_vasprintf=yes
ac_cv_func_vsnprintf=yes
ac_cv_have___va_copy=yes
ac_cv_have_decl_LLONG_MAX=yes
ac_cv_have_decl_getrusage=no
ac_cv_have_decl_putenv=yes
ac_cv_have_decl_strsep=yes
ac_cv_have_decl_strstr=yes
ac_cv_have_getopt_optreset=no
ac_cv_have_int64_t=yes
ac_cv_have_intxx_t=yes
ac_cv_have_size_t=yes
ac_cv_have_ssize_t=yes
ac_cv_have_u_char=yes
ac_cv_have_u_int64_t=yes
ac_cv_have_u_int=yes
ac_cv_have_u_intxx_t=yes
ac_cv_have_va_copy=yes
ac_cv_header_assert_h=yes
ac_cv_header_dirent_dirent_h=yes
ac_cv_header_dlfcn_h=yes
ac_cv_header_endian_h=yes
ac_cv_header_errno_h=yes
ac_cv_header_features_h=yes
ac_cv_header_float_h=yes
ac_cv_header_floatingpoint_h=no
ac_cv_header_inttypes_h=yes
ac_cv_header_iostream=yes
ac_cv_header_langinfo_h=yes
ac_cv_header_limits_h=yes
ac_cv_header_locale_h=yes
ac_cv_header_malloc_h=yes
ac_cv_header_memory_h=yes
ac_cv_header_pwd_h=yes
ac_cv_header_stdc=yes
ac_cv_header_stddef_h=yes
ac_cv_header_stdint_h=yes
ac_cv_header_stdlib_h=yes
ac_cv_header_string_h=yes
ac_cv_header_strings_h=yes
ac_cv_header_sys_param_h=yes
ac_cv_header_sys_select_h=yes
ac_cv_header_sys_stat_h=yes
ac_cv_header_sys_stropts_h=yes
ac_cv_header_sys_strtio_h=no
ac_cv_header_sys_sysmacros_h=yes
ac_cv_header_sys_time_h=yes
ac_cv_header_sys_timeb_h=yes
ac_cv_header_sys_types_h=yes
ac_cv_header_sys_wait_h=yes
ac_cv_header_time_h=yes
ac_cv_header_unistd_h=yes
ac_cv_header_util_h=no
ac_cv_host=x86_64-unknown-linux-gnu
ac_cv_libc_defines___progname=yes
ac_cv_member_struct_stat_st_mtim=yes
ac_cv_objcxx_compiler_gnu=no
ac_cv_objext=o
ac_cv_path_AR=/usr/bin/ar
ac_cv_path_CAT=/bin/cat
ac_cv_path_EGREP='/bin/grep -E'
ac_cv_path_FGREP='/bin/grep -F'
ac_cv_path_GREP=/bin/grep
ac_cv_path_SED=/bin/sed
ac_cv_path_SH=/bin/sh
ac_cv_path_TEST_MINUS_S_SH=/bin/bash
ac_cv_path_install='/usr/bin/install -c'
ac_cv_path_mkdir=/bin/mkdir
ac_cv_prog_AWK=gawk
ac_cv_prog_CPP='gcc -E'
ac_cv_prog_CXXCPP='g++ -E'
ac_cv_prog_KPSEWHICH=kpsewhich
ac_cv_prog_ac_ct_AR=ar
ac_cv_prog_ac_ct_CC=gcc
ac_cv_prog_ac_ct_CXX=g++
ac_cv_prog_ac_ct_OBJCXX=g++
ac_cv_prog_ac_ct_OBJDUMP=objdump
ac_cv_prog_ac_ct_PKG_CONFIG=pkg-config
ac_cv_prog_ac_ct_RANLIB=ranlib
ac_cv_prog_ac_ct_STRIP=strip
ac_cv_prog_cc_c89=
ac_cv_prog_cc_g=yes
ac_cv_prog_cxx_g=yes
ac_cv_prog_make_make_set=yes
ac_cv_prog_objcxx_g=no
ac_cv_search_connect='none required'
ac_cv_search_dlopen=-ldl
ac_cv_search_gethostbyname='none required'
ac_cv_search_inet_aton='none required'
ac_cv_search_nanosleep='none required'
ac_cv_search_opendir='none required'
ac_cv_search_pow=-lm
ac_cv_sizeof_char=1
ac_cv_sizeof_int=4
ac_cv_sizeof_long=8
ac_cv_sizeof_long_int=8
ac_cv_sizeof_long_long_int=8
ac_cv_sizeof_short_int=2
ac_cv_struct_tm=time.h
ac_cv_sys_largefile_source=no
ac_cv_type_long_double=yes
ac_cv_type_long_long=yes
ac_cv_type_long_long_int=yes
ac_cv_type_signal=void
ac_cv_type_size_t=yes
ac_cv_type_unsigned_long_long=yes
am_cv_CC_dependencies_compiler_type=gcc3
am_cv_CXX_dependencies_compiler_type=gcc3
kb_cv_c_prototypes=yes
kb_cv_func_getcwd_forks=no
kb_cv_var_program_inv_name=yes
kpse_cv_cxx_flags='-nodefaultlibs -Wl,-Bstatic -lstdc++ -Wl,-Bdynamic -lm -lgcc_eh -lgcc -lc -lgcc_eh -lgcc'
kpse_cv_cxx_hack=ok
kpse_cv_fontconfig_includes=
kpse_cv_fontconfig_libs=-lfontconfig
kpse_cv_have_Carbon=no
kpse_cv_have_fontconfig=no
kpse_cv_have_getPDFMajorVersion=no
kpse_cv_have_win32=no
kpse_cv_kpse_debug=no
kpse_cv_warning_cflags='-Wimplicit -Wreturn-type'
kpse_cv_warning_cxxflags='-Wimplicit -Wreturn-type'
kpse_cv_warning_objcxxflags=
lt_cv_deplibs_check_method=pass_all
lt_cv_file_magic_cmd='$MAGIC_CMD'
lt_cv_file_magic_test_file=
lt_cv_ld_reload_flag=-r
lt_cv_nm_interface='BSD nm'
lt_cv_objdir=.libs
lt_cv_path_LD=/usr/bin/ld
lt_cv_path_LDCXX='/usr/bin/ld -m elf_x86_64'
lt_cv_path_NM='/usr/bin/nm -B'
lt_cv_prog_compiler_c_o=yes
lt_cv_prog_compiler_c_o_CXX=yes
lt_cv_prog_compiler_pic_works=yes
lt_cv_prog_compiler_pic_works_CXX=yes
lt_cv_prog_compiler_rtti_exceptions=no
lt_cv_prog_compiler_static_works=yes
lt_cv_prog_compiler_static_works_CXX=yes
lt_cv_prog_gnu_ld=yes
lt_cv_prog_gnu_ldcxx=yes
lt_cv_sys_global_symbol_pipe='sed -n -e '\''s/^.*[	 ]\([ABCDGIRSTW][ABCDGIRSTW]*\)[	 ][	 ]*\([_A-Za-z][_A-Za-z0-9]*\)$/\1 \2 \2/p'\'''
lt_cv_sys_global_symbol_to_c_name_address='sed -n -e '\''s/^: \([^ ]*\) $/  {\"\1\", (void *) 0},/p'\'' -e '\''s/^[ABCDGIRSTW]* \([^ ]*\) \([^ ]*\)$/  {"\2", (void *) \&\2},/p'\'''
lt_cv_sys_global_symbol_to_c_name_address_lib_prefix='sed -n -e '\''s/^: \([^ ]*\) $/  {\"\1\", (void *) 0},/p'\'' -e '\''s/^[ABCDGIRSTW]* \([^ ]*\) \(lib[^ ]*\)$/  {"\2", (void *) \&\2},/p'\'' -e '\''s/^[ABCDGIRSTW]* \([^ ]*\) \([^ ]*\)$/  {"lib\2", (void *) \&\2},/p'\'''
lt_cv_sys_global_symbol_to_cdecl='sed -n -e '\''s/^T .* \(.*\)$/extern int \1();/p'\'' -e '\''s/^[ABCDGIRSTW]* .* \(.*\)$/extern char \1;/p'\'''
lt_cv_sys_max_cmd_len=1572864
pb_cv_asm_underscore=no

## ----------------- ##
## Output variables. ##
## ----------------- ##

ACLOCAL='${SHELL} /home/dmonad/git/_test2/src/binary/pdftex-1.40.11/src/build-aux/missing --run aclocal-1.11'
AMDEPBACKSLASH='\'
AMDEP_FALSE='#'
AMDEP_TRUE=''
AMTAR='${SHELL} /home/dmonad/git/_test2/src/binary/pdftex-1.40.11/src/build-aux/missing --run tar'
AR='ar'
AS='as'
AUTOCONF='${SHELL} /home/dmonad/git/_test2/src/binary/pdftex-1.40.11/src/build-aux/missing --run autoconf'
AUTOHEADER='${SHELL} /home/dmonad/git/_test2/src/binary/pdftex-1.40.11/src/build-aux/missing --run autoheader'
AUTOMAKE='${SHELL} /home/dmonad/git/_test2/src/binary/pdftex-1.40.11/src/build-aux/missing --run automake-1.11'
AWK='gawk'
CC='gcc'
CCDEPMODE='depmode=gcc3'
CFLAGS='-g -O2'
CPP='gcc -E'
CPPFLAGS=''
CYGPATH_W='echo'
DEFS='-DHAVE_CONFIG_H'
DEPDIR='.deps'
DLLTOOL='dlltool'
DSYMUTIL=''
DUMPBIN=''
ECHO_C=''
ECHO_N='-n'
ECHO_T=''
EGREP='/bin/grep -E'
EXEEXT=''
FGREP='/bin/grep -F'
GREP='/bin/grep'
INSTALL_DATA='${INSTALL} -m 644'
INSTALL_PROGRAM='${INSTALL}'
INSTALL_SCRIPT='${INSTALL}'
INSTALL_STRIP_PROGRAM='$(install_sh) -c -s'
LD='/usr/bin/ld -m elf_x86_64'
LDFLAGS=''
LEX=':'
LEXLIB=''
LEX_OUTPUT_ROOT=''
LIBOBJS=''
LIBS=''
LIBTOOL='$(SHELL) $(top_builddir)/libtool'
LIPO=''
LN_S='ln -s'
LTLIBOBJS=''
MAINT='#'
MAINTAINER_MODE_FALSE=''
MAINTAINER_MODE_TRUE='#'
MAKEINFO='${SHELL} /home/dmonad/git/_test2/src/binary/pdftex-1.40.11/src/build-aux/missing --run makeinfo'
MKDIR_P='/bin/mkdir -p'
NM='/usr/bin/nm -B'
NMEDIT=''
OBJDUMP='objdump'
OBJEXT='o'
OTOOL64=''
OTOOL=''
PACKAGE='web2c-tools'
PACKAGE_BUGREPORT='tex-k@tug.org'
PACKAGE_NAME='Web2C Tools'
PACKAGE_STRING='Web2C Tools 7.5.7'
PACKAGE_TARNAME='web2c-tools'
PACKAGE_URL=''
PACKAGE_VERSION='7.5.7'
PATH_SEPARATOR=':'
RANLIB='ranlib'
SED='/bin/sed'
SET_MAKE=''
SHELL='/bin/bash'
STRIP='strip'
VERSION='7.5.7'
WARNING_CFLAGS='-Wimplicit -Wreturn-type'
YACC='yacc'
YFLAGS=''
ac_ct_CC='gcc'
ac_ct_DUMPBIN=''
am__EXEEXT_FALSE=''
am__EXEEXT_TRUE='#'
am__fastdepCC_FALSE='#'
am__fastdepCC_TRUE=''
am__include='include'
am__isrc=' -I$(srcdir)'
am__leading_dot='.'
am__quote=''
am__tar='${AMTAR} chof - "$$tardir"'
am__untar='${AMTAR} xf -'
bindir='${exec_prefix}/bin/x86_64-unknown-linux-gnu'
build='x86_64-unknown-linux-gnu'
build_alias=''
build_cpu='x86_64'
build_os='linux-gnu'
build_vendor='unknown'
datadir='${datarootdir}'
datarootdir='${prefix}/share'
docdir='${datarootdir}/doc/${PACKAGE_TARNAME}'
dvidir='${docdir}'
exec_prefix='${prefix}'
host='x86_64-unknown-linux-gnu'
host_alias=''
host_cpu='x86_64'
host_os='linux-gnu'
host_vendor='unknown'
htmldir='${docdir}'
includedir='${prefix}/include'
infodir='${prefix}/texmf/doc/info'
install_sh='${SHELL} /home/dmonad/git/_test2/src/binary/pdftex-1.40.11/src/build-aux/install-sh'
libdir='${exec_prefix}/lib/x86_64-unknown-linux-gnu'
libexecdir='${exec_prefix}/libexec'
localedir='${datarootdir}/locale'
localstatedir='${prefix}/var'
lt_ECHO='echo'
mandir='${prefix}/texmf/doc/man'
mkdir_p='/bin/mkdir -p'
oldincludedir='/usr/include'
pdfdir='${docdir}'
prefix='/usr/local'
program_transform_name='s,x,x,'
psdir='${docdir}'
sbindir='${exec_prefix}/sbin'
sharedstatedir='${prefix}/com'
sysconfdir='${prefix}/etc'
target_alias=''

## ----------- ##
## confdefs.h. ##
## ----------- ##

/* confdefs.h */
#define PACKAGE_NAME "Web2C Tools"
#define PACKAGE_TARNAME "web2c-tools"
#define PACKAGE_VERSION "7.5.7"
#define PACKAGE_STRING "Web2C Tools 7.5.7"
#define PACKAGE_BUGREPORT "tex-k@tug.org"
#define PACKAGE_URL ""
#define STDC_HEADERS 1
#define HAVE_SYS_TYPES_H 1
#define HAVE_SYS_STAT_H 1
#define HAVE_STDLIB_H 1
#define HAVE_STRING_H 1
#define HAVE_MEMORY_H 1
#define HAVE_STRINGS_H 1
#define HAVE_INTTYPES_H 1
#define HAVE_STDINT_H 1
#define HAVE_UNISTD_H 1
#define HAVE_DLFCN_H 1
#define PACKAGE "web2c-tools"
#define VERSION "7.5.7"
#define LT_OBJDIR ".libs/"
#define HAVE_FSEEKO 1
#define HAVE_DIRENT_H 1
#define STDC_HEADERS 1
#define HAVE_ASSERT_H 1
#define HAVE_FLOAT_H 1
#define HAVE_LIMITS_H 1
#define HAVE_MEMORY_H 1
#define HAVE_PWD_H 1
#define HAVE_STDLIB_H 1
#define HAVE_STRING_H 1
#define HAVE_STRINGS_H 1
#define HAVE_SYS_PARAM_H 1
#define HAVE_UNISTD_H 1
#define HAVE_PUTENV 1
#define HAVE_STRCASECMP 1
#define HAVE_STRTOL 1
#define HAVE_STRSTR 1
#define HAVE_BCMP 1
#define HAVE_BCOPY 1
#define HAVE_BZERO 1
#define HAVE_GETCWD 1
#define HAVE_GETWD 1
#define HAVE_INDEX 1
#define HAVE_MEMCMP 1
#define HAVE_MEMCPY 1
#define HAVE_MKSTEMP 1
#define HAVE_MKTEMP 1
#define HAVE_RINDEX 1
#define HAVE_STRCHR 1
#define HAVE_STRRCHR 1
#define HAVE_STRUCT_STAT_ST_MTIM 1
#define HAVE_PROGRAM_INVOCATION_NAME 1
#define SIZEOF_INT 4
#define HAVE_STRERROR 1
#define HAVE_ERRNO_H 1

configure: exit 0
