This file contains any messages produced by compilers while
running configure, to aid debugging if configure makes a mistake.

It was created by Kpathsea configure 6.0.0, which was
generated by GNU Autoconf 2.65.  Invocation command line was

  $ /home/dmonad/git/_test2/src/pdftex-1.40.11/src/texk/kpathsea/configure --disable-option-checking --prefix=/usr/local --enable-native-texlive-build --enable-cxx-runtime-hack --disable-shared --disable-largefile --without-x --disable-ptex --without-system-freetype --without-system-freetype2 --without-system-gd --without-system-graphite --without-system-icu --without-system-kpathsea --without-system-libpng --without-system-ptexenc --without-system-t1lib --without-system-teckit --without-system-xpdf --without-system-zlib --disable-all-pkgs --enable-pdftex --enable-static CC=emcc CFLAGS=-DELIDE_CODE CXX=/home/dmonad/utils/emsdk_portable/emscripten/master/em++ --enable-multiplatform=yes --enable-libtool-hack=yes --enable-texlive-build --bindir=${exec_prefix}/bin/x86_64-unknown-linux-gnu --libdir=${exec_prefix}/lib/x86_64-unknown-linux-gnu --enable-chktex=no --enable-dialog=no --enable-ps2eps=no --enable-psutils=no --enable-t1utils=no --enable-tpic2pdftex=no --enable-vlna=no --enable-xindy=no --with-clisp-runtime=default --disable-xpdfopen --enable-web2c=no --enable-afm2pl=no --enable-bibtex8=no --enable-bibtexu=no --enable-cjkutils=no --enable-detex=no --enable-devnag=no --enable-dtl=no --enable-dvi2tty=no --enable-dvidvi=no --enable-dviljk=no --enable-dvipdfmx=no --enable-dvipng=no --enable-dvipos=no --enable-dvipsk=no --enable-dvisvgm=no --enable-gsftopk=no --enable-lacheck=no --enable-lcdf-typetools=no --enable-makeindexk=no --enable-makejvf=no --enable-mendexk=no --enable-musixflx=no --enable-ps2pkm=no --enable-seetexk=no --enable-tex4htk=no --enable-ttf2pk=no --enable-ttfdump=no --enable-xdv2pdf=no --disable-xdvik --enable-xdvipdfmx=no --enable-tetex=no --enable-texlive=no --with-system-zziplib=no --mandir=${prefix}/texmf/doc/man --infodir=${prefix}/texmf/doc/info --cache-file=../../config.cache --srcdir=/home/dmonad/git/_test2/src/pdftex-1.40.11/src/texk/kpathsea --disable-build

## --------- ##
## Platform. ##
## --------- ##

hostname = Jahns-Ubuntu
uname -m = x86_64
uname -r = 4.4.0-59-generic
uname -s = Linux
uname -v = #80-Ubuntu SMP Fri Jan 6 17:47:47 UTC 2017

/usr/bin/uname -p = unknown
/bin/uname -X     = unknown

/bin/arch              = unknown
/usr/bin/arch -k       = unknown
/usr/convex/getsysinfo = unknown
/usr/bin/hostinfo      = unknown
/bin/machine           = unknown
/usr/bin/oslevel       = unknown
/bin/universe          = unknown

PATH: /home/dmonad/utils/emsdk_portable/emscripten/master/system/bin
PATH: /home/dmonad/utils/emsdk_portable/node/4.1.1_64bit/lib/node_modules/npm/bin/node-gyp-bin
PATH: /home/dmonad/git/_test2/node_modules/.bin
PATH: /home/dmonad/utils/emsdk_portable/node/4.1.1_64bit/lib/node_modules/npm/bin/node-gyp-bin
PATH: /home/dmonad/git/_test2/node_modules/.bin
PATH: /home/dmonad/utils/emsdk_portable/node/4.1.1_64bit/lib/node_modules/npm/bin/node-gyp-bin
PATH: /home/dmonad/git/_test2/node_modules/.bin
PATH: /home/dmonad/utils/emsdk_portable
PATH: /home/dmonad/utils/emsdk_portable/clang/fastcomp/build_master_64/bin
PATH: /home/dmonad/utils/emsdk_portable/node/4.1.1_64bit/bin
PATH: /home/dmonad/utils/emsdk_portable/emscripten/master
PATH: /usr/local/sbin
PATH: /usr/local/bin
PATH: /usr/sbin
PATH: /usr/bin
PATH: /sbin
PATH: /bin
PATH: /usr/games
PATH: /usr/local/games
PATH: /snap/bin


## ----------- ##
## Core tests. ##
## ----------- ##

configure:2410: loading cache ../../config.cache
configure:2541: checking for a BSD-compatible install
configure:2609: result: /usr/bin/install -c
configure:2620: checking whether build environment is sane
configure:2670: result: yes
configure:2811: checking for a thread-safe mkdir -p
configure:2850: result: /bin/mkdir -p
configure:2863: checking for gawk
configure:2890: result: gawk
configure:2901: checking whether make sets $(MAKE)
configure:2923: result: yes
configure:2970: checking build system type
configure:2984: result: x86_64-unknown-linux-gnu
configure:3004: checking host system type
configure:3017: result: x86_64-unknown-linux-gnu
configure:3049: checking for style of include used by make
configure:3077: result: GNU
configure:3147: checking for gcc
configure:3174: result: emcc
configure:3403: checking for C compiler version
configure:3412: emcc --version >&5
emcc (Emscripten gcc/clang-like replacement) 1.37.0 (commit 6dc4ac5f9e4d8484e273e4dcc554f809738cedd6)
Copyright (C) 2014 the Emscripten authors (see AUTHORS.txt)
This is free and open source software under the MIT license.
There is NO warranty; not even for MERCHANTABILITY or FITNESS FOR A PARTICULAR PURPOSE.
  
configure:3423: $? = 0
configure:3412: emcc -v >&5
emcc (Emscripten gcc/clang-like replacement + linker emulating GNU ld) 1.37.0
clang version 3.9.0 (https://github.com/kripken/emscripten-fastcomp-clang/ 60a7e9a9c22b67309e5b1258d38fadfa481a25d3) (https://github.com/kripken/emscripten-fastcomp/ 881bd352731d21c7117ad7e2ece347aacae83965) (emscripten 1.37.0 : 1.37.0)
Target: x86_64-unknown-linux-gnu
Thread model: posix
InstalledDir: /home/dmonad/utils/emsdk_portable/clang/fastcomp/build_master_64/bin
Found candidate GCC installation: /usr/lib/gcc/i686-linux-gnu/5
Found candidate GCC installation: /usr/lib/gcc/i686-linux-gnu/5.4.0
Found candidate GCC installation: /usr/lib/gcc/i686-linux-gnu/6
Found candidate GCC installation: /usr/lib/gcc/i686-linux-gnu/6.0.0
Found candidate GCC installation: /usr/lib/gcc/x86_64-linux-gnu/5
Found candidate GCC installation: /usr/lib/gcc/x86_64-linux-gnu/5.4.0
... rest of stderr output deleted ...
configure:3423: $? = 0
configure:3412: emcc -V >&5
clang-3.9: error: unsupported option '-V -nostdinc'
clang-3.9: error: no input files
configure:3423: $? = 1
configure:3412: emcc -qversion >&5
clang-3.9: error: unknown argument: '-qversion'
clang-3.9: error: no input files
configure:3423: $? = 1
configure:3443: checking whether the C compiler works
configure:3465: emcc -DELIDE_CODE   conftest.c  >&5
configure:3469: $? = 0
configure:3518: result: yes
configure:3521: checking for C compiler default output file name
configure:3523: result: a.out
configure:3529: checking for suffix of executables
configure:3536: emcc -o conftest -DELIDE_CODE   conftest.c  >&5
configure:3540: $? = 0
configure:3562: result: 
configure:3584: checking whether we are cross compiling
configure:3592: emcc -o conftest -DELIDE_CODE   conftest.c  >&5
configure:3596: $? = 0
configure:3603: ./conftest
configure:3607: $? = 0
configure:3622: result: no
configure:3627: checking for suffix of object files
configure:3674: result: o
configure:3678: checking whether we are using the GNU C compiler
configure:3706: result: yes
configure:3715: checking whether emcc accepts -g
configure:3776: result: yes
configure:3793: checking for emcc option to accept ISO C89
configure:3870: result: none needed
configure:3892: checking dependency style of emcc
configure:4002: result: gcc3
configure:4017: checking for a sed that does not truncate output
configure:4081: result: /bin/sed
configure:4099: checking for grep that handles long lines and -e
configure:4157: result: /bin/grep
configure:4162: checking for egrep
configure:4224: result: /bin/grep -E
configure:4229: checking for fgrep
configure:4291: result: /bin/grep -F
configure:4326: checking for ld used by emcc
configure:4393: result: /home/dmonad/utils/emsdk_portable/emscripten/master/emcc
configure:4400: checking if the linker (/home/dmonad/utils/emsdk_portable/emscripten/master/emcc) is GNU ld
configure:4415: result: yes
configure:4427: checking for BSD- or MS-compatible name lister (nm)
configure:4476: result: /home/dmonad/utils/emsdk_portable/clang/fastcomp/build_master_64/bin/llvm-nm
configure:4594: checking the name lister (/home/dmonad/utils/emsdk_portable/clang/fastcomp/build_master_64/bin/llvm-nm) interface
configure:4614: result: BSD nm
configure:4617: checking whether ln -s works
configure:4621: result: yes
configure:4629: checking the maximum length of command line arguments
configure:4749: result: 1572864
configure:4766: checking whether the shell understands some XSI constructs
configure:4776: result: yes
configure:4780: checking whether the shell understands "+="
configure:4786: result: yes
configure:4821: checking for /home/dmonad/utils/emsdk_portable/emscripten/master/emcc option to reload object files
configure:4828: result: -r
configure:4897: checking for objdump
configure:4924: result: objdump
configure:4953: checking how to recognize dependent libraries
configure:5149: result: pass_all
configure:5209: checking for ar
configure:5236: result: /home/dmonad/utils/emsdk_portable/emscripten/master/emar
configure:5314: checking for strip
configure:5341: result: strip
configure:5413: checking for ranlib
configure:5440: result: /home/dmonad/utils/emsdk_portable/emscripten/master/emranlib
configure:5530: checking command to parse /home/dmonad/utils/emsdk_portable/clang/fastcomp/build_master_64/bin/llvm-nm output from emcc object
configure:5753: result: ok
configure:5849: emcc -c -DELIDE_CODE  conftest.c >&5
configure:5852: $? = 0
configure:6562: checking how to run the C preprocessor
configure:6632: result: emcc -E
configure:6652: emcc -E  conftest.c
configure:6652: $? = 0
configure:6666: emcc -E  conftest.c
conftest.c:10:10: fatal error: 'ac_nonexistent.h' file not found
#include <ac_nonexistent.h>
         ^
1 error generated.
configure:6666: $? = 1
configure: failed program was:
| /* confdefs.h */
| #define PACKAGE_NAME "Kpathsea"
| #define PACKAGE_TARNAME "kpathsea"
| #define PACKAGE_VERSION "6.0.0"
| #define PACKAGE_STRING "Kpathsea 6.0.0"
| #define PACKAGE_BUGREPORT "tex-k@tug.org"
| #define PACKAGE_URL ""
| #define KPSEVERSION "kpathsea version 6.0.0"
| /* end confdefs.h.  */
| #include <ac_nonexistent.h>
configure:6695: checking for ANSI C header files
configure:6799: result: yes
configure:6812: checking for sys/types.h
configure:6812: result: yes
configure:6812: checking for sys/stat.h
configure:6812: result: yes
configure:6812: checking for stdlib.h
configure:6812: result: yes
configure:6812: checking for string.h
configure:6812: result: yes
configure:6812: checking for memory.h
configure:6812: result: yes
configure:6812: checking for strings.h
configure:6812: result: yes
configure:6812: checking for inttypes.h
configure:6812: result: yes
configure:6812: checking for stdint.h
configure:6812: result: yes
configure:6812: checking for unistd.h
configure:6812: result: yes
configure:6827: checking for dlfcn.h
configure:6827: result: yes
configure:6917: checking whether to enable maintainer-specific portions of Makefiles
configure:6926: result: no
configure:7411: checking for objdir
configure:7426: result: .libs
configure:7722: checking if emcc supports -fno-rtti -fno-exceptions
configure:7757: result: yes
configure:7777: checking for emcc option to produce PIC
configure:8049: result: -fPIC -DPIC
configure:8061: checking if emcc PIC flag -fPIC -DPIC works
configure:8096: result: yes
configure:8120: checking if emcc static flag -static works
configure:8148: result: yes
configure:8163: checking if emcc supports -c -o file.o
configure:8210: result: yes
configure:8218: checking if emcc supports -c -o file.o
configure:8265: result: yes
configure:8298: checking whether the emcc linker (/home/dmonad/utils/emsdk_portable/emscripten/master/emcc -m elf_x86_64) supports shared libraries
configure:9284: result: yes
configure:9523: checking dynamic linker characteristics
configure:9956: emcc -o conftest -DELIDE_CODE   -Wl,-rpath -Wl,/foo conftest.c  >&5
configure:9956: $? = 0
configure:10174: result: GNU/Linux ld.so
configure:10276: checking how to hardcode library paths into programs
configure:10301: result: immediate
configure:10821: checking whether stripping libraries is possible
configure:10826: result: yes
configure:10861: checking if libtool supports shared libraries
configure:10863: result: yes
configure:10866: checking whether to build shared libraries
configure:10887: result: no
configure:10890: checking whether to build static libraries
configure:10894: result: yes
configure:11127: checking for _LARGEFILE_SOURCE value needed for large files
configure:11174: result: no
configure:11198: checking for dirent.h that defines DIR
configure:11225: result: yes
configure:11239: checking for library containing opendir
configure:11287: result: none required
configure:11354: checking for ANSI C header files
configure:11458: result: yes
configure:11466: checking whether closedir returns void
configure:11500: result: no
configure:11512: checking for assert.h
configure:11512: result: yes
configure:11512: checking for float.h
configure:11512: result: yes
configure:11512: checking for limits.h
configure:11512: result: yes
configure:11512: checking for memory.h
configure:11512: result: yes
configure:11512: checking for pwd.h
configure:11512: result: yes
configure:11512: checking for stdlib.h
configure:11512: result: yes
configure:11512: checking for string.h
configure:11512: result: yes
configure:11512: checking for strings.h
configure:11512: result: yes
configure:11512: checking for sys/param.h
configure:11512: result: yes
configure:11512: checking for unistd.h
configure:11512: result: yes
configure:11526: checking for putenv
configure:11526: result: yes
configure:11526: checking for strcasecmp
configure:11526: result: yes
configure:11526: checking for strtol
configure:11526: result: yes
configure:11526: checking for strstr
configure:11526: result: yes
configure:11539: checking for bcmp
configure:11539: result: yes
configure:11539: checking for bcopy
configure:11539: result: yes
configure:11539: checking for bzero
configure:11539: result: yes
configure:11539: checking for getcwd
configure:11539: result: yes
configure:11539: checking for getwd
configure:11539: result: yes
configure:11539: checking for index
configure:11539: result: yes
configure:11539: checking for memcmp
configure:11539: result: yes
configure:11539: checking for memcpy
configure:11539: result: yes
configure:11539: checking for mkstemp
configure:11539: result: yes
configure:11539: checking for mktemp
configure:11539: result: yes
configure:11539: checking for rindex
configure:11539: result: yes
configure:11539: checking for strchr
configure:11539: result: yes
configure:11539: checking for strrchr
configure:11539: result: yes
configure:11549: checking for an ANSI C-conforming const
configure:11621: result: yes
configure:11629: checking for inline
configure:11653: result: inline
configure:11671: checking for size_t
configure:11671: result: yes
configure:11682: checking for struct stat.st_mtim
configure:11682: result: yes
configure:11692: checking whether the compiler accepts prototypes
configure:11716: result: yes
configure:11721: checking whether program_invocation_name is predefined
configure:11746: result: yes
configure:11753: checking what warning flags to pass to the C compiler
configure:11795: result: -Wimplicit -Wreturn-type -Wdeclaration-after-statement -Wno-unknown-pragmas
configure:11938: checking whether putenv is declared
configure:11938: emcc -c -DELIDE_CODE  conftest.c >&5
configure:11938: $? = 0
configure:11938: result: yes
configure:11948: checking whether strstr is declared
configure:11948: emcc -c -DELIDE_CODE  conftest.c >&5
configure:11948: $? = 0
configure:11948: result: yes
configure:11962: checking for putenv
configure:11962: result: yes
configure:11962: checking for strcasecmp
configure:11962: result: yes
configure:11962: checking for strtol
configure:11962: result: yes
configure:11962: checking for strstr
configure:11962: result: yes
configure:11983: checking whether getcwd uses fork or vfork
configure:12005: emcc -o conftest -DELIDE_CODE   conftest.c  >&5
conftest.c:69:14: warning: implicitly declaring library function 'exit' with type 'void (int) __attribute__((noreturn))' [-Wimplicit-function-declaration]
int fork() { exit(1); }
             ^
conftest.c:69:14: note: include the header <stdlib.h> or explicitly provide a declaration for 'exit'
1 warning generated.
configure:12005: $? = 0
configure:12005: ./conftest
configure:12005: $? = 0
configure:12015: result: no
configure:12024: checking for native WIN32 or MINGW32
configure:12067: result: no
configure:12164: updating cache ../../config.cache
configure:12229: creating ./config.status

## ---------------------- ##
## Running config.status. ##
## ---------------------- ##

This file was extended by Kpathsea config.status 6.0.0, which was
generated by GNU Autoconf 2.65.  Invocation command line was

  CONFIG_FILES    = 
  CONFIG_HEADERS  = 
  CONFIG_LINKS    = 
  CONFIG_COMMANDS = 
  $ ./config.status 

on Jahns-Ubuntu

config.status:1122: creating Makefile
config.status:1122: creating doc/Makefile
config.status:1122: creating man/Makefile
config.status:1122: creating c-auto.h
config.status:1335: executing depfiles commands
config.status:1335: executing libtool commands

## ---------------- ##
## Cache variables. ##
## ---------------- ##

ac_cv_build=x86_64-unknown-linux-gnu
ac_cv_c_compiler_gnu=yes
ac_cv_c_const=yes
ac_cv_c_inline=inline
ac_cv_cxx_compiler_gnu=yes
ac_cv_env_CCC_set=
ac_cv_env_CCC_value=
ac_cv_env_CC_set=set
ac_cv_env_CC_value=emcc
ac_cv_env_CFLAGS_set=set
ac_cv_env_CFLAGS_value=-DELIDE_CODE
ac_cv_env_CPPFLAGS_set=
ac_cv_env_CPPFLAGS_value=
ac_cv_env_CPP_set=
ac_cv_env_CPP_value=
ac_cv_env_CXXCPP_set=
ac_cv_env_CXXCPP_value=
ac_cv_env_CXXFLAGS_set=
ac_cv_env_CXXFLAGS_value=
ac_cv_env_CXX_set=set
ac_cv_env_CXX_value=/home/dmonad/utils/emsdk_portable/emscripten/master/em++
ac_cv_env_LDFLAGS_set=
ac_cv_env_LDFLAGS_value=
ac_cv_env_LIBS_set=
ac_cv_env_LIBS_value=
ac_cv_env_XMKMF_set=
ac_cv_env_XMKMF_value=
ac_cv_env_build_alias_set=
ac_cv_env_build_alias_value=
ac_cv_env_host_alias_set=
ac_cv_env_host_alias_value=
ac_cv_env_target_alias_set=
ac_cv_env_target_alias_value=
ac_cv_func_bcmp=yes
ac_cv_func_bcopy=yes
ac_cv_func_bzero=yes
ac_cv_func_closedir_void=no
ac_cv_func_getcwd=yes
ac_cv_func_getwd=yes
ac_cv_func_index=yes
ac_cv_func_memcmp=yes
ac_cv_func_memcpy=yes
ac_cv_func_mkstemp=yes
ac_cv_func_mktemp=yes
ac_cv_func_putenv=yes
ac_cv_func_rindex=yes
ac_cv_func_strcasecmp=yes
ac_cv_func_strchr=yes
ac_cv_func_strrchr=yes
ac_cv_func_strstr=yes
ac_cv_func_strtol=yes
ac_cv_have_decl_putenv=yes
ac_cv_have_decl_strstr=yes
ac_cv_header_assert_h=yes
ac_cv_header_dirent_dirent_h=yes
ac_cv_header_dlfcn_h=yes
ac_cv_header_float_h=yes
ac_cv_header_inttypes_h=yes
ac_cv_header_limits_h=yes
ac_cv_header_memory_h=yes
ac_cv_header_pwd_h=yes
ac_cv_header_stdc=yes
ac_cv_header_stdint_h=yes
ac_cv_header_stdlib_h=yes
ac_cv_header_string_h=yes
ac_cv_header_strings_h=yes
ac_cv_header_sys_param_h=yes
ac_cv_header_sys_stat_h=yes
ac_cv_header_sys_types_h=yes
ac_cv_header_unistd_h=yes
ac_cv_host=x86_64-unknown-linux-gnu
ac_cv_member_struct_stat_st_mtim=yes
ac_cv_objext=o
ac_cv_path_EGREP='/bin/grep -E'
ac_cv_path_FGREP='/bin/grep -F'
ac_cv_path_GREP=/bin/grep
ac_cv_path_SED=/bin/sed
ac_cv_path_install='/usr/bin/install -c'
ac_cv_path_mkdir=/bin/mkdir
ac_cv_prog_AWK=gawk
ac_cv_prog_CPP='emcc -E'
ac_cv_prog_CXXCPP='/home/dmonad/utils/emsdk_portable/emscripten/master/em++ -E'
ac_cv_prog_ac_ct_AR=/home/dmonad/utils/emsdk_portable/emscripten/master/emar
ac_cv_prog_ac_ct_CC=emcc
ac_cv_prog_ac_ct_OBJDUMP=objdump
ac_cv_prog_ac_ct_PKG_CONFIG=pkg-config
ac_cv_prog_ac_ct_RANLIB=/home/dmonad/utils/emsdk_portable/emscripten/master/emranlib
ac_cv_prog_ac_ct_STRIP=strip
ac_cv_prog_cc_c89=
ac_cv_prog_cc_g=yes
ac_cv_prog_cxx_g=yes
ac_cv_prog_make_make_set=yes
ac_cv_search_opendir='none required'
ac_cv_sys_largefile_source=no
ac_cv_type_size_t=yes
am_cv_CC_dependencies_compiler_type=gcc3
am_cv_CXX_dependencies_compiler_type=gcc3
kb_cv_c_prototypes=yes
kb_cv_func_getcwd_forks=no
kb_cv_var_program_inv_name=yes
kpse_cv_have_win32=no
kpse_cv_warning_cflags='-Wimplicit -Wreturn-type -Wdeclaration-after-statement -Wno-unknown-pragmas'
kpse_cv_warning_cxxflags='-Wimplicit -Wreturn-type -Wno-unknown-pragmas'
lt_cv_deplibs_check_method=pass_all
lt_cv_file_magic_cmd='$MAGIC_CMD'
lt_cv_file_magic_test_file=
lt_cv_ld_reload_flag=-r
lt_cv_nm_interface='BSD nm'
lt_cv_objdir=.libs
lt_cv_path_LD=/home/dmonad/utils/emsdk_portable/emscripten/master/emcc
lt_cv_path_LDCXX='/home/dmonad/utils/emsdk_portable/emscripten/master/emcc -m elf_x86_64'
lt_cv_path_NM=/home/dmonad/utils/emsdk_portable/clang/fastcomp/build_master_64/bin/llvm-nm
lt_cv_prog_compiler_c_o=yes
lt_cv_prog_compiler_c_o_CXX=yes
lt_cv_prog_compiler_pic_works=yes
lt_cv_prog_compiler_pic_works_CXX=yes
lt_cv_prog_compiler_rtti_exceptions=yes
lt_cv_prog_compiler_static_works=yes
lt_cv_prog_compiler_static_works_CXX=yes
lt_cv_prog_gnu_ld=yes
lt_cv_prog_gnu_ldcxx=no
lt_cv_sys_global_symbol_pipe='sed -n -e '\''s/^.*[	 ]\([BCDEGRST][BCDEGRST]*\)[	 ][	 ]*\([_A-Za-z][_A-Za-z0-9]*\)$/\1 \2 \2/p'\'''
lt_cv_sys_global_symbol_to_c_name_address='sed -n -e '\''s/^: \([^ ]*\) $/  {\"\1\", (void *) 0},/p'\'' -e '\''s/^[BCDEGRST]* \([^ ]*\) \([^ ]*\)$/  {"\2", (void *) \&\2},/p'\'''
lt_cv_sys_global_symbol_to_c_name_address_lib_prefix='sed -n -e '\''s/^: \([^ ]*\) $/  {\"\1\", (void *) 0},/p'\'' -e '\''s/^[BCDEGRST]* \([^ ]*\) \(lib[^ ]*\)$/  {"\2", (void *) \&\2},/p'\'' -e '\''s/^[BCDEGRST]* \([^ ]*\) \([^ ]*\)$/  {"lib\2", (void *) \&\2},/p'\'''
lt_cv_sys_global_symbol_to_cdecl='sed -n -e '\''s/^T .* \(.*\)$/extern int \1();/p'\'' -e '\''s/^[BCDEGRST]* .* \(.*\)$/extern char \1;/p'\'''
lt_cv_sys_max_cmd_len=1572864

## ----------------- ##
## Output variables. ##
## ----------------- ##

ACLOCAL='${SHELL} /home/dmonad/git/_test2/src/pdftex-1.40.11/src/build-aux/missing --run aclocal-1.11'
AMDEPBACKSLASH='\'
AMDEP_FALSE='#'
AMDEP_TRUE=''
AMTAR='${SHELL} /home/dmonad/git/_test2/src/pdftex-1.40.11/src/build-aux/missing --run tar'
AR='/home/dmonad/utils/emsdk_portable/emscripten/master/emar'
AS='as'
AUTOCONF='${SHELL} /home/dmonad/git/_test2/src/pdftex-1.40.11/src/build-aux/missing --run autoconf'
AUTOHEADER='${SHELL} /home/dmonad/git/_test2/src/pdftex-1.40.11/src/build-aux/missing --run autoheader'
AUTOMAKE='${SHELL} /home/dmonad/git/_test2/src/pdftex-1.40.11/src/build-aux/missing --run automake-1.11'
AWK='gawk'
CC='emcc'
CCDEPMODE='depmode=gcc3'
CFLAGS='-DELIDE_CODE'
CPP='emcc -E'
CPPFLAGS=''
CYGPATH_W='echo'
DEFS='-DHAVE_CONFIG_H'
DEPDIR='.deps'
DLLTOOL='dlltool'
DSYMUTIL=''
DUMPBIN=''
ECHO_C=''
ECHO_N='-n'
ECHO_T=''
EGREP='/bin/grep -E'
EXEEXT=''
FGREP='/bin/grep -F'
GREP='/bin/grep'
INSTALL_DATA='${INSTALL} -m 644'
INSTALL_PROGRAM='${INSTALL}'
INSTALL_SCRIPT='${INSTALL}'
INSTALL_STRIP_PROGRAM='$(install_sh) -c -s'
KPSEVERSION='6.0.0'
KPSE_LT_VERSINFO='6:0:0'
LD='/home/dmonad/utils/emsdk_portable/emscripten/master/emcc -m elf_x86_64'
LDFLAGS=''
LIBOBJS=''
LIBS=''
LIBTOOL='$(SHELL) $(top_builddir)/libtool'
LIPO=''
LN_S='ln -s'
LTLIBOBJS=''
LT_OBJDIR='.libs'
MAINT='#'
MAINTAINER_MODE_FALSE=''
MAINTAINER_MODE_TRUE='#'
MAKEINFO='${SHELL} /home/dmonad/git/_test2/src/pdftex-1.40.11/src/build-aux/missing --run makeinfo'
MINGW32_FALSE=''
MINGW32_TRUE='#'
MKDIR_P='/bin/mkdir -p'
NM='/home/dmonad/utils/emsdk_portable/clang/fastcomp/build_master_64/bin/llvm-nm'
NMEDIT=''
OBJDUMP='objdump'
OBJEXT='o'
OTOOL64=''
OTOOL=''
PACKAGE='kpathsea'
PACKAGE_BUGREPORT='tex-k@tug.org'
PACKAGE_NAME='Kpathsea'
PACKAGE_STRING='Kpathsea 6.0.0'
PACKAGE_TARNAME='kpathsea'
PACKAGE_URL=''
PACKAGE_VERSION='6.0.0'
PATH_SEPARATOR=':'
RANLIB='/home/dmonad/utils/emsdk_portable/emscripten/master/emranlib'
SED='/bin/sed'
SET_MAKE=''
SHELL='/bin/bash'
STRIP='strip'
VERSION='6.0.0'
WARNING_CFLAGS='-Wimplicit -Wreturn-type -Wdeclaration-after-statement -Wno-unknown-pragmas'
WIN32_FALSE=''
WIN32_TRUE='#'
ac_ct_CC='emcc'
ac_ct_DUMPBIN=''
am__EXEEXT_FALSE=''
am__EXEEXT_TRUE='#'
am__fastdepCC_FALSE='#'
am__fastdepCC_TRUE=''
am__include='include'
am__isrc=' -I$(srcdir)'
am__leading_dot='.'
am__quote=''
am__tar='${AMTAR} chof - "$$tardir"'
am__untar='${AMTAR} xf -'
bindir='${exec_prefix}/bin/x86_64-unknown-linux-gnu'
build='x86_64-unknown-linux-gnu'
build_alias=''
build_cpu='x86_64'
build_os='linux-gnu'
build_vendor='unknown'
datadir='${datarootdir}'
datarootdir='${prefix}/share'
docdir='${datarootdir}/doc/${PACKAGE_TARNAME}'
dvidir='${docdir}'
exec_prefix='${prefix}'
host='x86_64-unknown-linux-gnu'
host_alias=''
host_cpu='x86_64'
host_os='linux-gnu'
host_vendor='unknown'
htmldir='${docdir}'
includedir='${prefix}/include'
infodir='${prefix}/texmf/doc/info'
install_sh='${SHELL} /home/dmonad/git/_test2/src/pdftex-1.40.11/src/build-aux/install-sh'
libdir='${exec_prefix}/lib/x86_64-unknown-linux-gnu'
libexecdir='${exec_prefix}/libexec'
localedir='${datarootdir}/locale'
localstatedir='${prefix}/var'
lt_ECHO='echo'
mandir='${prefix}/texmf/doc/man'
mkdir_p='/bin/mkdir -p'
oldincludedir='/usr/include'
pdfdir='${docdir}'
prefix='/usr/local'
program_transform_name='s,x,x,'
psdir='${docdir}'
sbindir='${exec_prefix}/sbin'
sharedstatedir='${prefix}/com'
sysconfdir='${prefix}/etc'
target_alias=''

## ----------- ##
## confdefs.h. ##
## ----------- ##

/* confdefs.h */
#define PACKAGE_NAME "Kpathsea"
#define PACKAGE_TARNAME "kpathsea"
#define PACKAGE_VERSION "6.0.0"
#define PACKAGE_STRING "Kpathsea 6.0.0"
#define PACKAGE_BUGREPORT "tex-k@tug.org"
#define PACKAGE_URL ""
#define KPSEVERSION "kpathsea version 6.0.0"
#define STDC_HEADERS 1
#define HAVE_SYS_TYPES_H 1
#define HAVE_SYS_STAT_H 1
#define HAVE_STDLIB_H 1
#define HAVE_STRING_H 1
#define HAVE_MEMORY_H 1
#define HAVE_STRINGS_H 1
#define HAVE_INTTYPES_H 1
#define HAVE_STDINT_H 1
#define HAVE_UNISTD_H 1
#define HAVE_DLFCN_H 1
#define PACKAGE "kpathsea"
#define VERSION "6.0.0"
#define LT_OBJDIR ".libs/"
#define HAVE_FSEEKO 1
#define HAVE_DIRENT_H 1
#define STDC_HEADERS 1
#define HAVE_ASSERT_H 1
#define HAVE_FLOAT_H 1
#define HAVE_LIMITS_H 1
#define HAVE_MEMORY_H 1
#define HAVE_PWD_H 1
#define HAVE_STDLIB_H 1
#define HAVE_STRING_H 1
#define HAVE_STRINGS_H 1
#define HAVE_SYS_PARAM_H 1
#define HAVE_UNISTD_H 1
#define HAVE_PUTENV 1
#define HAVE_STRCASECMP 1
#define HAVE_STRTOL 1
#define HAVE_STRSTR 1
#define HAVE_BCMP 1
#define HAVE_BCOPY 1
#define HAVE_BZERO 1
#define HAVE_GETCWD 1
#define HAVE_GETWD 1
#define HAVE_INDEX 1
#define HAVE_MEMCMP 1
#define HAVE_MEMCPY 1
#define HAVE_MKSTEMP 1
#define HAVE_MKTEMP 1
#define HAVE_RINDEX 1
#define HAVE_STRCHR 1
#define HAVE_STRRCHR 1
#define HAVE_STRUCT_STAT_ST_MTIM 1
#define HAVE_PROGRAM_INVOCATION_NAME 1
#define MAKE_TEX_MF_BY_DEFAULT 1
#define MAKE_TEX_PK_BY_DEFAULT 1
#define MAKE_TEX_TFM_BY_DEFAULT 1
#define MAKE_OMEGA_OCP_BY_DEFAULT 1
#define MAKE_OMEGA_OFM_BY_DEFAULT 1
#define MAKE_TEX_FMT_BY_DEFAULT 1
#define MAKE_TEX_TEX_BY_DEFAULT 0
#define HAVE_DECL_PUTENV 1
#define HAVE_DECL_STRSTR 1
#define HAVE_PUTENV 1
#define HAVE_STRCASECMP 1
#define HAVE_STRTOL 1
#define HAVE_STRSTR 1

configure: exit 0
